<?xml version="1.0" encoding="UTF-8"?>
<coverage generated="1771541030518" clover="3.2.0">
  <project timestamp="1771541030518" name="All files">
    <metrics statements="1413" coveredstatements="1278" conditionals="992" coveredconditionals="678" methods="213" coveredmethods="183" elements="2618" coveredelements="2139" complexity="0" loc="1413" ncloc="1413" packages="8" files="42" classes="42"/>
    <package name="scripts.lib">
      <metrics statements="61" coveredstatements="61" conditionals="32" coveredconditionals="32" methods="9" coveredmethods="9"/>
      <file name="csv-parser.mjs" path="/Users/jose/jenarvaezg/cuentas-publicas/scripts/lib/csv-parser.mjs">
        <metrics statements="40" coveredstatements="40" conditionals="24" coveredconditionals="24" methods="5" coveredmethods="5"/>
        <line num="10" count="16" type="cond" truecount="2" falsecount="0"/>
        <line num="11" count="4" type="stmt"/>
        <line num="13" count="12" type="cond" truecount="2" falsecount="0"/>
        <line num="14" count="1" type="stmt"/>
        <line num="16" count="26" type="stmt"/>
        <line num="17" count="11" type="cond" truecount="2" falsecount="0"/>
        <line num="18" count="2" type="cond" truecount="2" falsecount="0"/>
        <line num="19" count="1" type="stmt"/>
        <line num="25" count="10" type="stmt"/>
        <line num="26" count="10" type="stmt"/>
        <line num="29" count="10" type="stmt"/>
        <line num="30" count="13" type="stmt"/>
        <line num="32" count="13" type="cond" truecount="2" falsecount="0"/>
        <line num="33" count="17" type="stmt"/>
        <line num="34" count="8" type="stmt"/>
        <line num="35" count="8" type="stmt"/>
        <line num="39" count="13" type="cond" truecount="2" falsecount="0"/>
        <line num="40" count="2" type="stmt"/>
        <line num="41" count="2" type="stmt"/>
        <line num="42" count="2" type="stmt"/>
        <line num="45" count="10" type="stmt"/>
        <line num="48" count="10" type="stmt"/>
        <line num="49" count="15" type="stmt"/>
        <line num="50" count="15" type="cond" truecount="2" falsecount="0"/>
        <line num="52" count="12" type="stmt"/>
        <line num="53" count="12" type="stmt"/>
        <line num="55" count="12" type="stmt"/>
        <line num="56" count="23" type="stmt"/>
        <line num="57" count="23" type="cond" truecount="2" falsecount="0"/>
        <line num="60" count="23" type="stmt"/>
        <line num="63" count="12" type="stmt"/>
        <line num="66" count="10" type="stmt"/>
        <line num="76" count="33" type="cond" truecount="4" falsecount="0"/>
        <line num="77" count="4" type="stmt"/>
        <line num="80" count="29" type="stmt"/>
        <line num="83" count="29" type="cond" truecount="2" falsecount="0"/>
        <line num="84" count="11" type="stmt"/>
        <line num="89" count="18" type="stmt"/>
        <line num="93" count="18" type="stmt"/>
        <line num="95" count="18" type="cond" truecount="2" falsecount="0"/>
      </file>
      <file name="regression.mjs" path="/Users/jose/jenarvaezg/cuentas-publicas/scripts/lib/regression.mjs">
        <metrics statements="21" coveredstatements="21" conditionals="8" coveredconditionals="8" methods="4" coveredmethods="4"/>
        <line num="7" count="13" type="cond" truecount="4" falsecount="0"/>
        <line num="8" count="2" type="stmt"/>
        <line num="11" count="11" type="cond" truecount="2" falsecount="0"/>
        <line num="12" count="1" type="stmt"/>
        <line num="15" count="1" type="stmt"/>
        <line num="19" count="10" type="stmt"/>
        <line num="20" count="10" type="stmt"/>
        <line num="21" count="10" type="stmt"/>
        <line num="22" count="10" type="stmt"/>
        <line num="23" count="10" type="stmt"/>
        <line num="25" count="10" type="stmt"/>
        <line num="26" count="48" type="stmt"/>
        <line num="27" count="48" type="stmt"/>
        <line num="28" count="48" type="stmt"/>
        <line num="29" count="48" type="stmt"/>
        <line num="33" count="10" type="stmt"/>
        <line num="34" count="10" type="stmt"/>
        <line num="36" count="10" type="cond" truecount="2" falsecount="0"/>
        <line num="37" count="13" type="stmt"/>
        <line num="39" count="13" type="stmt"/>
        <line num="42" count="3" type="stmt"/>
      </file>
    </package>
    <package name="scripts.sources">
      <metrics statements="947" coveredstatements="849" conditionals="545" coveredconditionals="365" methods="79" coveredmethods="67"/>
      <file name="bde.mjs" path="/Users/jose/jenarvaezg/cuentas-publicas/scripts/sources/bde.mjs">
        <metrics statements="278" coveredstatements="249" conditionals="194" coveredconditionals="120" methods="27" coveredmethods="22"/>
        <line num="4" count="1" type="stmt"/>
        <line num="5" count="1" type="stmt"/>
        <line num="12" count="1" type="stmt"/>
        <line num="14" count="1" type="stmt"/>
        <line num="16" count="1" type="stmt"/>
        <line num="23" count="1" type="cond" truecount="1" falsecount="1"/>
        <line num="24" count="1" type="cond" truecount="1" falsecount="1"/>
        <line num="25" count="1" type="cond" truecount="1" falsecount="1"/>
        <line num="28" count="1" type="stmt"/>
        <line num="30" count="1" type="cond" truecount="1" falsecount="1"/>
        <line num="31" count="1" type="cond" truecount="1" falsecount="1"/>
        <line num="32" count="1" type="stmt"/>
        <line num="34" count="1" type="stmt"/>
        <line num="36" count="0" type="stmt"/>
        <line num="37" count="0" type="stmt"/>
        <line num="46" count="1" type="stmt"/>
        <line num="47" count="1" type="stmt"/>
        <line num="49" count="1" type="stmt"/>
        <line num="51" count="1" type="stmt"/>
        <line num="52" count="1" type="stmt"/>
        <line num="53" count="1" type="stmt"/>
        <line num="55" count="1" type="stmt"/>
        <line num="58" count="1" type="stmt"/>
        <line num="60" count="1" type="stmt"/>
        <line num="63" count="1" type="cond" truecount="1" falsecount="1"/>
        <line num="64" count="1" type="stmt"/>
        <line num="65" count="1" type="stmt"/>
        <line num="66" count="1" type="stmt"/>
        <line num="69" count="1" type="stmt"/>
        <line num="70" count="1" type="stmt"/>
        <line num="71" count="1" type="stmt"/>
        <line num="72" count="2" type="stmt"/>
        <line num="76" count="1" type="cond" truecount="1" falsecount="1"/>
        <line num="77" count="1" type="stmt"/>
        <line num="78" count="1" type="cond" truecount="1" falsecount="1"/>
        <line num="79" count="1" type="stmt"/>
        <line num="81" count="1" type="cond" truecount="1" falsecount="1"/>
        <line num="82" count="1" type="stmt"/>
        <line num="84" count="1" type="cond" truecount="1" falsecount="1"/>
        <line num="85" count="1" type="stmt"/>
        <line num="87" count="1" type="cond" truecount="1" falsecount="1"/>
        <line num="88" count="1" type="stmt"/>
        <line num="93" count="1" type="stmt"/>
        <line num="100" count="1" type="stmt"/>
        <line num="101" count="1" type="stmt"/>
        <line num="103" count="1" type="stmt"/>
        <line num="105" count="1" type="stmt"/>
        <line num="108" count="1" type="stmt"/>
        <line num="110" count="1" type="stmt"/>
        <line num="112" count="1" type="stmt"/>
        <line num="119" count="1" type="stmt"/>
        <line num="120" count="1" type="stmt"/>
        <line num="122" count="1" type="stmt"/>
        <line num="124" count="1" type="stmt"/>
        <line num="125" count="1" type="stmt"/>
        <line num="128" count="1" type="stmt"/>
        <line num="139" count="3" type="stmt"/>
        <line num="145" count="3" type="cond" truecount="1" falsecount="1"/>
        <line num="147" count="24" type="stmt"/>
        <line num="148" count="3" type="cond" truecount="1" falsecount="1"/>
        <line num="151" count="3" type="stmt"/>
        <line num="152" count="3" type="stmt"/>
        <line num="153" count="3" type="stmt"/>
        <line num="156" count="3" type="stmt"/>
        <line num="157" count="3" type="stmt"/>
        <line num="158" count="3" type="stmt"/>
        <line num="159" count="3" type="stmt"/>
        <line num="160" count="3" type="stmt"/>
        <line num="161" count="3" type="stmt"/>
        <line num="163" count="3" type="stmt"/>
        <line num="164" count="3" type="stmt"/>
        <line num="165" count="18" type="stmt"/>
        <line num="166" count="18" type="stmt"/>
        <line num="168" count="18" type="cond" truecount="6" falsecount="0"/>
        <line num="169" count="3" type="stmt"/>
        <line num="170" count="3" type="stmt"/>
        <line num="171" count="15" type="cond" truecount="5" falsecount="0"/>
        <line num="172" count="3" type="stmt"/>
        <line num="173" count="3" type="stmt"/>
        <line num="174" count="12" type="cond" truecount="4" falsecount="0"/>
        <line num="175" count="3" type="stmt"/>
        <line num="176" count="3" type="stmt"/>
        <line num="177" count="9" type="cond" truecount="4" falsecount="0"/>
        <line num="178" count="3" type="stmt"/>
        <line num="179" count="3" type="stmt"/>
        <line num="180" count="6" type="cond" truecount="4" falsecount="0"/>
        <line num="181" count="3" type="stmt"/>
        <line num="182" count="3" type="stmt"/>
        <line num="183" count="3" type="cond" truecount="3" falsecount="1"/>
        <line num="184" count="3" type="stmt"/>
        <line num="185" count="3" type="stmt"/>
        <line num="189" count="18" type="cond" truecount="2" falsecount="2"/>
        <line num="190" count="18" type="cond" truecount="1" falsecount="1"/>
        <line num="194" count="3" type="stmt"/>
        <line num="197" count="3" type="stmt"/>
        <line num="198" count="6" type="stmt"/>
        <line num="199" count="6" type="cond" truecount="1" falsecount="1"/>
        <line num="201" count="6" type="stmt"/>
        <line num="202" count="6" type="stmt"/>
        <line num="203" count="6" type="cond" truecount="1" falsecount="1"/>
        <line num="205" count="6" type="stmt"/>
        <line num="208" count="6" type="cond" truecount="1" falsecount="1"/>
        <line num="209" count="6" type="stmt"/>
        <line num="210" count="6" type="cond" truecount="1" falsecount="1"/>
        <line num="211" count="6" type="stmt"/>
        <line num="219" count="6" type="cond" truecount="1" falsecount="1"/>
        <line num="220" count="6" type="stmt"/>
        <line num="221" count="6" type="cond" truecount="1" falsecount="1"/>
        <line num="223" count="6" type="cond" truecount="1" falsecount="1"/>
        <line num="224" count="6" type="stmt"/>
        <line num="225" count="6" type="cond" truecount="1" falsecount="1"/>
        <line num="227" count="6" type="cond" truecount="1" falsecount="1"/>
        <line num="228" count="6" type="stmt"/>
        <line num="229" count="6" type="cond" truecount="1" falsecount="1"/>
        <line num="231" count="6" type="cond" truecount="1" falsecount="1"/>
        <line num="232" count="6" type="stmt"/>
        <line num="233" count="6" type="cond" truecount="1" falsecount="1"/>
        <line num="237" count="6" type="cond" truecount="3" falsecount="1"/>
        <line num="238" count="6" type="stmt"/>
        <line num="239" count="6" type="stmt"/>
        <line num="240" count="6" type="cond" truecount="3" falsecount="1"/>
        <line num="241" count="6" type="stmt"/>
        <line num="249" count="3" type="stmt"/>
        <line num="256" count="22" type="cond" truecount="1" falsecount="1"/>
        <line num="258" count="119" type="stmt"/>
        <line num="265" count="11" type="stmt"/>
        <line num="270" count="11" type="stmt"/>
        <line num="271" count="11" type="cond" truecount="1" falsecount="1"/>
        <line num="273" count="11" type="stmt"/>
        <line num="274" count="11" type="stmt"/>
        <line num="276" count="11" type="cond" truecount="3" falsecount="1"/>
        <line num="278" count="11" type="stmt"/>
        <line num="285" count="43" type="cond" truecount="3" falsecount="1"/>
        <line num="287" count="43" type="stmt"/>
        <line num="288" count="43" type="stmt"/>
        <line num="290" count="43" type="cond" truecount="1" falsecount="1"/>
        <line num="298" count="2" type="stmt"/>
        <line num="299" count="2" type="stmt"/>
        <line num="300" count="2" type="stmt"/>
        <line num="303" count="2" type="cond" truecount="3" falsecount="1"/>
        <line num="304" count="2" type="stmt"/>
        <line num="306" count="2" type="stmt"/>
        <line num="307" count="2" type="stmt"/>
        <line num="308" count="2" type="cond" truecount="2" falsecount="0"/>
        <line num="310" count="2" type="cond" truecount="3" falsecount="1"/>
        <line num="311" count="2" type="stmt"/>
        <line num="314" count="2" type="stmt"/>
        <line num="315" count="2" type="cond" truecount="3" falsecount="1"/>
        <line num="316" count="2" type="stmt"/>
        <line num="317" count="2" type="cond" truecount="2" falsecount="0"/>
        <line num="318" count="2" type="stmt"/>
        <line num="320" count="2" type="stmt"/>
        <line num="324" count="0" type="cond" truecount="0" falsecount="4"/>
        <line num="325" count="0" type="stmt"/>
        <line num="328" count="0" type="stmt"/>
        <line num="329" count="0" type="stmt"/>
        <line num="331" count="0" type="stmt"/>
        <line num="332" count="0" type="stmt"/>
        <line num="340" count="1" type="stmt"/>
        <line num="343" count="1" type="stmt"/>
        <line num="345" count="1" type="cond" truecount="1" falsecount="1"/>
        <line num="346" count="1" type="stmt"/>
        <line num="348" count="1" type="cond" truecount="1" falsecount="1"/>
        <line num="349" count="1" type="stmt"/>
        <line num="353" count="4" type="stmt"/>
        <line num="354" count="1" type="stmt"/>
        <line num="355" count="1" type="stmt"/>
        <line num="356" count="4" type="stmt"/>
        <line num="359" count="1" type="stmt"/>
        <line num="360" count="2" type="stmt"/>
        <line num="361" count="2" type="stmt"/>
        <line num="364" count="1" type="stmt"/>
        <line num="365" count="1" type="stmt"/>
        <line num="366" count="1" type="cond" truecount="1" falsecount="1"/>
        <line num="367" count="1" type="stmt"/>
        <line num="368" count="1" type="stmt"/>
        <line num="369" count="0" type="cond" truecount="0" falsecount="2"/>
        <line num="370" count="0" type="stmt"/>
        <line num="371" count="0" type="stmt"/>
        <line num="375" count="1" type="cond" truecount="1" falsecount="2"/>
        <line num="378" count="1" type="stmt"/>
        <line num="379" count="1" type="cond" truecount="1" falsecount="1"/>
        <line num="380" count="0" type="stmt"/>
        <line num="381" count="0" type="stmt"/>
        <line num="382" count="0" type="stmt"/>
        <line num="386" count="1" type="stmt"/>
        <line num="387" count="1" type="cond" truecount="1" falsecount="1"/>
        <line num="388" count="1" type="cond" truecount="1" falsecount="1"/>
        <line num="389" count="1" type="stmt"/>
        <line num="393" count="1" type="stmt"/>
        <line num="394" count="1" type="stmt"/>
        <line num="397" count="2" type="stmt"/>
        <line num="402" count="1" type="stmt"/>
        <line num="403" count="1" type="cond" truecount="1" falsecount="1"/>
        <line num="407" count="1" type="stmt"/>
        <line num="410" count="1" type="cond" truecount="1" falsecount="1"/>
        <line num="411" count="1" type="stmt"/>
        <line num="412" count="1" type="stmt"/>
        <line num="413" count="1" type="cond" truecount="2" falsecount="0"/>
        <line num="414" count="1" type="stmt"/>
        <line num="416" count="1" type="cond" truecount="1" falsecount="1"/>
        <line num="417" count="0" type="cond" truecount="0" falsecount="2"/>
        <line num="418" count="0" type="stmt"/>
        <line num="423" count="1" type="cond" truecount="1" falsecount="1"/>
        <line num="424" count="1" type="stmt"/>
        <line num="458" count="1" type="stmt"/>
        <line num="482" count="0" type="stmt"/>
        <line num="485" count="0" type="stmt"/>
        <line num="487" count="0" type="stmt"/>
        <line num="508" count="0" type="stmt"/>
        <line num="510" count="0" type="stmt"/>
        <line num="551" count="1" type="stmt"/>
        <line num="553" count="1" type="stmt"/>
        <line num="577" count="1" type="stmt"/>
        <line num="578" count="1" type="stmt"/>
        <line num="579" count="1" type="stmt"/>
        <line num="592" count="16" type="stmt"/>
        <line num="594" count="2" type="cond" truecount="1" falsecount="1"/>
        <line num="595" count="0" type="stmt"/>
        <line num="599" count="2" type="stmt"/>
        <line num="602" count="2" type="stmt"/>
        <line num="603" count="2" type="stmt"/>
        <line num="604" count="2" type="stmt"/>
        <line num="605" count="2" type="stmt"/>
        <line num="606" count="2" type="cond" truecount="1" falsecount="1"/>
        <line num="607" count="2" type="stmt"/>
        <line num="608" count="2" type="stmt"/>
        <line num="613" count="2" type="stmt"/>
        <line num="614" count="2" type="stmt"/>
        <line num="616" count="2" type="stmt"/>
        <line num="617" count="4" type="stmt"/>
        <line num="618" count="4" type="cond" truecount="3" falsecount="1"/>
        <line num="620" count="4" type="stmt"/>
        <line num="621" count="4" type="cond" truecount="1" falsecount="1"/>
        <line num="623" count="4" type="stmt"/>
        <line num="624" count="4" type="stmt"/>
        <line num="625" count="4" type="stmt"/>
        <line num="626" count="4" type="cond" truecount="4" falsecount="1"/>
        <line num="628" count="4" type="stmt"/>
        <line num="629" count="4" type="cond" truecount="3" falsecount="1"/>
        <line num="630" count="4" type="stmt"/>
        <line num="631" count="4" type="stmt"/>
        <line num="635" count="4" type="cond" truecount="1" falsecount="1"/>
        <line num="636" count="4" type="stmt"/>
        <line num="640" count="2" type="stmt"/>
        <line num="647" count="0" type="stmt"/>
        <line num="649" count="0" type="stmt"/>
        <line num="694" count="1" type="stmt"/>
        <line num="696" count="1" type="stmt"/>
        <line num="697" count="1" type="stmt"/>
        <line num="698" count="1" type="stmt"/>
        <line num="700" count="1" type="stmt"/>
        <line num="701" count="1" type="stmt"/>
        <line num="703" count="1" type="stmt"/>
        <line num="708" count="1" type="cond" truecount="1" falsecount="1"/>
        <line num="709" count="0" type="stmt"/>
        <line num="711" count="1" type="cond" truecount="1" falsecount="1"/>
        <line num="712" count="0" type="stmt"/>
        <line num="715" count="1" type="stmt"/>
        <line num="716" count="1" type="stmt"/>
        <line num="718" count="1" type="stmt"/>
        <line num="719" count="1" type="stmt"/>
        <line num="722" count="1" type="cond" truecount="1" falsecount="2"/>
        <line num="723" count="1" type="stmt"/>
        <line num="724" count="1" type="stmt"/>
        <line num="727" count="1" type="stmt"/>
        <line num="728" count="17" type="stmt"/>
        <line num="729" count="17" type="cond" truecount="2" falsecount="0"/>
        <line num="730" count="17" type="cond" truecount="2" falsecount="0"/>
        <line num="731" count="17" type="stmt"/>
        <line num="735" count="1" type="cond" truecount="1" falsecount="1"/>
        <line num="737" count="0" type="stmt"/>
        <line num="738" count="1" type="cond" truecount="1" falsecount="1"/>
        <line num="740" count="1" type="stmt"/>
        <line num="741" count="1" type="stmt"/>
        <line num="743" count="1" type="stmt"/>
        <line num="764" count="0" type="stmt"/>
        <line num="765" count="0" type="stmt"/>
      </file>
      <file name="eurostat.mjs" path="/Users/jose/jenarvaezg/cuentas-publicas/scripts/sources/eurostat.mjs">
        <metrics statements="179" coveredstatements="147" conditionals="90" coveredconditionals="53" methods="20" coveredmethods="15"/>
        <line num="3" count="1" type="stmt"/>
        <line num="6" count="1" type="stmt"/>
        <line num="9" count="1" type="stmt"/>
        <line num="24" count="1" type="stmt"/>
        <line num="62" count="2" type="stmt"/>
        <line num="64" count="2" type="stmt"/>
        <line num="65" count="2" type="stmt"/>
        <line num="68" count="2" type="stmt"/>
        <line num="69" count="5" type="stmt"/>
        <line num="72" count="1" type="stmt"/>
        <line num="73" count="1" type="stmt"/>
        <line num="75" count="1" type="stmt"/>
        <line num="76" count="5" type="stmt"/>
        <line num="77" count="5" type="stmt"/>
        <line num="79" count="5" type="cond" truecount="3" falsecount="1"/>
        <line num="80" count="5" type="stmt"/>
        <line num="81" count="5" type="cond" truecount="2" falsecount="0"/>
        <line num="82" count="1" type="stmt"/>
        <line num="84" count="5" type="stmt"/>
        <line num="86" count="0" type="cond" truecount="0" falsecount="2"/>
        <line num="87" count="0" type="stmt"/>
        <line num="88" count="0" type="cond" truecount="0" falsecount="2"/>
        <line num="92" count="1" type="cond" truecount="2" falsecount="0"/>
        <line num="94" count="1" type="cond" truecount="1" falsecount="1"/>
        <line num="95" count="0" type="stmt"/>
        <line num="98" count="1" type="stmt"/>
        <line num="105" count="5" type="stmt"/>
        <line num="118" count="2" type="stmt"/>
        <line num="119" count="2" type="stmt"/>
        <line num="120" count="2" type="stmt"/>
        <line num="122" count="2" type="stmt"/>
        <line num="124" count="1" type="stmt"/>
        <line num="125" count="1" type="stmt"/>
        <line num="136" count="5" type="stmt"/>
        <line num="139" count="5" type="stmt"/>
        <line num="142" count="5" type="stmt"/>
        <line num="143" count="21" type="stmt"/>
        <line num="147" count="5" type="stmt"/>
        <line num="148" count="40" type="stmt"/>
        <line num="152" count="5" type="stmt"/>
        <line num="153" count="5" type="stmt"/>
        <line num="154" count="5" type="stmt"/>
        <line num="156" count="5" type="stmt"/>
        <line num="158" count="5" type="stmt"/>
        <line num="159" count="5" type="stmt"/>
        <line num="161" count="5" type="stmt"/>
        <line num="173" count="8" type="stmt"/>
        <line num="174" count="8" type="stmt"/>
        <line num="175" count="8" type="stmt"/>
        <line num="177" count="8" type="cond" truecount="5" falsecount="0"/>
        <line num="178" count="1" type="stmt"/>
        <line num="182" count="7" type="stmt"/>
        <line num="183" count="7" type="stmt"/>
        <line num="185" count="7" type="cond" truecount="4" falsecount="0"/>
        <line num="186" count="1" type="stmt"/>
        <line num="189" count="6" type="stmt"/>
        <line num="190" count="6" type="stmt"/>
        <line num="193" count="6" type="stmt"/>
        <line num="195" count="6" type="stmt"/>
        <line num="196" count="0" type="stmt"/>
        <line num="199" count="6" type="stmt"/>
        <line num="200" count="6" type="stmt"/>
        <line num="202" count="6" type="stmt"/>
        <line num="203" count="41" type="stmt"/>
        <line num="204" count="41" type="cond" truecount="2" falsecount="0"/>
        <line num="206" count="40" type="stmt"/>
        <line num="207" count="40" type="stmt"/>
        <line num="208" count="40" type="cond" truecount="1" falsecount="1"/>
        <line num="211" count="40" type="stmt"/>
        <line num="212" count="40" type="stmt"/>
        <line num="213" count="40" type="stmt"/>
        <line num="215" count="40" type="stmt"/>
        <line num="216" count="40" type="stmt"/>
        <line num="217" count="40" type="stmt"/>
        <line num="218" count="80" type="stmt"/>
        <line num="219" count="80" type="stmt"/>
        <line num="222" count="40" type="cond" truecount="1" falsecount="1"/>
        <line num="223" count="40" type="cond" truecount="3" falsecount="1"/>
        <line num="224" count="40" type="stmt"/>
        <line num="225" count="40" type="cond" truecount="2" falsecount="0"/>
        <line num="226" count="40" type="stmt"/>
        <line num="231" count="6" type="cond" truecount="2" falsecount="0"/>
        <line num="232" count="1" type="stmt"/>
        <line num="235" count="5" type="stmt"/>
        <line num="241" count="1" type="stmt"/>
        <line num="254" count="1" type="stmt"/>
        <line num="293" count="1" type="stmt"/>
        <line num="315" count="4" type="stmt"/>
        <line num="316" count="4" type="stmt"/>
        <line num="317" count="4" type="stmt"/>
        <line num="319" count="4" type="cond" truecount="5" falsecount="0"/>
        <line num="320" count="1" type="stmt"/>
        <line num="323" count="3" type="stmt"/>
        <line num="324" count="3" type="stmt"/>
        <line num="326" count="3" type="cond" truecount="4" falsecount="0"/>
        <line num="327" count="1" type="stmt"/>
        <line num="330" count="2" type="stmt"/>
        <line num="331" count="2" type="stmt"/>
        <line num="333" count="2" type="stmt"/>
        <line num="334" count="2" type="cond" truecount="2" falsecount="0"/>
        <line num="335" count="1" type="stmt"/>
        <line num="338" count="1" type="stmt"/>
        <line num="339" count="1" type="stmt"/>
        <line num="341" count="1" type="stmt"/>
        <line num="342" count="1" type="stmt"/>
        <line num="343" count="1" type="cond" truecount="1" falsecount="1"/>
        <line num="345" count="1" type="stmt"/>
        <line num="346" count="1" type="stmt"/>
        <line num="347" count="1" type="stmt"/>
        <line num="349" count="1" type="stmt"/>
        <line num="350" count="1" type="stmt"/>
        <line num="351" count="1" type="stmt"/>
        <line num="352" count="2" type="stmt"/>
        <line num="353" count="2" type="stmt"/>
        <line num="356" count="1" type="cond" truecount="2" falsecount="0"/>
        <line num="357" count="1" type="cond" truecount="3" falsecount="1"/>
        <line num="358" count="0" type="stmt"/>
        <line num="359" count="0" type="stmt"/>
        <line num="363" count="1" type="stmt"/>
        <line num="365" count="1" type="cond" truecount="1" falsecount="1"/>
        <line num="366" count="1" type="stmt"/>
        <line num="369" count="0" type="stmt"/>
        <line num="379" count="6" type="stmt"/>
        <line num="381" count="6" type="stmt"/>
        <line num="383" count="6" type="stmt"/>
        <line num="384" count="24" type="stmt"/>
        <line num="387" count="6" type="stmt"/>
        <line num="388" count="6" type="stmt"/>
        <line num="390" count="6" type="stmt"/>
        <line num="392" count="6" type="stmt"/>
        <line num="393" count="6" type="stmt"/>
        <line num="395" count="0" type="stmt"/>
        <line num="403" count="1" type="stmt"/>
        <line num="405" count="1" type="stmt"/>
        <line num="406" count="1" type="stmt"/>
        <line num="408" count="1" type="stmt"/>
        <line num="409" count="6" type="stmt"/>
        <line num="413" count="1" type="stmt"/>
        <line num="414" count="1" type="stmt"/>
        <line num="416" count="1" type="stmt"/>
        <line num="417" count="6" type="stmt"/>
        <line num="418" count="6" type="stmt"/>
        <line num="420" count="6" type="cond" truecount="2" falsecount="2"/>
        <line num="421" count="0" type="stmt"/>
        <line num="422" count="0" type="stmt"/>
        <line num="423" count="0" type="stmt"/>
        <line num="425" count="0" type="stmt"/>
        <line num="427" count="6" type="cond" truecount="1" falsecount="1"/>
        <line num="428" count="6" type="stmt"/>
        <line num="429" count="6" type="stmt"/>
        <line num="433" count="1" type="stmt"/>
        <line num="435" count="1" type="cond" truecount="1" falsecount="1"/>
        <line num="436" count="1" type="stmt"/>
        <line num="437" count="1" type="stmt"/>
        <line num="440" count="0" type="stmt"/>
        <line num="443" count="0" type="stmt"/>
        <line num="444" count="0" type="stmt"/>
        <line num="445" count="0" type="stmt"/>
        <line num="446" count="0" type="stmt"/>
        <line num="447" count="0" type="stmt"/>
        <line num="450" count="0" type="cond" truecount="0" falsecount="4"/>
        <line num="452" count="0" type="cond" truecount="0" falsecount="2"/>
        <line num="453" count="0" type="cond" truecount="0" falsecount="2"/>
        <line num="454" count="0" type="cond" truecount="0" falsecount="2"/>
        <line num="455" count="0" type="cond" truecount="0" falsecount="2"/>
        <line num="459" count="0" type="stmt"/>
        <line num="470" count="0" type="stmt"/>
        <line num="472" count="0" type="stmt"/>
        <line num="478" count="0" type="stmt"/>
        <line num="491" count="0" type="stmt"/>
        <line num="493" count="0" type="stmt"/>
        <line num="495" count="0" type="stmt"/>
        <line num="496" count="0" type="stmt"/>
        <line num="504" count="1" type="stmt"/>
        <line num="506" count="1" type="stmt"/>
        <line num="512" count="6" type="stmt"/>
        <line num="529" count="1" type="stmt"/>
        <line num="531" count="1" type="stmt"/>
        <line num="538" count="5" type="stmt"/>
      </file>
      <file name="igae.mjs" path="/Users/jose/jenarvaezg/cuentas-publicas/scripts/sources/igae.mjs">
        <metrics statements="146" coveredstatements="139" conditionals="87" coveredconditionals="66" methods="9" coveredmethods="9"/>
        <line num="4" count="1" type="stmt"/>
        <line num="9" count="1" type="stmt"/>
        <line num="25" count="1" type="stmt"/>
        <line num="102" count="1" type="stmt"/>
        <line num="110" count="1" type="stmt"/>
        <line num="123" count="1" type="stmt"/>
        <line num="131" count="7" type="stmt"/>
        <line num="132" count="7" type="stmt"/>
        <line num="133" count="7" type="stmt"/>
        <line num="134" count="7" type="stmt"/>
        <line num="135" count="7" type="stmt"/>
        <line num="137" count="7" type="stmt"/>
        <line num="139" count="7" type="stmt"/>
        <line num="140" count="7" type="stmt"/>
        <line num="142" count="1" type="stmt"/>
        <line num="145" count="7" type="cond" truecount="2" falsecount="0"/>
        <line num="146" count="6" type="stmt"/>
        <line num="147" count="6" type="stmt"/>
        <line num="148" count="6" type="stmt"/>
        <line num="150" count="1" type="stmt"/>
        <line num="151" count="1" type="stmt"/>
        <line num="152" count="1" type="stmt"/>
        <line num="155" count="7" type="stmt"/>
        <line num="163" count="7" type="stmt"/>
        <line num="165" count="7" type="stmt"/>
        <line num="171" count="6" type="stmt"/>
        <line num="172" count="6" type="stmt"/>
        <line num="175" count="6" type="stmt"/>
        <line num="176" count="6" type="stmt"/>
        <line num="178" count="6" type="stmt"/>
        <line num="179" count="6" type="stmt"/>
        <line num="182" count="12" type="stmt"/>
        <line num="183" count="6" type="stmt"/>
        <line num="186" count="6" type="stmt"/>
        <line num="187" count="6" type="stmt"/>
        <line num="189" count="6" type="stmt"/>
        <line num="190" count="6" type="stmt"/>
        <line num="192" count="6" type="stmt"/>
        <line num="193" count="7" type="stmt"/>
        <line num="194" count="7" type="stmt"/>
        <line num="196" count="7" type="cond" truecount="2" falsecount="0"/>
        <line num="197" count="5" type="stmt"/>
        <line num="198" count="5" type="stmt"/>
        <line num="203" count="6" type="stmt"/>
        <line num="204" count="6" type="cond" truecount="4" falsecount="0"/>
        <line num="205" count="1" type="stmt"/>
        <line num="206" count="1" type="stmt"/>
        <line num="207" count="1" type="cond" truecount="1" falsecount="1"/>
        <line num="208" count="1" type="stmt"/>
        <line num="209" count="1" type="stmt"/>
        <line num="213" count="6" type="stmt"/>
        <line num="215" count="6" type="stmt"/>
        <line num="218" count="6" type="stmt"/>
        <line num="219" count="6" type="stmt"/>
        <line num="220" count="6" type="cond" truecount="2" falsecount="0"/>
        <line num="221" count="4" type="stmt"/>
        <line num="222" count="4" type="stmt"/>
        <line num="223" count="4" type="stmt"/>
        <line num="224" count="4" type="stmt"/>
        <line num="225" count="40" type="stmt"/>
        <line num="229" count="6" type="stmt"/>
        <line num="236" count="8" type="stmt"/>
        <line num="237" count="8" type="cond" truecount="2" falsecount="0"/>
        <line num="240" count="7" type="stmt"/>
        <line num="241" count="7" type="stmt"/>
        <line num="243" count="7" type="cond" truecount="2" falsecount="0"/>
        <line num="244" count="2" type="stmt"/>
        <line num="245" count="2" type="stmt"/>
        <line num="252" count="5" type="stmt"/>
        <line num="253" count="5" type="stmt"/>
        <line num="254" count="50" type="cond" truecount="1" falsecount="1"/>
        <line num="256" count="5" type="cond" truecount="1" falsecount="1"/>
        <line num="257" count="0" type="stmt"/>
        <line num="262" count="7" type="stmt"/>
        <line num="263" count="7" type="cond" truecount="6" falsecount="0"/>
        <line num="265" count="1" type="stmt"/>
        <line num="266" count="10" type="cond" truecount="4" falsecount="0"/>
        <line num="267" count="1" type="stmt"/>
        <line num="270" count="0" type="stmt"/>
        <line num="273" count="6" type="stmt"/>
        <line num="280" count="7" type="cond" truecount="1" falsecount="1"/>
        <line num="282" count="7" type="stmt"/>
        <line num="283" count="7" type="stmt"/>
        <line num="284" count="415" type="cond" truecount="2" falsecount="0"/>
        <line num="285" count="415" type="stmt"/>
        <line num="286" count="415" type="cond" truecount="2" falsecount="0"/>
        <line num="287" count="346" type="stmt"/>
        <line num="288" count="346" type="cond" truecount="2" falsecount="0"/>
        <line num="289" count="51" type="stmt"/>
        <line num="291" count="346" type="stmt"/>
        <line num="295" count="7" type="stmt"/>
        <line num="296" count="7" type="cond" truecount="2" falsecount="0"/>
        <line num="298" count="5" type="stmt"/>
        <line num="299" count="5" type="stmt"/>
        <line num="301" count="5" type="stmt"/>
        <line num="302" count="50" type="stmt"/>
        <line num="303" count="50" type="stmt"/>
        <line num="304" count="50" type="stmt"/>
        <line num="307" count="50" type="stmt"/>
        <line num="308" count="50" type="stmt"/>
        <line num="311" count="5" type="stmt"/>
        <line num="312" count="5" type="stmt"/>
        <line num="314" count="5" type="stmt"/>
        <line num="321" count="7" type="stmt"/>
        <line num="322" count="7" type="stmt"/>
        <line num="323" count="7" type="cond" truecount="4" falsecount="0"/>
        <line num="325" count="6" type="stmt"/>
        <line num="326" count="6" type="stmt"/>
        <line num="328" count="6" type="stmt"/>
        <line num="329" count="6" type="stmt"/>
        <line num="330" count="60" type="stmt"/>
        <line num="331" count="60" type="stmt"/>
        <line num="332" count="60" type="stmt"/>
        <line num="333" count="60" type="cond" truecount="1" falsecount="1"/>
        <line num="336" count="60" type="stmt"/>
        <line num="337" count="60" type="stmt"/>
        <line num="339" count="60" type="stmt"/>
        <line num="340" count="414" type="stmt"/>
        <line num="341" count="414" type="cond" truecount="1" falsecount="1"/>
        <line num="344" count="0" type="cond" truecount="0" falsecount="4"/>
        <line num="345" count="414" type="cond" truecount="2" falsecount="2"/>
        <line num="347" count="0" type="cond" truecount="0" falsecount="2"/>
        <line num="349" count="414" type="stmt"/>
        <line num="357" count="60" type="stmt"/>
        <line num="367" count="6" type="stmt"/>
        <line num="368" count="6" type="stmt"/>
        <line num="369" count="6" type="cond" truecount="2" falsecount="0"/>
        <line num="370" count="1" type="stmt"/>
        <line num="373" count="6" type="stmt"/>
        <line num="383" count="481" type="cond" truecount="5" falsecount="0"/>
        <line num="384" count="480" type="cond" truecount="1" falsecount="1"/>
        <line num="385" count="0" type="stmt"/>
        <line num="386" count="0" type="stmt"/>
        <line num="387" count="0" type="cond" truecount="0" falsecount="2"/>
        <line num="394" count="1" type="stmt"/>
        <line num="420" count="7" type="stmt"/>
        <line num="422" count="7" type="cond" truecount="2" falsecount="0"/>
        <line num="423" count="7" type="cond" truecount="2" falsecount="0"/>
        <line num="424" count="7" type="stmt"/>
        <line num="426" count="7" type="stmt"/>
        <line num="428" count="7" type="stmt"/>
        <line num="442" count="7" type="stmt"/>
        <line num="450" count="7" type="stmt"/>
        <line num="451" count="7" type="stmt"/>
        <line num="452" count="7" type="cond" truecount="2" falsecount="0"/>
        <line num="454" count="7" type="stmt"/>
      </file>
      <file name="ine.mjs" path="/Users/jose/jenarvaezg/cuentas-publicas/scripts/sources/ine.mjs">
        <metrics statements="186" coveredstatements="172" conditionals="77" coveredconditionals="50" methods="17" coveredmethods="16"/>
        <line num="3" count="1" type="stmt"/>
        <line num="12" count="3" type="stmt"/>
        <line num="13" count="3" type="stmt"/>
        <line num="14" count="3" type="stmt"/>
        <line num="15" count="3" type="stmt"/>
        <line num="17" count="3" type="stmt"/>
        <line num="19" count="3" type="stmt"/>
        <line num="28" count="3" type="cond" truecount="1" falsecount="1"/>
        <line num="29" count="3" type="cond" truecount="1" falsecount="1"/>
        <line num="30" count="3" type="cond" truecount="1" falsecount="1"/>
        <line num="31" count="3" type="cond" truecount="1" falsecount="1"/>
        <line num="32" count="3" type="cond" truecount="1" falsecount="1"/>
        <line num="34" count="3" type="stmt"/>
        <line num="57" count="3" type="stmt"/>
        <line num="58" count="3" type="stmt"/>
        <line num="59" count="3" type="stmt"/>
        <line num="60" count="3" type="stmt"/>
        <line num="61" count="3" type="stmt"/>
        <line num="62" count="3" type="stmt"/>
        <line num="63" count="3" type="stmt"/>
        <line num="64" count="3" type="stmt"/>
        <line num="66" count="3" type="stmt"/>
        <line num="68" count="0" type="stmt"/>
        <line num="69" count="0" type="stmt"/>
        <line num="85" count="18" type="stmt"/>
        <line num="86" count="18" type="stmt"/>
        <line num="88" count="18" type="stmt"/>
        <line num="92" count="12" type="stmt"/>
        <line num="95" count="11" type="cond" truecount="1" falsecount="2"/>
        <line num="96" count="18" type="cond" truecount="3" falsecount="0"/>
        <line num="98" count="18" type="stmt"/>
        <line num="99" count="18" type="stmt"/>
        <line num="101" count="18" type="cond" truecount="2" falsecount="0"/>
        <line num="102" count="5" type="stmt"/>
        <line num="105" count="6" type="stmt"/>
        <line num="112" count="16" type="cond" truecount="1" falsecount="1"/>
        <line num="114" count="16" type="cond" truecount="1" falsecount="1"/>
        <line num="115" count="16" type="stmt"/>
        <line num="123" count="3" type="stmt"/>
        <line num="124" count="3" type="stmt"/>
        <line num="126" count="3" type="stmt"/>
        <line num="127" count="3" type="stmt"/>
        <line num="130" count="1" type="stmt"/>
        <line num="131" count="1" type="stmt"/>
        <line num="132" count="1" type="stmt"/>
        <line num="133" count="1" type="cond" truecount="1" falsecount="1"/>
        <line num="137" count="1" type="stmt"/>
        <line num="138" count="1" type="stmt"/>
        <line num="139" count="1" type="stmt"/>
        <line num="142" count="1" type="cond" truecount="3" falsecount="1"/>
        <line num="143" count="0" type="stmt"/>
        <line num="146" count="1" type="stmt"/>
        <line num="148" count="1" type="stmt"/>
        <line num="158" count="2" type="stmt"/>
        <line num="159" count="2" type="stmt"/>
        <line num="160" count="2" type="stmt"/>
        <line num="165" count="2" type="stmt"/>
        <line num="181" count="3" type="stmt"/>
        <line num="182" count="3" type="stmt"/>
        <line num="183" count="3" type="stmt"/>
        <line num="185" count="3" type="stmt"/>
        <line num="186" count="3" type="stmt"/>
        <line num="189" count="1" type="stmt"/>
        <line num="190" count="1" type="stmt"/>
        <line num="191" count="1" type="stmt"/>
        <line num="192" count="1" type="cond" truecount="2" falsecount="2"/>
        <line num="196" count="1" type="stmt"/>
        <line num="198" count="1" type="stmt"/>
        <line num="199" count="1" type="stmt"/>
        <line num="200" count="1" type="stmt"/>
        <line num="203" count="1" type="cond" truecount="3" falsecount="1"/>
        <line num="204" count="0" type="stmt"/>
        <line num="207" count="1" type="stmt"/>
        <line num="209" count="1" type="stmt"/>
        <line num="219" count="2" type="stmt"/>
        <line num="220" count="2" type="stmt"/>
        <line num="221" count="2" type="stmt"/>
        <line num="226" count="2" type="stmt"/>
        <line num="242" count="3" type="stmt"/>
        <line num="243" count="3" type="stmt"/>
        <line num="244" count="3" type="stmt"/>
        <line num="245" count="3" type="stmt"/>
        <line num="247" count="3" type="stmt"/>
        <line num="249" count="3" type="stmt"/>
        <line num="252" count="1" type="stmt"/>
        <line num="253" count="1" type="stmt"/>
        <line num="254" count="8" type="stmt"/>
        <line num="255" count="8" type="stmt"/>
        <line num="256" count="8" type="cond" truecount="1" falsecount="1"/>
        <line num="257" count="8" type="cond" truecount="1" falsecount="1"/>
        <line num="258" count="8" type="stmt"/>
        <line num="262" count="1" type="stmt"/>
        <line num="263" count="1" type="cond" truecount="1" falsecount="1"/>
        <line num="264" count="0" type="stmt"/>
        <line num="268" count="4" type="cond" truecount="1" falsecount="1"/>
        <line num="270" count="1" type="stmt"/>
        <line num="272" count="1" type="stmt"/>
        <line num="273" count="1" type="stmt"/>
        <line num="274" count="1" type="stmt"/>
        <line num="276" count="1" type="stmt"/>
        <line num="277" count="1" type="stmt"/>
        <line num="280" count="1" type="cond" truecount="3" falsecount="1"/>
        <line num="281" count="0" type="stmt"/>
        <line num="284" count="1" type="stmt"/>
        <line num="286" count="1" type="stmt"/>
        <line num="297" count="2" type="stmt"/>
        <line num="298" count="2" type="stmt"/>
        <line num="299" count="2" type="stmt"/>
        <line num="304" count="2" type="stmt"/>
        <line num="320" count="3" type="stmt"/>
        <line num="321" count="3" type="stmt"/>
        <line num="322" count="3" type="stmt"/>
        <line num="323" count="3" type="stmt"/>
        <line num="325" count="3" type="stmt"/>
        <line num="326" count="3" type="stmt"/>
        <line num="329" count="1" type="stmt"/>
        <line num="330" count="1" type="stmt"/>
        <line num="331" count="1" type="stmt"/>
        <line num="332" count="1" type="cond" truecount="1" falsecount="1"/>
        <line num="336" count="1" type="stmt"/>
        <line num="337" count="1" type="stmt"/>
        <line num="338" count="1" type="stmt"/>
        <line num="341" count="1" type="cond" truecount="3" falsecount="1"/>
        <line num="342" count="0" type="stmt"/>
        <line num="345" count="1" type="stmt"/>
        <line num="347" count="1" type="stmt"/>
        <line num="357" count="2" type="stmt"/>
        <line num="358" count="2" type="stmt"/>
        <line num="359" count="2" type="stmt"/>
        <line num="364" count="2" type="stmt"/>
        <line num="380" count="3" type="stmt"/>
        <line num="381" count="3" type="stmt"/>
        <line num="382" count="3" type="stmt"/>
        <line num="383" count="3" type="stmt"/>
        <line num="385" count="3" type="stmt"/>
        <line num="387" count="3" type="stmt"/>
        <line num="392" count="3" type="cond" truecount="2" falsecount="0"/>
        <line num="393" count="2" type="stmt"/>
        <line num="396" count="1" type="stmt"/>
        <line num="397" count="1" type="cond" truecount="1" falsecount="1"/>
        <line num="401" count="3" type="stmt"/>
        <line num="402" count="3" type="stmt"/>
        <line num="403" count="1" type="cond" truecount="1" falsecount="1"/>
        <line num="404" count="1" type="stmt"/>
        <line num="406" count="1" type="stmt"/>
        <line num="409" count="1" type="stmt"/>
        <line num="413" count="1" type="stmt"/>
        <line num="414" count="1" type="stmt"/>
        <line num="415" count="1" type="cond" truecount="1" falsecount="1"/>
        <line num="416" count="1" type="stmt"/>
        <line num="417" count="1" type="cond" truecount="1" falsecount="1"/>
        <line num="418" count="1" type="stmt"/>
        <line num="422" count="1" type="stmt"/>
        <line num="423" count="1" type="stmt"/>
        <line num="424" count="1" type="stmt"/>
        <line num="427" count="1" type="stmt"/>
        <line num="430" count="1" type="stmt"/>
        <line num="431" count="1" type="stmt"/>
        <line num="433" count="1" type="cond" truecount="3" falsecount="1"/>
        <line num="434" count="1" type="stmt"/>
        <line num="435" count="1" type="stmt"/>
        <line num="436" count="2" type="stmt"/>
        <line num="437" count="2" type="stmt"/>
        <line num="438" count="2" type="cond" truecount="4" falsecount="0"/>
        <line num="440" count="1" type="stmt"/>
        <line num="441" count="1" type="stmt"/>
        <line num="443" count="1" type="stmt"/>
        <line num="444" count="1" type="stmt"/>
        <line num="450" count="1" type="stmt"/>
        <line num="452" count="1" type="cond" truecount="1" falsecount="1"/>
        <line num="455" count="3" type="stmt"/>
        <line num="456" count="3" type="stmt"/>
        <line num="457" count="2" type="stmt"/>
        <line num="460" count="1" type="stmt"/>
        <line num="462" count="1" type="stmt"/>
        <line num="472" count="2" type="stmt"/>
        <line num="473" count="2" type="stmt"/>
        <line num="474" count="2" type="stmt"/>
        <line num="480" count="2" type="stmt"/>
        <line num="508" count="0" type="stmt"/>
        <line num="510" count="0" type="stmt"/>
        <line num="511" count="0" type="stmt"/>
        <line num="512" count="0" type="stmt"/>
        <line num="513" count="0" type="stmt"/>
        <line num="514" count="0" type="stmt"/>
        <line num="516" count="0" type="stmt"/>
      </file>
      <file name="seguridad-social.mjs" path="/Users/jose/jenarvaezg/cuentas-publicas/scripts/sources/seguridad-social.mjs">
        <metrics statements="158" coveredstatements="142" conditionals="97" coveredconditionals="76" methods="6" coveredmethods="5"/>
        <line num="5" count="1" type="stmt"/>
        <line num="6" count="1" type="stmt"/>
        <line num="20" count="1" type="stmt"/>
        <line num="21" count="1" type="stmt"/>
        <line num="22" count="1" type="stmt"/>
        <line num="23" count="1" type="stmt"/>
        <line num="24" count="1" type="stmt"/>
        <line num="26" count="1" type="stmt"/>
        <line num="28" count="1" type="stmt"/>
        <line num="29" count="1" type="stmt"/>
        <line num="31" count="0" type="stmt"/>
        <line num="34" count="1" type="cond" truecount="1" falsecount="1"/>
        <line num="35" count="1" type="stmt"/>
        <line num="36" count="1" type="stmt"/>
        <line num="37" count="1" type="stmt"/>
        <line num="39" count="0" type="stmt"/>
        <line num="40" count="0" type="stmt"/>
        <line num="41" count="0" type="stmt"/>
        <line num="44" count="1" type="stmt"/>
        <line num="58" count="1" type="stmt"/>
        <line num="59" count="1" type="stmt"/>
        <line num="61" count="1" type="stmt"/>
        <line num="68" count="1" type="stmt"/>
        <line num="69" count="1" type="stmt"/>
        <line num="72" count="1" type="stmt"/>
        <line num="73" count="1" type="stmt"/>
        <line num="75" count="1" type="stmt"/>
        <line num="76" count="1" type="stmt"/>
        <line num="78" count="1" type="cond" truecount="1" falsecount="1"/>
        <line num="80" count="0" type="stmt"/>
        <line num="81" count="0" type="stmt"/>
        <line num="82" count="0" type="stmt"/>
        <line num="83" count="0" type="cond" truecount="0" falsecount="2"/>
        <line num="84" count="0" type="stmt"/>
        <line num="86" count="0" type="stmt"/>
        <line num="90" count="1" type="stmt"/>
        <line num="91" count="1" type="cond" truecount="1" falsecount="1"/>
        <line num="92" count="1" type="cond" truecount="1" falsecount="1"/>
        <line num="94" count="1" type="stmt"/>
        <line num="95" count="1" type="stmt"/>
        <line num="98" count="1" type="stmt"/>
        <line num="99" count="1" type="cond" truecount="1" falsecount="1"/>
        <line num="102" count="1" type="stmt"/>
        <line num="104" count="1" type="cond" truecount="1" falsecount="1"/>
        <line num="108" count="1" type="stmt"/>
        <line num="111" count="1" type="stmt"/>
        <line num="112" count="1" type="stmt"/>
        <line num="114" count="1" type="stmt"/>
        <line num="120" count="1" type="stmt"/>
        <line num="121" count="1" type="stmt"/>
        <line num="124" count="1" type="stmt"/>
        <line num="125" count="1" type="stmt"/>
        <line num="127" count="1" type="stmt"/>
        <line num="128" count="1" type="stmt"/>
        <line num="131" count="1" type="cond" truecount="1" falsecount="2"/>
        <line num="135" count="1" type="cond" truecount="1" falsecount="1"/>
        <line num="136" count="0" type="stmt"/>
        <line num="139" count="1" type="stmt"/>
        <line num="141" count="1" type="stmt"/>
        <line num="142" count="1" type="stmt"/>
        <line num="145" count="1" type="stmt"/>
        <line num="146" count="1" type="stmt"/>
        <line num="147" count="6" type="cond" truecount="1" falsecount="1"/>
        <line num="148" count="6" type="cond" truecount="5" falsecount="0"/>
        <line num="149" count="1" type="stmt"/>
        <line num="150" count="1" type="stmt"/>
        <line num="151" count="1" type="stmt"/>
        <line num="155" count="1" type="cond" truecount="1" falsecount="1"/>
        <line num="156" count="1" type="cond" truecount="1" falsecount="1"/>
        <line num="157" count="1" type="cond" truecount="1" falsecount="1"/>
        <line num="158" count="1" type="cond" truecount="1" falsecount="1"/>
        <line num="160" count="1" type="stmt"/>
        <line num="161" count="1" type="stmt"/>
        <line num="162" count="1" type="stmt"/>
        <line num="164" count="1" type="cond" truecount="4" falsecount="1"/>
        <line num="165" count="1" type="stmt"/>
        <line num="166" count="1" type="stmt"/>
        <line num="168" count="0" type="stmt"/>
        <line num="171" count="0" type="stmt"/>
        <line num="176" count="1" type="stmt"/>
        <line num="177" count="1" type="stmt"/>
        <line num="178" count="7" type="cond" truecount="2" falsecount="0"/>
        <line num="179" count="7" type="cond" truecount="2" falsecount="0"/>
        <line num="180" count="1" type="stmt"/>
        <line num="181" count="1" type="stmt"/>
        <line num="182" count="1" type="stmt"/>
        <line num="186" count="1" type="cond" truecount="1" falsecount="1"/>
        <line num="187" count="0" type="stmt"/>
        <line num="191" count="1" type="stmt"/>
        <line num="192" count="1" type="stmt"/>
        <line num="193" count="1" type="stmt"/>
        <line num="194" count="1" type="stmt"/>
        <line num="195" count="1" type="stmt"/>
        <line num="196" count="1" type="stmt"/>
        <line num="198" count="1" type="stmt"/>
        <line num="199" count="1" type="stmt"/>
        <line num="200" count="1" type="stmt"/>
        <line num="201" count="1" type="stmt"/>
        <line num="202" count="1" type="stmt"/>
        <line num="203" count="1" type="stmt"/>
        <line num="204" count="1" type="stmt"/>
        <line num="205" count="1" type="stmt"/>
        <line num="208" count="1" type="cond" truecount="4" falsecount="1"/>
        <line num="209" count="0" type="stmt"/>
        <line num="211" count="1" type="cond" truecount="4" falsecount="1"/>
        <line num="212" count="0" type="stmt"/>
        <line num="215" count="1" type="stmt"/>
        <line num="233" count="1" type="stmt"/>
        <line num="251" count="2" type="stmt"/>
        <line num="252" count="2" type="stmt"/>
        <line num="255" count="2" type="cond" truecount="2" falsecount="0"/>
        <line num="259" count="2" type="stmt"/>
        <line num="261" count="2" type="stmt"/>
        <line num="262" count="2" type="stmt"/>
        <line num="264" count="2" type="cond" truecount="2" falsecount="0"/>
        <line num="265" count="2" type="stmt"/>
        <line num="266" count="2" type="stmt"/>
        <line num="267" count="2" type="stmt"/>
        <line num="269" count="2" type="stmt"/>
        <line num="271" count="2" type="stmt"/>
        <line num="272" count="2" type="stmt"/>
        <line num="274" count="2" type="cond" truecount="2" falsecount="0"/>
        <line num="277" count="2" type="cond" truecount="2" falsecount="0"/>
        <line num="278" count="1" type="stmt"/>
        <line num="280" count="1" type="stmt"/>
        <line num="282" count="2" type="cond" truecount="2" falsecount="0"/>
        <line num="283" count="2" type="stmt"/>
        <line num="284" count="2" type="stmt"/>
        <line num="285" count="2" type="stmt"/>
        <line num="286" count="2" type="cond" truecount="2" falsecount="0"/>
        <line num="287" count="2" type="cond" truecount="2" falsecount="0"/>
        <line num="288" count="2" type="stmt"/>
        <line num="289" count="2" type="stmt"/>
        <line num="290" count="2" type="stmt"/>
        <line num="291" count="2" type="stmt"/>
        <line num="294" count="2" type="stmt"/>
        <line num="297" count="24" type="stmt"/>
        <line num="302" count="2" type="stmt"/>
        <line num="303" count="2" type="cond" truecount="1" falsecount="1"/>
        <line num="307" count="2" type="stmt"/>
        <line num="310" count="2" type="cond" truecount="2" falsecount="0"/>
        <line num="311" count="2" type="cond" truecount="2" falsecount="0"/>
        <line num="312" count="2" type="cond" truecount="2" falsecount="0"/>
        <line num="316" count="2" type="stmt"/>
        <line num="383" count="2" type="stmt"/>
        <line num="411" count="2" type="stmt"/>
        <line num="412" count="2" type="stmt"/>
        <line num="413" count="2" type="stmt"/>
        <line num="414" count="2" type="stmt"/>
        <line num="415" count="2" type="stmt"/>
        <line num="416" count="2" type="stmt"/>
        <line num="418" count="2" type="stmt"/>
        <line num="426" count="2" type="stmt"/>
        <line num="441" count="2" type="cond" truecount="4" falsecount="0"/>
        <line num="443" count="1" type="stmt"/>
        <line num="444" count="1" type="stmt"/>
        <line num="451" count="1" type="stmt"/>
        <line num="458" count="2" type="stmt"/>
      </file>
    </package>
    <package name="src.components">
      <metrics statements="281" coveredstatements="246" conditionals="363" coveredconditionals="231" methods="100" coveredmethods="84"/>
      <file name="BudgetBlock.tsx" path="/Users/jose/jenarvaezg/cuentas-publicas/src/components/BudgetBlock.tsx">
        <metrics statements="52" coveredstatements="52" conditionals="58" coveredconditionals="54" methods="21" coveredmethods="20"/>
        <line num="16" count="6" type="stmt"/>
        <line num="17" count="6" type="stmt"/>
        <line num="20" count="2" type="stmt"/>
        <line num="25" count="12" type="stmt"/>
        <line num="26" count="12" type="stmt"/>
        <line num="28" count="12" type="stmt"/>
        <line num="29" count="12" type="stmt"/>
        <line num="31" count="12" type="stmt"/>
        <line num="32" count="12" type="stmt"/>
        <line num="33" count="12" type="stmt"/>
        <line num="34" count="12" type="stmt"/>
        <line num="35" count="12" type="stmt"/>
        <line num="37" count="12" type="stmt"/>
        <line num="38" count="12" type="cond" truecount="2" falsecount="0"/>
        <line num="40" count="12" type="cond" truecount="3" falsecount="0"/>
        <line num="43" count="12" type="stmt"/>
        <line num="44" count="9" type="cond" truecount="2" falsecount="0"/>
        <line num="45" count="8" type="cond" truecount="2" falsecount="0"/>
        <line num="46" count="2" type="stmt"/>
        <line num="49" count="12" type="stmt"/>
        <line num="50" count="8" type="cond" truecount="2" falsecount="0"/>
        <line num="51" count="3" type="cond" truecount="2" falsecount="0"/>
        <line num="52" count="2" type="stmt"/>
        <line num="53" count="2" type="stmt"/>
        <line num="58" count="12" type="stmt"/>
        <line num="59" count="9" type="cond" truecount="2" falsecount="0"/>
        <line num="60" count="8" type="cond" truecount="2" falsecount="0"/>
        <line num="61" count="2" type="stmt"/>
        <line num="64" count="12" type="stmt"/>
        <line num="66" count="12" type="stmt"/>
        <line num="67" count="9" type="cond" truecount="4" falsecount="0"/>
        <line num="68" count="8" type="stmt"/>
        <line num="71" count="12" type="stmt"/>
        <line num="72" count="9" type="cond" truecount="4" falsecount="0"/>
        <line num="73" count="8" type="stmt"/>
        <line num="76" count="12" type="stmt"/>
        <line num="77" count="9" type="cond" truecount="2" falsecount="0"/>
        <line num="78" count="8" type="cond" truecount="0" falsecount="2"/>
        <line num="82" count="12" type="cond" truecount="1" falsecount="1"/>
        <line num="86" count="12" type="cond" truecount="4" falsecount="0"/>
        <line num="88" count="12" type="stmt"/>
        <line num="98" count="1" type="stmt"/>
        <line num="109" count="1" type="stmt"/>
        <line num="131" count="1" type="stmt"/>
        <line num="132" count="1" type="stmt"/>
        <line num="137" count="24" type="stmt"/>
        <line num="154" count="2" type="stmt"/>
        <line num="155" count="2" type="cond" truecount="1" falsecount="1"/>
        <line num="162" count="24" type="stmt"/>
        <line num="164" count="12" type="stmt"/>
        <line num="221" count="15" type="stmt"/>
        <line num="224" count="1" type="stmt"/>
      </file>
      <file name="BudgetChart.tsx" path="/Users/jose/jenarvaezg/cuentas-publicas/src/components/BudgetChart.tsx">
        <metrics statements="43" coveredstatements="28" conditionals="99" coveredconditionals="31" methods="15" coveredmethods="11"/>
        <line num="18" count="1" type="stmt"/>
        <line num="32" count="2" type="stmt"/>
        <line num="33" count="2" type="cond" truecount="1" falsecount="1"/>
        <line num="57" count="1" type="stmt"/>
        <line num="74" count="0" type="cond" truecount="0" falsecount="4"/>
        <line num="75" count="0" type="stmt"/>
        <line num="77" count="0" type="cond" truecount="0" falsecount="2"/>
        <line num="78" count="0" type="stmt"/>
        <line num="101" count="0" type="cond" truecount="0" falsecount="2"/>
        <line num="102" count="0" type="stmt"/>
        <line num="118" count="0" type="stmt"/>
        <line num="138" count="2" type="cond" truecount="2" falsecount="0"/>
        <line num="139" count="1" type="stmt"/>
        <line num="140" count="1" type="cond" truecount="1" falsecount="1"/>
        <line num="142" count="1" type="stmt"/>
        <line num="155" count="2" type="stmt"/>
        <line num="156" count="2" type="stmt"/>
        <line num="158" count="2" type="stmt"/>
        <line num="159" count="2" type="stmt"/>
        <line num="166" count="2" type="cond" truecount="1" falsecount="1"/>
        <line num="167" count="0" type="stmt"/>
        <line num="168" count="0" type="stmt"/>
        <line num="169" count="0" type="cond" truecount="0" falsecount="2"/>
        <line num="170" count="0" type="cond" truecount="0" falsecount="2"/>
        <line num="171" count="0" type="stmt"/>
        <line num="177" count="2" type="stmt"/>
        <line num="181" count="2" type="cond" truecount="1" falsecount="1"/>
        <line num="184" count="2" type="cond" truecount="1" falsecount="1"/>
        <line num="185" count="2" type="cond" truecount="1" falsecount="1"/>
        <line num="187" count="2" type="cond" truecount="2" falsecount="2"/>
        <line num="188" count="2" type="cond" truecount="1" falsecount="1"/>
        <line num="190" count="2" type="stmt"/>
        <line num="191" count="0" type="cond" truecount="0" falsecount="4"/>
        <line num="192" count="0" type="stmt"/>
        <line num="195" count="2" type="stmt"/>
        <line num="202" count="1" type="stmt"/>
        <line num="209" count="1" type="cond" truecount="1" falsecount="1"/>
        <line num="277" count="1" type="cond" truecount="3" falsecount="1"/>
        <line num="278" count="1" type="stmt"/>
        <line num="279" count="1" type="cond" truecount="3" falsecount="1"/>
        <line num="280" count="1" type="stmt"/>
        <line num="286" count="2" type="stmt"/>
        <line num="301" count="0" type="stmt"/>
      </file>
      <file name="CcaaDebtBlock.tsx" path="/Users/jose/jenarvaezg/cuentas-publicas/src/components/CcaaDebtBlock.tsx">
        <metrics statements="23" coveredstatements="17" conditionals="18" coveredconditionals="8" methods="12" coveredmethods="9"/>
        <line num="20" count="1" type="stmt"/>
        <line num="25" count="1" type="stmt"/>
        <line num="26" count="1" type="stmt"/>
        <line num="36" count="3" type="stmt"/>
        <line num="37" count="3" type="stmt"/>
        <line num="39" count="3" type="stmt"/>
        <line num="40" count="3" type="stmt"/>
        <line num="41" count="6" type="stmt"/>
        <line num="47" count="3" type="stmt"/>
        <line num="49" count="6" type="stmt"/>
        <line num="52" count="3" type="stmt"/>
        <line num="59" count="0" type="cond" truecount="0" falsecount="4"/>
        <line num="60" count="0" type="stmt"/>
        <line num="62" count="0" type="cond" truecount="0" falsecount="2"/>
        <line num="65" count="0" type="stmt"/>
        <line num="73" count="3" type="stmt"/>
        <line num="88" count="1" type="stmt"/>
        <line num="92" count="6" type="stmt"/>
        <line num="130" count="0" type="stmt"/>
        <line num="131" count="0" type="stmt"/>
        <line num="159" count="6" type="cond" truecount="1" falsecount="1"/>
        <line num="167" count="3" type="cond" truecount="2" falsecount="0"/>
        <line num="171" count="3" type="stmt"/>
      </file>
      <file name="ComparativaEUBlock.tsx" path="/Users/jose/jenarvaezg/cuentas-publicas/src/components/ComparativaEUBlock.tsx">
        <metrics statements="27" coveredstatements="23" conditionals="32" coveredconditionals="22" methods="11" coveredmethods="9"/>
        <line num="18" count="1" type="stmt"/>
        <line num="29" count="1" type="stmt"/>
        <line num="30" count="1" type="stmt"/>
        <line num="31" count="1" type="stmt"/>
        <line num="41" count="1" type="stmt"/>
        <line num="50" count="0" type="cond" truecount="0" falsecount="4"/>
        <line num="51" count="0" type="stmt"/>
        <line num="53" count="0" type="stmt"/>
        <line num="65" count="3" type="stmt"/>
        <line num="66" count="3" type="stmt"/>
        <line num="68" count="3" type="cond" truecount="1" falsecount="1"/>
        <line num="69" count="3" type="stmt"/>
        <line num="72" count="3" type="stmt"/>
        <line num="73" count="3" type="stmt"/>
        <line num="74" count="9" type="stmt"/>
        <line num="75" count="9" type="stmt"/>
        <line num="84" count="3" type="cond" truecount="2" falsecount="0"/>
        <line num="85" count="3" type="stmt"/>
        <line num="87" count="6" type="stmt"/>
        <line num="90" count="3" type="stmt"/>
        <line num="94" count="3" type="stmt"/>
        <line num="97" count="3" type="cond" truecount="2" falsecount="0"/>
        <line num="103" count="3" type="stmt"/>
        <line num="118" count="1" type="stmt"/>
        <line num="122" count="15" type="stmt"/>
        <line num="158" count="0" type="stmt"/>
        <line num="189" count="9" type="stmt"/>
      </file>
      <file name="DebtBlock.tsx" path="/Users/jose/jenarvaezg/cuentas-publicas/src/components/DebtBlock.tsx">
        <metrics statements="15" coveredstatements="15" conditionals="12" coveredconditionals="8" methods="2" coveredmethods="2"/>
        <line num="17" count="2" type="stmt"/>
        <line num="19" count="2" type="stmt"/>
        <line num="20" count="2" type="stmt"/>
        <line num="22" count="2" type="stmt"/>
        <line num="23" count="2" type="stmt"/>
        <line num="25" count="2" type="stmt"/>
        <line num="26" count="2" type="stmt"/>
        <line num="30" count="2" type="cond" truecount="2" falsecount="0"/>
        <line num="33" count="2" type="stmt"/>
        <line num="36" count="2" type="cond" truecount="2" falsecount="0"/>
        <line num="40" count="2" type="cond" truecount="1" falsecount="1"/>
        <line num="44" count="2" type="cond" truecount="1" falsecount="1"/>
        <line num="48" count="2" type="cond" truecount="1" falsecount="1"/>
        <line num="52" count="2" type="cond" truecount="1" falsecount="1"/>
        <line num="59" count="2" type="stmt"/>
      </file>
      <file name="DebtCostBlock.tsx" path="/Users/jose/jenarvaezg/cuentas-publicas/src/components/DebtCostBlock.tsx">
        <metrics statements="7" coveredstatements="7" conditionals="4" coveredconditionals="4" methods="1" coveredmethods="1"/>
        <line num="9" count="2" type="stmt"/>
        <line num="11" count="2" type="stmt"/>
        <line num="12" count="2" type="stmt"/>
        <line num="13" count="2" type="stmt"/>
        <line num="16" count="2" type="cond" truecount="2" falsecount="0"/>
        <line num="20" count="2" type="cond" truecount="2" falsecount="0"/>
        <line num="24" count="2" type="stmt"/>
      </file>
      <file name="EquivalenciasBlock.tsx" path="/Users/jose/jenarvaezg/cuentas-publicas/src/components/EquivalenciasBlock.tsx">
        <metrics statements="15" coveredstatements="15" conditionals="16" coveredconditionals="15" methods="1" coveredmethods="1"/>
        <line num="15" count="3" type="stmt"/>
        <line num="18" count="3" type="stmt"/>
        <line num="20" count="3" type="stmt"/>
        <line num="21" count="3" type="cond" truecount="1" falsecount="1"/>
        <line num="24" count="3" type="stmt"/>
        <line num="25" count="3" type="stmt"/>
        <line num="28" count="3" type="stmt"/>
        <line num="31" count="3" type="cond" truecount="2" falsecount="0"/>
        <line num="35" count="3" type="cond" truecount="2" falsecount="0"/>
        <line num="39" count="3" type="cond" truecount="2" falsecount="0"/>
        <line num="42" count="3" type="cond" truecount="2" falsecount="0"/>
        <line num="45" count="3" type="cond" truecount="2" falsecount="0"/>
        <line num="49" count="3" type="cond" truecount="2" falsecount="0"/>
        <line num="53" count="3" type="cond" truecount="2" falsecount="0"/>
        <line num="57" count="3" type="stmt"/>
      </file>
      <file name="ErrorBoundary.tsx" path="/Users/jose/jenarvaezg/cuentas-publicas/src/components/ErrorBoundary.tsx">
        <metrics statements="7" coveredstatements="7" conditionals="2" coveredconditionals="2" methods="4" coveredmethods="4"/>
        <line num="13" count="5" type="stmt"/>
        <line num="16" count="4" type="stmt"/>
        <line num="20" count="2" type="stmt"/>
        <line num="24" count="9" type="cond" truecount="2" falsecount="0"/>
        <line num="25" count="4" type="stmt"/>
        <line num="34" count="1" type="stmt"/>
        <line num="43" count="5" type="stmt"/>
      </file>
      <file name="Footer.tsx" path="/Users/jose/jenarvaezg/cuentas-publicas/src/components/Footer.tsx">
        <metrics statements="1" coveredstatements="1" conditionals="0" coveredconditionals="0" methods="1" coveredmethods="1"/>
        <line num="2" count="1" type="stmt"/>
      </file>
      <file name="Header.tsx" path="/Users/jose/jenarvaezg/cuentas-publicas/src/components/Header.tsx">
        <metrics statements="2" coveredstatements="2" conditionals="0" coveredconditionals="0" methods="1" coveredmethods="1"/>
        <line num="6" count="1" type="stmt"/>
        <line num="8" count="1" type="stmt"/>
      </file>
      <file name="MethodologySection.tsx" path="/Users/jose/jenarvaezg/cuentas-publicas/src/components/MethodologySection.tsx">
        <metrics statements="3" coveredstatements="3" conditionals="4" coveredconditionals="4" methods="2" coveredmethods="2"/>
        <line num="6" count="3" type="stmt"/>
        <line num="8" count="3" type="stmt"/>
        <line num="13" count="2" type="stmt"/>
      </file>
      <file name="PensionsBlock.tsx" path="/Users/jose/jenarvaezg/cuentas-publicas/src/components/PensionsBlock.tsx">
        <metrics statements="15" coveredstatements="15" conditionals="16" coveredconditionals="12" methods="2" coveredmethods="2"/>
        <line num="24" count="2" type="stmt"/>
        <line num="26" count="2" type="stmt"/>
        <line num="27" count="2" type="stmt"/>
        <line num="29" count="2" type="stmt"/>
        <line num="31" count="2" type="stmt"/>
        <line num="32" count="2" type="stmt"/>
        <line num="35" count="2" type="cond" truecount="2" falsecount="0"/>
        <line num="39" count="2" type="cond" truecount="2" falsecount="0"/>
        <line num="43" count="2" type="cond" truecount="2" falsecount="0"/>
        <line num="47" count="2" type="cond" truecount="1" falsecount="1"/>
        <line num="51" count="2" type="cond" truecount="1" falsecount="1"/>
        <line num="58" count="2" type="cond" truecount="1" falsecount="1"/>
        <line num="62" count="2" type="cond" truecount="1" falsecount="1"/>
        <line num="66" count="2" type="cond" truecount="2" falsecount="0"/>
        <line num="70" count="2" type="stmt"/>
      </file>
      <file name="RealtimeCounter.tsx" path="/Users/jose/jenarvaezg/cuentas-publicas/src/components/RealtimeCounter.tsx">
        <metrics statements="3" coveredstatements="3" conditionals="4" coveredconditionals="4" methods="1" coveredmethods="1"/>
        <line num="15" count="1" type="stmt"/>
        <line num="32" count="1" type="stmt"/>
        <line num="38" count="1" type="stmt"/>
      </file>
      <file name="RevenueBlock.tsx" path="/Users/jose/jenarvaezg/cuentas-publicas/src/components/RevenueBlock.tsx">
        <metrics statements="40" coveredstatements="30" conditionals="47" coveredconditionals="18" methods="15" coveredmethods="9"/>
        <line num="27" count="1" type="stmt"/>
        <line num="34" count="0" type="cond" truecount="0" falsecount="4"/>
        <line num="35" count="0" type="stmt"/>
        <line num="36" count="0" type="stmt"/>
        <line num="46" count="1" type="stmt"/>
        <line num="55" count="0" type="cond" truecount="0" falsecount="5"/>
        <line num="56" count="0" type="cond" truecount="0" falsecount="2"/>
        <line num="57" count="0" type="cond" truecount="0" falsecount="2"/>
        <line num="58" count="0" type="stmt"/>
        <line num="59" count="0" type="stmt"/>
        <line num="71" count="1" type="stmt"/>
        <line num="78" count="1" type="stmt"/>
        <line num="86" count="2" type="stmt"/>
        <line num="88" count="2" type="stmt"/>
        <line num="89" count="2" type="stmt"/>
        <line num="91" count="2" type="stmt"/>
        <line num="93" count="2" type="stmt"/>
        <line num="95" count="2" type="cond" truecount="1" falsecount="1"/>
        <line num="100" count="2" type="stmt"/>
        <line num="101" count="2" type="cond" truecount="1" falsecount="1"/>
        <line num="102" count="2" type="stmt"/>
        <line num="103" count="2" type="cond" truecount="1" falsecount="1"/>
        <line num="105" count="2" type="stmt"/>
        <line num="132" count="8" type="stmt"/>
        <line num="136" count="2" type="stmt"/>
        <line num="137" count="1" type="stmt"/>
        <line num="138" count="2" type="stmt"/>
        <line num="139" count="2" type="stmt"/>
        <line num="149" count="2" type="cond" truecount="1" falsecount="1"/>
        <line num="150" count="2" type="cond" truecount="1" falsecount="1"/>
        <line num="151" count="2" type="cond" truecount="1" falsecount="1"/>
        <line num="153" count="2" type="stmt"/>
        <line num="154" count="2" type="cond" truecount="3" falsecount="1"/>
        <line num="155" count="2" type="stmt"/>
        <line num="158" count="2" type="stmt"/>
        <line num="173" count="1" type="stmt"/>
        <line num="177" count="4" type="stmt"/>
        <line num="232" count="0" type="stmt"/>
        <line num="246" count="8" type="stmt"/>
        <line num="282" count="0" type="stmt"/>
      </file>
      <file name="RoadmapSection.tsx" path="/Users/jose/jenarvaezg/cuentas-publicas/src/components/RoadmapSection.tsx">
        <metrics statements="3" coveredstatements="3" conditionals="4" coveredconditionals="4" methods="2" coveredmethods="2"/>
        <line num="6" count="3" type="stmt"/>
        <line num="8" count="3" type="stmt"/>
        <line num="13" count="2" type="stmt"/>
      </file>
      <file name="SparklineChart.tsx" path="/Users/jose/jenarvaezg/cuentas-publicas/src/components/SparklineChart.tsx">
        <metrics statements="4" coveredstatements="4" conditionals="3" coveredconditionals="3" methods="2" coveredmethods="2"/>
        <line num="11" count="1" type="stmt"/>
        <line num="17" count="1" type="stmt"/>
        <line num="18" count="3" type="stmt"/>
        <line num="20" count="1" type="stmt"/>
      </file>
      <file name="StatCard.tsx" path="/Users/jose/jenarvaezg/cuentas-publicas/src/components/StatCard.tsx">
        <metrics statements="11" coveredstatements="11" conditionals="32" coveredconditionals="30" methods="3" coveredmethods="3"/>
        <line num="26" count="1" type="stmt"/>
        <line num="37" count="8" type="stmt"/>
        <line num="38" count="4" type="cond" truecount="2" falsecount="0"/>
        <line num="39" count="3" type="stmt"/>
        <line num="40" count="3" type="cond" truecount="2" falsecount="0"/>
        <line num="41" count="2" type="stmt"/>
        <line num="42" count="2" type="stmt"/>
        <line num="43" count="2" type="stmt"/>
        <line num="46" count="8" type="cond" truecount="2" falsecount="0"/>
        <line num="48" count="8" type="stmt"/>
        <line num="109" count="4" type="stmt"/>
      </file>
      <file name="ThemeToggle.tsx" path="/Users/jose/jenarvaezg/cuentas-publicas/src/components/ThemeToggle.tsx">
        <metrics statements="10" coveredstatements="10" conditionals="12" coveredconditionals="12" methods="4" coveredmethods="4"/>
        <line num="6" count="4" type="stmt"/>
        <line num="7" count="4" type="stmt"/>
        <line num="8" count="4" type="cond" truecount="4" falsecount="0"/>
        <line num="12" count="2" type="cond" truecount="2" falsecount="0"/>
        <line num="16" count="6" type="stmt"/>
        <line num="18" count="6" type="stmt"/>
        <line num="19" count="6" type="stmt"/>
        <line num="20" count="6" type="stmt"/>
        <line num="23" count="6" type="stmt"/>
        <line num="28" count="2" type="cond" truecount="2" falsecount="0"/>
      </file>
    </package>
    <package name="src.components.ui">
      <metrics statements="23" coveredstatements="21" conditionals="3" coveredconditionals="2" methods="7" coveredmethods="5"/>
      <file name="button.tsx" path="/Users/jose/jenarvaezg/cuentas-publicas/src/components/ui/button.tsx">
        <metrics statements="5" coveredstatements="5" conditionals="3" coveredconditionals="2" methods="1" coveredmethods="1"/>
        <line num="7" count="1" type="stmt"/>
        <line num="40" count="1" type="stmt"/>
        <line num="42" count="6" type="cond" truecount="1" falsecount="1"/>
        <line num="43" count="6" type="stmt"/>
        <line num="48" count="1" type="stmt"/>
      </file>
      <file name="card.tsx" path="/Users/jose/jenarvaezg/cuentas-publicas/src/components/ui/card.tsx">
        <metrics statements="18" coveredstatements="16" conditionals="0" coveredconditionals="0" methods="6" coveredmethods="4"/>
        <line num="5" count="11" type="stmt"/>
        <line num="7" count="42" type="stmt"/>
        <line num="17" count="11" type="stmt"/>
        <line num="19" count="11" type="stmt"/>
        <line num="21" count="34" type="stmt"/>
        <line num="24" count="11" type="stmt"/>
        <line num="26" count="11" type="stmt"/>
        <line num="28" count="28" type="stmt"/>
        <line num="35" count="11" type="stmt"/>
        <line num="37" count="11" type="stmt"/>
        <line num="39" count="0" type="stmt"/>
        <line num="42" count="11" type="stmt"/>
        <line num="44" count="11" type="stmt"/>
        <line num="46" count="38" type="stmt"/>
        <line num="49" count="11" type="stmt"/>
        <line num="51" count="11" type="stmt"/>
        <line num="53" count="0" type="stmt"/>
        <line num="56" count="11" type="stmt"/>
      </file>
    </package>
    <package name="src.data">
      <metrics statements="18" coveredstatements="18" conditionals="2" coveredconditionals="2" methods="2" coveredmethods="2"/>
      <file name="budget.json" path="/Users/jose/jenarvaezg/cuentas-publicas/src/data/budget.json">
        <metrics statements="0" coveredstatements="0" conditionals="0" coveredconditionals="0" methods="0" coveredmethods="0"/>
      </file>
      <file name="ccaa-debt.json" path="/Users/jose/jenarvaezg/cuentas-publicas/src/data/ccaa-debt.json">
        <metrics statements="0" coveredstatements="0" conditionals="0" coveredconditionals="0" methods="0" coveredmethods="0"/>
      </file>
      <file name="debt.json" path="/Users/jose/jenarvaezg/cuentas-publicas/src/data/debt.json">
        <metrics statements="0" coveredstatements="0" conditionals="0" coveredconditionals="0" methods="0" coveredmethods="0"/>
      </file>
      <file name="demographics.json" path="/Users/jose/jenarvaezg/cuentas-publicas/src/data/demographics.json">
        <metrics statements="0" coveredstatements="0" conditionals="0" coveredconditionals="0" methods="0" coveredmethods="0"/>
      </file>
      <file name="eurostat.json" path="/Users/jose/jenarvaezg/cuentas-publicas/src/data/eurostat.json">
        <metrics statements="0" coveredstatements="0" conditionals="0" coveredconditionals="0" methods="0" coveredmethods="0"/>
      </file>
      <file name="meta.json" path="/Users/jose/jenarvaezg/cuentas-publicas/src/data/meta.json">
        <metrics statements="0" coveredstatements="0" conditionals="0" coveredconditionals="0" methods="0" coveredmethods="0"/>
      </file>
      <file name="pensions.json" path="/Users/jose/jenarvaezg/cuentas-publicas/src/data/pensions.json">
        <metrics statements="0" coveredstatements="0" conditionals="0" coveredconditionals="0" methods="0" coveredmethods="0"/>
      </file>
      <file name="revenue.json" path="/Users/jose/jenarvaezg/cuentas-publicas/src/data/revenue.json">
        <metrics statements="0" coveredstatements="0" conditionals="0" coveredconditionals="0" methods="0" coveredmethods="0"/>
      </file>
      <file name="sources.ts" path="/Users/jose/jenarvaezg/cuentas-publicas/src/data/sources.ts">
        <metrics statements="18" coveredstatements="18" conditionals="2" coveredconditionals="2" methods="2" coveredmethods="2"/>
        <line num="5" count="8" type="stmt"/>
        <line num="11" count="8" type="stmt"/>
        <line num="18" count="8" type="stmt"/>
        <line num="24" count="8" type="stmt"/>
        <line num="30" count="8" type="stmt"/>
        <line num="37" count="8" type="stmt"/>
        <line num="43" count="8" type="stmt"/>
        <line num="49" count="8" type="stmt"/>
        <line num="56" count="8" type="stmt"/>
        <line num="63" count="8" type="stmt"/>
        <line num="68" count="8" type="stmt"/>
        <line num="73" count="8" type="stmt"/>
        <line num="80" count="8" type="stmt"/>
        <line num="86" count="8" type="stmt"/>
        <line num="93" count="8" type="stmt"/>
        <line num="99" count="8" type="stmt"/>
        <line num="107" count="15" type="stmt"/>
        <line num="112" count="29" type="stmt"/>
      </file>
    </package>
    <package name="src.hooks">
      <metrics statements="60" coveredstatements="60" conditionals="34" coveredconditionals="33" methods="10" coveredmethods="10"/>
      <file name="useData.ts" path="/Users/jose/jenarvaezg/cuentas-publicas/src/hooks/useData.ts">
        <metrics statements="9" coveredstatements="9" conditionals="0" coveredconditionals="0" methods="2" coveredmethods="2"/>
        <line num="22" count="1" type="stmt"/>
        <line num="23" count="1" type="stmt"/>
        <line num="24" count="1" type="stmt"/>
        <line num="25" count="1" type="stmt"/>
        <line num="26" count="1" type="stmt"/>
        <line num="27" count="1" type="stmt"/>
        <line num="28" count="1" type="stmt"/>
        <line num="29" count="1" type="stmt"/>
        <line num="31" count="1" type="stmt"/>
      </file>
      <file name="useDeflator.ts" path="/Users/jose/jenarvaezg/cuentas-publicas/src/hooks/useDeflator.ts">
        <metrics statements="9" coveredstatements="9" conditionals="8" coveredconditionals="8" methods="2" coveredmethods="2"/>
        <line num="5" count="3" type="stmt"/>
        <line num="6" count="3" type="stmt"/>
        <line num="8" count="3" type="stmt"/>
        <line num="10" count="3" type="cond" truecount="2" falsecount="0"/>
        <line num="11" count="2" type="stmt"/>
        <line num="12" count="2" type="stmt"/>
        <line num="13" count="2" type="cond" truecount="4" falsecount="0"/>
        <line num="14" count="1" type="stmt"/>
        <line num="19" count="3" type="cond" truecount="2" falsecount="0"/>
      </file>
      <file name="useDocumentMeta.ts" path="/Users/jose/jenarvaezg/cuentas-publicas/src/hooks/useDocumentMeta.ts">
        <metrics statements="6" coveredstatements="6" conditionals="4" coveredconditionals="4" methods="2" coveredmethods="2"/>
        <line num="4" count="3" type="stmt"/>
        <line num="5" count="3" type="stmt"/>
        <line num="7" count="3" type="cond" truecount="2" falsecount="0"/>
        <line num="8" count="2" type="stmt"/>
        <line num="9" count="2" type="cond" truecount="2" falsecount="0"/>
        <line num="10" count="1" type="stmt"/>
      </file>
      <file name="useRealtimeCounter.ts" path="/Users/jose/jenarvaezg/cuentas-publicas/src/hooks/useRealtimeCounter.ts">
        <metrics statements="36" coveredstatements="36" conditionals="22" coveredconditionals="21" methods="4" coveredmethods="4"/>
        <line num="20" count="5" type="stmt"/>
        <line num="21" count="5" type="stmt"/>
        <line num="22" count="5" type="stmt"/>
        <line num="23" count="5" type="stmt"/>
        <line num="24" count="5" type="stmt"/>
        <line num="25" count="5" type="stmt"/>
        <line num="27" count="5" type="stmt"/>
        <line num="31" count="5" type="cond" truecount="3" falsecount="0"/>
        <line num="33" count="5" type="stmt"/>
        <line num="34" count="5" type="stmt"/>
        <line num="35" count="5" type="stmt"/>
        <line num="36" count="5" type="stmt"/>
        <line num="38" count="5" type="cond" truecount="2" falsecount="0"/>
        <line num="39" count="3" type="stmt"/>
        <line num="42" count="5" type="stmt"/>
        <line num="43" count="5" type="cond" truecount="2" falsecount="0"/>
        <line num="44" count="2" type="stmt"/>
        <line num="45" count="2" type="cond" truecount="2" falsecount="0"/>
        <line num="46" count="1" type="stmt"/>
        <line num="50" count="5" type="cond" truecount="1" falsecount="1"/>
        <line num="51" count="5" type="stmt"/>
        <line num="55" count="5" type="stmt"/>
        <line num="56" count="5" type="stmt"/>
        <line num="57" count="5" type="stmt"/>
        <line num="59" count="5" type="stmt"/>
        <line num="60" count="5" type="cond" truecount="2" falsecount="0"/>
        <line num="61" count="4" type="stmt"/>
        <line num="63" count="5" type="cond" truecount="2" falsecount="0"/>
        <line num="64" count="4" type="stmt"/>
        <line num="66" count="5" type="stmt"/>
        <line num="68" count="5" type="cond" truecount="2" falsecount="0"/>
        <line num="69" count="4" type="stmt"/>
        <line num="72" count="5" type="stmt"/>
        <line num="73" count="5" type="cond" truecount="2" falsecount="0"/>
        <line num="74" count="4" type="stmt"/>
        <line num="79" count="5" type="stmt"/>
      </file>
    </package>
    <package name="src.lib">
      <metrics statements="1" coveredstatements="1" conditionals="0" coveredconditionals="0" methods="1" coveredmethods="1"/>
      <file name="utils.ts" path="/Users/jose/jenarvaezg/cuentas-publicas/src/lib/utils.ts">
        <metrics statements="1" coveredstatements="1" conditionals="0" coveredconditionals="0" methods="1" coveredmethods="1"/>
        <line num="5" count="160" type="stmt"/>
      </file>
    </package>
    <package name="src.utils">
      <metrics statements="22" coveredstatements="22" conditionals="13" coveredconditionals="13" methods="5" coveredmethods="5"/>
      <file name="formatters.ts" path="/Users/jose/jenarvaezg/cuentas-publicas/src/utils/formatters.ts">
        <metrics statements="22" coveredstatements="22" conditionals="13" coveredconditionals="13" methods="5" coveredmethods="5"/>
        <line num="3" count="124" type="stmt"/>
        <line num="11" count="17" type="stmt"/>
        <line num="22" count="68" type="stmt"/>
        <line num="23" count="68" type="cond" truecount="2" falsecount="0"/>
        <line num="25" count="68" type="cond" truecount="2" falsecount="0"/>
        <line num="27" count="4" type="stmt"/>
        <line num="28" count="64" type="cond" truecount="2" falsecount="0"/>
        <line num="30" count="53" type="stmt"/>
        <line num="31" count="11" type="cond" truecount="2" falsecount="0"/>
        <line num="33" count="4" type="stmt"/>
        <line num="34" count="7" type="cond" truecount="2" falsecount="0"/>
        <line num="36" count="1" type="stmt"/>
        <line num="39" count="6" type="stmt"/>
        <line num="44" count="28" type="stmt"/>
        <line num="54" count="15" type="stmt"/>
        <line num="55" count="15" type="cond" truecount="2" falsecount="0"/>
        <line num="56" count="4" type="stmt"/>
        <line num="57" count="4" type="stmt"/>
        <line num="61" count="11" type="stmt"/>
        <line num="62" count="11" type="stmt"/>
        <line num="63" count="11" type="stmt"/>
        <line num="69" count="1" type="stmt"/>
      </file>
    </package>
  </project>
</coverage>
