{"/Users/jose/jenarvaezg/cuentas-publicas/scripts/lib/csv-parser.mjs": {"path":"/Users/jose/jenarvaezg/cuentas-publicas/scripts/lib/csv-parser.mjs","statementMap":{"0":{"start":{"line":10,"column":2},"end":{"line":12,"column":null}},"1":{"start":{"line":11,"column":4},"end":{"line":11,"column":null}},"2":{"start":{"line":13,"column":2},"end":{"line":15,"column":null}},"3":{"start":{"line":14,"column":4},"end":{"line":14,"column":null}},"4":{"start":{"line":16,"column":16},"end":{"line":16,"column":null}},"5":{"start":{"line":16,"column":48},"end":{"line":16,"column":59}},"6":{"start":{"line":17,"column":2},"end":{"line":21,"column":null}},"7":{"start":{"line":18,"column":4},"end":{"line":20,"column":null}},"8":{"start":{"line":19,"column":6},"end":{"line":19,"column":null}},"9":{"start":{"line":25,"column":20},"end":{"line":25,"column":null}},"10":{"start":{"line":26,"column":16},"end":{"line":26,"column":null}},"11":{"start":{"line":29,"column":2},"end":{"line":37,"column":null}},"12":{"start":{"line":29,"column":15},"end":{"line":29,"column":16}},"13":{"start":{"line":30,"column":18},"end":{"line":30,"column":null}},"14":{"start":{"line":32,"column":4},"end":{"line":36,"column":null}},"15":{"start":{"line":33,"column":6},"end":{"line":33,"column":null}},"16":{"start":{"line":33,"column":31},"end":{"line":33,"column":61}},"17":{"start":{"line":34,"column":6},"end":{"line":34,"column":null}},"18":{"start":{"line":35,"column":6},"end":{"line":35,"column":null}},"19":{"start":{"line":39,"column":2},"end":{"line":43,"column":null}},"20":{"start":{"line":40,"column":4},"end":{"line":40,"column":null}},"21":{"start":{"line":41,"column":4},"end":{"line":41,"column":null}},"22":{"start":{"line":41,"column":43},"end":{"line":41,"column":73}},"23":{"start":{"line":42,"column":4},"end":{"line":42,"column":null}},"24":{"start":{"line":45,"column":15},"end":{"line":45,"column":null}},"25":{"start":{"line":48,"column":2},"end":{"line":64,"column":null}},"26":{"start":{"line":48,"column":15},"end":{"line":48,"column":30}},"27":{"start":{"line":49,"column":17},"end":{"line":49,"column":null}},"28":{"start":{"line":50,"column":4},"end":{"line":50,"column":null}},"29":{"start":{"line":50,"column":15},"end":{"line":50,"column":null}},"30":{"start":{"line":52,"column":19},"end":{"line":52,"column":null}},"31":{"start":{"line":53,"column":16},"end":{"line":53,"column":null}},"32":{"start":{"line":55,"column":4},"end":{"line":61,"column":null}},"33":{"start":{"line":55,"column":17},"end":{"line":55,"column":18}},"34":{"start":{"line":56,"column":21},"end":{"line":56,"column":null}},"35":{"start":{"line":57,"column":20},"end":{"line":57,"column":null}},"36":{"start":{"line":60,"column":6},"end":{"line":60,"column":null}},"37":{"start":{"line":63,"column":4},"end":{"line":63,"column":null}},"38":{"start":{"line":66,"column":2},"end":{"line":66,"column":null}},"39":{"start":{"line":76,"column":2},"end":{"line":78,"column":null}},"40":{"start":{"line":77,"column":4},"end":{"line":77,"column":null}},"41":{"start":{"line":80,"column":18},"end":{"line":80,"column":null}},"42":{"start":{"line":83,"column":2},"end":{"line":85,"column":null}},"43":{"start":{"line":84,"column":4},"end":{"line":84,"column":null}},"44":{"start":{"line":89,"column":21},"end":{"line":91,"column":23}},"45":{"start":{"line":93,"column":14},"end":{"line":93,"column":null}},"46":{"start":{"line":95,"column":2},"end":{"line":95,"column":null}}},"fnMap":{"0":{"name":"parseSpanishCSV","decl":{"start":{"line":9,"column":16},"end":{"line":9,"column":31}},"loc":{"start":{"line":9,"column":41},"end":{"line":67,"column":null}},"line":9},"1":{"name":"(anonymous_1)","decl":{"start":{"line":16,"column":40},"end":{"line":16,"column":44}},"loc":{"start":{"line":16,"column":48},"end":{"line":16,"column":59}},"line":16},"2":{"name":"(anonymous_2)","decl":{"start":{"line":33,"column":26},"end":{"line":33,"column":27}},"loc":{"start":{"line":33,"column":31},"end":{"line":33,"column":61}},"line":33},"3":{"name":"(anonymous_3)","decl":{"start":{"line":41,"column":38},"end":{"line":41,"column":39}},"loc":{"start":{"line":41,"column":43},"end":{"line":41,"column":73}},"line":41},"4":{"name":"parseSpanishNumber","decl":{"start":{"line":75,"column":16},"end":{"line":75,"column":34}},"loc":{"start":{"line":75,"column":40},"end":{"line":96,"column":null}},"line":75}},"branchMap":{"0":{"loc":{"start":{"line":10,"column":2},"end":{"line":12,"column":null}},"type":"if","locations":[{"start":{"line":10,"column":2},"end":{"line":12,"column":null}},{"start":{},"end":{}}],"line":10},"1":{"loc":{"start":{"line":13,"column":2},"end":{"line":15,"column":null}},"type":"if","locations":[{"start":{"line":13,"column":2},"end":{"line":15,"column":null}},{"start":{},"end":{}}],"line":13},"2":{"loc":{"start":{"line":17,"column":2},"end":{"line":21,"column":null}},"type":"if","locations":[{"start":{"line":17,"column":2},"end":{"line":21,"column":null}},{"start":{},"end":{}}],"line":17},"3":{"loc":{"start":{"line":18,"column":4},"end":{"line":20,"column":null}},"type":"if","locations":[{"start":{"line":18,"column":4},"end":{"line":20,"column":null}},{"start":{},"end":{}}],"line":18},"4":{"loc":{"start":{"line":32,"column":4},"end":{"line":36,"column":null}},"type":"if","locations":[{"start":{"line":32,"column":4},"end":{"line":36,"column":null}},{"start":{},"end":{}}],"line":32},"5":{"loc":{"start":{"line":39,"column":2},"end":{"line":43,"column":null}},"type":"if","locations":[{"start":{"line":39,"column":2},"end":{"line":43,"column":null}},{"start":{},"end":{}}],"line":39},"6":{"loc":{"start":{"line":50,"column":4},"end":{"line":50,"column":null}},"type":"if","locations":[{"start":{"line":50,"column":4},"end":{"line":50,"column":null}},{"start":{},"end":{}}],"line":50},"7":{"loc":{"start":{"line":57,"column":20},"end":{"line":57,"column":null}},"type":"binary-expr","locations":[{"start":{"line":57,"column":20},"end":{"line":57,"column":59}},{"start":{"line":57,"column":63},"end":{"line":57,"column":null}}],"line":57},"8":{"loc":{"start":{"line":76,"column":2},"end":{"line":78,"column":null}},"type":"if","locations":[{"start":{"line":76,"column":2},"end":{"line":78,"column":null}},{"start":{},"end":{}}],"line":76},"9":{"loc":{"start":{"line":76,"column":6},"end":{"line":76,"column":37}},"type":"binary-expr","locations":[{"start":{"line":76,"column":6},"end":{"line":76,"column":10}},{"start":{"line":76,"column":14},"end":{"line":76,"column":37}}],"line":76},"10":{"loc":{"start":{"line":83,"column":2},"end":{"line":85,"column":null}},"type":"if","locations":[{"start":{"line":83,"column":2},"end":{"line":85,"column":null}},{"start":{},"end":{}}],"line":83},"11":{"loc":{"start":{"line":95,"column":9},"end":{"line":95,"column":null}},"type":"cond-expr","locations":[{"start":{"line":95,"column":22},"end":{"line":95,"column":29}},{"start":{"line":95,"column":32},"end":{"line":95,"column":null}}],"line":95}},"s":{"0":16,"1":4,"2":12,"3":1,"4":11,"5":26,"6":11,"7":2,"8":1,"9":10,"10":10,"11":10,"12":10,"13":13,"14":13,"15":8,"16":17,"17":8,"18":8,"19":13,"20":2,"21":2,"22":2,"23":2,"24":10,"25":10,"26":10,"27":15,"28":15,"29":3,"30":12,"31":12,"32":12,"33":12,"34":23,"35":23,"36":23,"37":12,"38":10,"39":33,"40":4,"41":29,"42":29,"43":11,"44":18,"45":18,"46":18},"f":{"0":16,"1":26,"2":17,"3":2,"4":33},"b":{"0":[4,12],"1":[1,11],"2":[2,9],"3":[1,1],"4":[8,5],"5":[2,11],"6":[3,12],"7":[23,1],"8":[4,29],"9":[33,30],"10":[11,18],"11":[1,17]},"meta":{"lastBranch":12,"lastFunction":5,"lastStatement":47,"seen":{"f:9:16:9:31":0,"b:10:2:12:Infinity:undefined:undefined:undefined:undefined":0,"s:10:2:12:Infinity":0,"s:11:4:11:Infinity":1,"b:13:2:15:Infinity:undefined:undefined:undefined:undefined":1,"s:13:2:15:Infinity":2,"s:14:4:14:Infinity":3,"s:16:16:16:Infinity":4,"f:16:40:16:44":1,"s:16:48:16:59":5,"b:17:2:21:Infinity:undefined:undefined:undefined:undefined":2,"s:17:2:21:Infinity":6,"b:18:4:20:Infinity:undefined:undefined:undefined:undefined":3,"s:18:4:20:Infinity":7,"s:19:6:19:Infinity":8,"s:25:20:25:Infinity":9,"s:26:16:26:Infinity":10,"s:29:2:37:Infinity":11,"s:29:15:29:16":12,"s:30:18:30:Infinity":13,"b:32:4:36:Infinity:undefined:undefined:undefined:undefined":4,"s:32:4:36:Infinity":14,"s:33:6:33:Infinity":15,"f:33:26:33:27":2,"s:33:31:33:61":16,"s:34:6:34:Infinity":17,"s:35:6:35:Infinity":18,"b:39:2:43:Infinity:undefined:undefined:undefined:undefined":5,"s:39:2:43:Infinity":19,"s:40:4:40:Infinity":20,"s:41:4:41:Infinity":21,"f:41:38:41:39":3,"s:41:43:41:73":22,"s:42:4:42:Infinity":23,"s:45:15:45:Infinity":24,"s:48:2:64:Infinity":25,"s:48:15:48:30":26,"s:49:17:49:Infinity":27,"b:50:4:50:Infinity:undefined:undefined:undefined:undefined":6,"s:50:4:50:Infinity":28,"s:50:15:50:Infinity":29,"s:52:19:52:Infinity":30,"s:53:16:53:Infinity":31,"s:55:4:61:Infinity":32,"s:55:17:55:18":33,"s:56:21:56:Infinity":34,"s:57:20:57:Infinity":35,"b:57:20:57:59:57:63:57:Infinity":7,"s:60:6:60:Infinity":36,"s:63:4:63:Infinity":37,"s:66:2:66:Infinity":38,"f:75:16:75:34":4,"b:76:2:78:Infinity:undefined:undefined:undefined:undefined":8,"s:76:2:78:Infinity":39,"b:76:6:76:10:76:14:76:37":9,"s:77:4:77:Infinity":40,"s:80:18:80:Infinity":41,"b:83:2:85:Infinity:undefined:undefined:undefined:undefined":10,"s:83:2:85:Infinity":42,"s:84:4:84:Infinity":43,"s:89:21:91:23":44,"s:93:14:93:Infinity":45,"s:95:2:95:Infinity":46,"b:95:22:95:29:95:32:95:Infinity":11}}}
,"/Users/jose/jenarvaezg/cuentas-publicas/scripts/lib/regression.mjs": {"path":"/Users/jose/jenarvaezg/cuentas-publicas/scripts/lib/regression.mjs","statementMap":{"0":{"start":{"line":7,"column":2},"end":{"line":9,"column":null}},"1":{"start":{"line":8,"column":4},"end":{"line":8,"column":null}},"2":{"start":{"line":8,"column":52},"end":{"line":8,"column":53}},"3":{"start":{"line":11,"column":2},"end":{"line":17,"column":null}},"4":{"start":{"line":12,"column":4},"end":{"line":16,"column":null}},"5":{"start":{"line":15,"column":21},"end":{"line":15,"column":null}},"6":{"start":{"line":19,"column":12},"end":{"line":19,"column":null}},"7":{"start":{"line":20,"column":13},"end":{"line":20,"column":null}},"8":{"start":{"line":21,"column":13},"end":{"line":21,"column":null}},"9":{"start":{"line":22,"column":14},"end":{"line":22,"column":null}},"10":{"start":{"line":23,"column":14},"end":{"line":23,"column":null}},"11":{"start":{"line":25,"column":2},"end":{"line":30,"column":null}},"12":{"start":{"line":26,"column":4},"end":{"line":26,"column":null}},"13":{"start":{"line":27,"column":4},"end":{"line":27,"column":null}},"14":{"start":{"line":28,"column":4},"end":{"line":28,"column":null}},"15":{"start":{"line":29,"column":4},"end":{"line":29,"column":null}},"16":{"start":{"line":33,"column":20},"end":{"line":33,"column":null}},"17":{"start":{"line":34,"column":22},"end":{"line":34,"column":null}},"18":{"start":{"line":36,"column":16},"end":{"line":36,"column":null}},"19":{"start":{"line":37,"column":20},"end":{"line":37,"column":null}},"20":{"start":{"line":39,"column":2},"end":{"line":43,"column":null}},"21":{"start":{"line":42,"column":20},"end":{"line":42,"column":null}}},"fnMap":{"0":{"name":"linearRegression","decl":{"start":{"line":6,"column":16},"end":{"line":6,"column":32}},"loc":{"start":{"line":6,"column":41},"end":{"line":44,"column":null}},"line":6},"1":{"name":"(anonymous_1)","decl":{"start":{"line":8,"column":46},"end":{"line":8,"column":47}},"loc":{"start":{"line":8,"column":52},"end":{"line":8,"column":53}},"line":8},"2":{"name":"(anonymous_2)","decl":{"start":{"line":15,"column":15},"end":{"line":15,"column":16}},"loc":{"start":{"line":15,"column":21},"end":{"line":15,"column":null}},"line":15},"3":{"name":"(anonymous_3)","decl":{"start":{"line":42,"column":13},"end":{"line":42,"column":14}},"loc":{"start":{"line":42,"column":20},"end":{"line":42,"column":null}},"line":42}},"branchMap":{"0":{"loc":{"start":{"line":7,"column":2},"end":{"line":9,"column":null}},"type":"if","locations":[{"start":{"line":7,"column":2},"end":{"line":9,"column":null}},{"start":{},"end":{}}],"line":7},"1":{"loc":{"start":{"line":7,"column":6},"end":{"line":7,"column":36}},"type":"binary-expr","locations":[{"start":{"line":7,"column":6},"end":{"line":7,"column":13}},{"start":{"line":7,"column":17},"end":{"line":7,"column":36}}],"line":7},"2":{"loc":{"start":{"line":11,"column":2},"end":{"line":17,"column":null}},"type":"if","locations":[{"start":{"line":11,"column":2},"end":{"line":17,"column":null}},{"start":{},"end":{}}],"line":11},"3":{"loc":{"start":{"line":36,"column":16},"end":{"line":36,"column":null}},"type":"cond-expr","locations":[{"start":{"line":36,"column":36},"end":{"line":36,"column":59}},{"start":{"line":36,"column":62},"end":{"line":36,"column":null}}],"line":36}},"s":{"0":10,"1":2,"2":1,"3":8,"4":1,"5":1,"6":7,"7":7,"8":7,"9":7,"10":7,"11":7,"12":22,"13":22,"14":22,"15":22,"16":7,"17":7,"18":7,"19":10,"20":10,"21":3},"f":{"0":10,"1":1,"2":1,"3":3},"b":{"0":[2,8],"1":[10,9],"2":[1,7],"3":[6,1]},"meta":{"lastBranch":4,"lastFunction":4,"lastStatement":22,"seen":{"f:6:16:6:32":0,"b:7:2:9:Infinity:undefined:undefined:undefined:undefined":0,"s:7:2:9:Infinity":0,"b:7:6:7:13:7:17:7:36":1,"s:8:4:8:Infinity":1,"f:8:46:8:47":1,"s:8:52:8:53":2,"b:11:2:17:Infinity:undefined:undefined:undefined:undefined":2,"s:11:2:17:Infinity":3,"s:12:4:16:Infinity":4,"f:15:15:15:16":2,"s:15:21:15:Infinity":5,"s:19:12:19:Infinity":6,"s:20:13:20:Infinity":7,"s:21:13:21:Infinity":8,"s:22:14:22:Infinity":9,"s:23:14:23:Infinity":10,"s:25:2:30:Infinity":11,"s:26:4:26:Infinity":12,"s:27:4:27:Infinity":13,"s:28:4:28:Infinity":14,"s:29:4:29:Infinity":15,"s:33:20:33:Infinity":16,"s:34:22:34:Infinity":17,"s:36:16:36:Infinity":18,"b:36:36:36:59:36:62:36:Infinity":3,"s:37:20:37:Infinity":19,"s:39:2:43:Infinity":20,"f:42:13:42:14":3,"s:42:20:42:Infinity":21}}}
,"/Users/jose/jenarvaezg/cuentas-publicas/src/utils/formatters.ts": {"path":"/Users/jose/jenarvaezg/cuentas-publicas/src/utils/formatters.ts","statementMap":{"0":{"start":{"line":3,"column":2},"end":{"line":6,"column":null}},"1":{"start":{"line":11,"column":2},"end":{"line":16,"column":null}},"2":{"start":{"line":22,"column":19},"end":{"line":22,"column":null}},"3":{"start":{"line":23,"column":15},"end":{"line":23,"column":null}},"4":{"start":{"line":25,"column":2},"end":{"line":37,"column":null}},"5":{"start":{"line":27,"column":4},"end":{"line":27,"column":null}},"6":{"start":{"line":28,"column":2},"end":{"line":37,"column":null}},"7":{"start":{"line":30,"column":4},"end":{"line":30,"column":null}},"8":{"start":{"line":31,"column":2},"end":{"line":37,"column":null}},"9":{"start":{"line":33,"column":4},"end":{"line":33,"column":null}},"10":{"start":{"line":34,"column":2},"end":{"line":37,"column":null}},"11":{"start":{"line":36,"column":4},"end":{"line":36,"column":null}},"12":{"start":{"line":39,"column":2},"end":{"line":39,"column":null}},"13":{"start":{"line":44,"column":2},"end":{"line":48,"column":null}},"14":{"start":{"line":54,"column":23},"end":{"line":54,"column":null}},"15":{"start":{"line":55,"column":2},"end":{"line":58,"column":null}},"16":{"start":{"line":56,"column":30},"end":{"line":56,"column":null}},"17":{"start":{"line":57,"column":4},"end":{"line":57,"column":null}},"18":{"start":{"line":61,"column":2},"end":{"line":70,"column":null}},"19":{"start":{"line":62,"column":20},"end":{"line":62,"column":null}},"20":{"start":{"line":63,"column":4},"end":{"line":67,"column":null}},"21":{"start":{"line":69,"column":4},"end":{"line":69,"column":null}}},"fnMap":{"0":{"name":"formatNumber","decl":{"start":{"line":2,"column":16},"end":{"line":2,"column":29}},"loc":{"start":{"line":2,"column":71},"end":{"line":7,"column":null}},"line":2},"1":{"name":"formatCurrency","decl":{"start":{"line":10,"column":16},"end":{"line":10,"column":31}},"loc":{"start":{"line":10,"column":68},"end":{"line":17,"column":null}},"line":10},"2":{"name":"formatCompact","decl":{"start":{"line":21,"column":16},"end":{"line":21,"column":30}},"loc":{"start":{"line":21,"column":53},"end":{"line":40,"column":null}},"line":21},"3":{"name":"formatPercent","decl":{"start":{"line":43,"column":16},"end":{"line":43,"column":30}},"loc":{"start":{"line":43,"column":53},"end":{"line":49,"column":null}},"line":43},"4":{"name":"formatDate","decl":{"start":{"line":52,"column":16},"end":{"line":52,"column":27}},"loc":{"start":{"line":52,"column":49},"end":{"line":71,"column":null}},"line":52}},"branchMap":{"0":{"loc":{"start":{"line":10,"column":46},"end":{"line":10,"column":68}},"type":"default-arg","locations":[{"start":{"line":10,"column":57},"end":{"line":10,"column":68}}],"line":10},"1":{"loc":{"start":{"line":23,"column":15},"end":{"line":23,"column":null}},"type":"cond-expr","locations":[{"start":{"line":23,"column":27},"end":{"line":23,"column":33}},{"start":{"line":23,"column":33},"end":{"line":23,"column":null}}],"line":23},"2":{"loc":{"start":{"line":25,"column":2},"end":{"line":37,"column":null}},"type":"if","locations":[{"start":{"line":25,"column":2},"end":{"line":37,"column":null}},{"start":{"line":28,"column":2},"end":{"line":37,"column":null}}],"line":25},"3":{"loc":{"start":{"line":28,"column":2},"end":{"line":37,"column":null}},"type":"if","locations":[{"start":{"line":28,"column":2},"end":{"line":37,"column":null}},{"start":{"line":31,"column":2},"end":{"line":37,"column":null}}],"line":28},"4":{"loc":{"start":{"line":31,"column":2},"end":{"line":37,"column":null}},"type":"if","locations":[{"start":{"line":31,"column":2},"end":{"line":37,"column":null}},{"start":{"line":34,"column":2},"end":{"line":37,"column":null}}],"line":31},"5":{"loc":{"start":{"line":34,"column":2},"end":{"line":37,"column":null}},"type":"if","locations":[{"start":{"line":34,"column":2},"end":{"line":37,"column":null}},{"start":{},"end":{}}],"line":34},"6":{"loc":{"start":{"line":55,"column":2},"end":{"line":58,"column":null}},"type":"if","locations":[{"start":{"line":55,"column":2},"end":{"line":58,"column":null}},{"start":{},"end":{}}],"line":55}},"s":{"0":11,"1":7,"2":8,"3":8,"4":8,"5":2,"6":6,"7":2,"8":4,"9":1,"10":3,"11":1,"12":2,"13":4,"14":7,"15":7,"16":4,"17":4,"18":3,"19":3,"20":3,"21":1},"f":{"0":11,"1":7,"2":8,"3":4,"4":7},"b":{"0":[7],"1":[2,6],"2":[2,6],"3":[2,4],"4":[1,3],"5":[1,2],"6":[4,3]},"meta":{"lastBranch":7,"lastFunction":5,"lastStatement":22,"seen":{"f:2:16:2:29":0,"s:3:2:6:Infinity":0,"f:10:16:10:31":1,"b:10:57:10:68":0,"s:11:2:16:Infinity":1,"f:21:16:21:30":2,"s:22:19:22:Infinity":2,"s:23:15:23:Infinity":3,"b:23:27:23:33:23:33:23:Infinity":1,"b:25:2:37:Infinity:28:2:37:Infinity":2,"s:25:2:37:Infinity":4,"s:27:4:27:Infinity":5,"b:28:2:37:Infinity:31:2:37:Infinity":3,"s:28:2:37:Infinity":6,"s:30:4:30:Infinity":7,"b:31:2:37:Infinity:34:2:37:Infinity":4,"s:31:2:37:Infinity":8,"s:33:4:33:Infinity":9,"b:34:2:37:Infinity:undefined:undefined:undefined:undefined":5,"s:34:2:37:Infinity":10,"s:36:4:36:Infinity":11,"s:39:2:39:Infinity":12,"f:43:16:43:30":3,"s:44:2:48:Infinity":13,"f:52:16:52:27":4,"s:54:23:54:Infinity":14,"b:55:2:58:Infinity:undefined:undefined:undefined:undefined":6,"s:55:2:58:Infinity":15,"s:56:30:56:Infinity":16,"s:57:4:57:Infinity":17,"s:61:2:70:Infinity":18,"s:62:20:62:Infinity":19,"s:63:4:67:Infinity":20,"s:69:4:69:Infinity":21}}}
}
