{"/Users/jose/jenarvaezg/cuentas-publicas/scripts/lib/csv-parser.mjs": {"path":"/Users/jose/jenarvaezg/cuentas-publicas/scripts/lib/csv-parser.mjs","statementMap":{"0":{"start":{"line":10,"column":2},"end":{"line":12,"column":null}},"1":{"start":{"line":11,"column":4},"end":{"line":11,"column":null}},"2":{"start":{"line":13,"column":2},"end":{"line":15,"column":null}},"3":{"start":{"line":14,"column":4},"end":{"line":14,"column":null}},"4":{"start":{"line":16,"column":16},"end":{"line":16,"column":null}},"5":{"start":{"line":16,"column":48},"end":{"line":16,"column":59}},"6":{"start":{"line":17,"column":2},"end":{"line":21,"column":null}},"7":{"start":{"line":18,"column":4},"end":{"line":20,"column":null}},"8":{"start":{"line":19,"column":6},"end":{"line":19,"column":null}},"9":{"start":{"line":25,"column":20},"end":{"line":25,"column":null}},"10":{"start":{"line":26,"column":16},"end":{"line":26,"column":null}},"11":{"start":{"line":29,"column":2},"end":{"line":37,"column":null}},"12":{"start":{"line":29,"column":15},"end":{"line":29,"column":16}},"13":{"start":{"line":30,"column":18},"end":{"line":30,"column":null}},"14":{"start":{"line":32,"column":4},"end":{"line":36,"column":null}},"15":{"start":{"line":33,"column":6},"end":{"line":33,"column":null}},"16":{"start":{"line":33,"column":31},"end":{"line":33,"column":61}},"17":{"start":{"line":34,"column":6},"end":{"line":34,"column":null}},"18":{"start":{"line":35,"column":6},"end":{"line":35,"column":null}},"19":{"start":{"line":39,"column":2},"end":{"line":43,"column":null}},"20":{"start":{"line":40,"column":4},"end":{"line":40,"column":null}},"21":{"start":{"line":41,"column":4},"end":{"line":41,"column":null}},"22":{"start":{"line":41,"column":43},"end":{"line":41,"column":73}},"23":{"start":{"line":42,"column":4},"end":{"line":42,"column":null}},"24":{"start":{"line":45,"column":15},"end":{"line":45,"column":null}},"25":{"start":{"line":48,"column":2},"end":{"line":64,"column":null}},"26":{"start":{"line":48,"column":15},"end":{"line":48,"column":30}},"27":{"start":{"line":49,"column":17},"end":{"line":49,"column":null}},"28":{"start":{"line":50,"column":4},"end":{"line":50,"column":null}},"29":{"start":{"line":50,"column":15},"end":{"line":50,"column":null}},"30":{"start":{"line":52,"column":19},"end":{"line":52,"column":null}},"31":{"start":{"line":53,"column":16},"end":{"line":53,"column":null}},"32":{"start":{"line":55,"column":4},"end":{"line":61,"column":null}},"33":{"start":{"line":55,"column":17},"end":{"line":55,"column":18}},"34":{"start":{"line":56,"column":21},"end":{"line":56,"column":null}},"35":{"start":{"line":57,"column":20},"end":{"line":57,"column":null}},"36":{"start":{"line":60,"column":6},"end":{"line":60,"column":null}},"37":{"start":{"line":63,"column":4},"end":{"line":63,"column":null}},"38":{"start":{"line":66,"column":2},"end":{"line":66,"column":null}},"39":{"start":{"line":76,"column":2},"end":{"line":78,"column":null}},"40":{"start":{"line":77,"column":4},"end":{"line":77,"column":null}},"41":{"start":{"line":80,"column":18},"end":{"line":80,"column":null}},"42":{"start":{"line":83,"column":2},"end":{"line":85,"column":null}},"43":{"start":{"line":84,"column":4},"end":{"line":84,"column":null}},"44":{"start":{"line":89,"column":21},"end":{"line":91,"column":23}},"45":{"start":{"line":93,"column":14},"end":{"line":93,"column":null}},"46":{"start":{"line":95,"column":2},"end":{"line":95,"column":null}}},"fnMap":{"0":{"name":"parseSpanishCSV","decl":{"start":{"line":9,"column":16},"end":{"line":9,"column":31}},"loc":{"start":{"line":9,"column":41},"end":{"line":67,"column":null}},"line":9},"1":{"name":"(anonymous_1)","decl":{"start":{"line":16,"column":40},"end":{"line":16,"column":44}},"loc":{"start":{"line":16,"column":48},"end":{"line":16,"column":59}},"line":16},"2":{"name":"(anonymous_2)","decl":{"start":{"line":33,"column":26},"end":{"line":33,"column":27}},"loc":{"start":{"line":33,"column":31},"end":{"line":33,"column":61}},"line":33},"3":{"name":"(anonymous_3)","decl":{"start":{"line":41,"column":38},"end":{"line":41,"column":39}},"loc":{"start":{"line":41,"column":43},"end":{"line":41,"column":73}},"line":41},"4":{"name":"parseSpanishNumber","decl":{"start":{"line":75,"column":16},"end":{"line":75,"column":34}},"loc":{"start":{"line":75,"column":40},"end":{"line":96,"column":null}},"line":75}},"branchMap":{"0":{"loc":{"start":{"line":10,"column":2},"end":{"line":12,"column":null}},"type":"if","locations":[{"start":{"line":10,"column":2},"end":{"line":12,"column":null}},{"start":{},"end":{}}],"line":10},"1":{"loc":{"start":{"line":13,"column":2},"end":{"line":15,"column":null}},"type":"if","locations":[{"start":{"line":13,"column":2},"end":{"line":15,"column":null}},{"start":{},"end":{}}],"line":13},"2":{"loc":{"start":{"line":17,"column":2},"end":{"line":21,"column":null}},"type":"if","locations":[{"start":{"line":17,"column":2},"end":{"line":21,"column":null}},{"start":{},"end":{}}],"line":17},"3":{"loc":{"start":{"line":18,"column":4},"end":{"line":20,"column":null}},"type":"if","locations":[{"start":{"line":18,"column":4},"end":{"line":20,"column":null}},{"start":{},"end":{}}],"line":18},"4":{"loc":{"start":{"line":32,"column":4},"end":{"line":36,"column":null}},"type":"if","locations":[{"start":{"line":32,"column":4},"end":{"line":36,"column":null}},{"start":{},"end":{}}],"line":32},"5":{"loc":{"start":{"line":39,"column":2},"end":{"line":43,"column":null}},"type":"if","locations":[{"start":{"line":39,"column":2},"end":{"line":43,"column":null}},{"start":{},"end":{}}],"line":39},"6":{"loc":{"start":{"line":50,"column":4},"end":{"line":50,"column":null}},"type":"if","locations":[{"start":{"line":50,"column":4},"end":{"line":50,"column":null}},{"start":{},"end":{}}],"line":50},"7":{"loc":{"start":{"line":57,"column":20},"end":{"line":57,"column":null}},"type":"binary-expr","locations":[{"start":{"line":57,"column":20},"end":{"line":57,"column":59}},{"start":{"line":57,"column":63},"end":{"line":57,"column":null}}],"line":57},"8":{"loc":{"start":{"line":76,"column":2},"end":{"line":78,"column":null}},"type":"if","locations":[{"start":{"line":76,"column":2},"end":{"line":78,"column":null}},{"start":{},"end":{}}],"line":76},"9":{"loc":{"start":{"line":76,"column":6},"end":{"line":76,"column":37}},"type":"binary-expr","locations":[{"start":{"line":76,"column":6},"end":{"line":76,"column":10}},{"start":{"line":76,"column":14},"end":{"line":76,"column":37}}],"line":76},"10":{"loc":{"start":{"line":83,"column":2},"end":{"line":85,"column":null}},"type":"if","locations":[{"start":{"line":83,"column":2},"end":{"line":85,"column":null}},{"start":{},"end":{}}],"line":83},"11":{"loc":{"start":{"line":95,"column":9},"end":{"line":95,"column":null}},"type":"cond-expr","locations":[{"start":{"line":95,"column":22},"end":{"line":95,"column":29}},{"start":{"line":95,"column":32},"end":{"line":95,"column":null}}],"line":95}},"s":{"0":16,"1":4,"2":12,"3":1,"4":11,"5":26,"6":11,"7":2,"8":1,"9":10,"10":10,"11":10,"12":10,"13":13,"14":13,"15":8,"16":17,"17":8,"18":8,"19":13,"20":2,"21":2,"22":2,"23":2,"24":10,"25":10,"26":10,"27":15,"28":15,"29":3,"30":12,"31":12,"32":12,"33":12,"34":23,"35":23,"36":23,"37":12,"38":10,"39":33,"40":4,"41":29,"42":29,"43":11,"44":18,"45":18,"46":18},"f":{"0":16,"1":26,"2":17,"3":2,"4":33},"b":{"0":[4,12],"1":[1,11],"2":[2,9],"3":[1,1],"4":[8,5],"5":[2,11],"6":[3,12],"7":[23,1],"8":[4,29],"9":[33,30],"10":[11,18],"11":[1,17]},"meta":{"lastBranch":12,"lastFunction":5,"lastStatement":47,"seen":{"f:9:16:9:31":0,"b:10:2:12:Infinity:undefined:undefined:undefined:undefined":0,"s:10:2:12:Infinity":0,"s:11:4:11:Infinity":1,"b:13:2:15:Infinity:undefined:undefined:undefined:undefined":1,"s:13:2:15:Infinity":2,"s:14:4:14:Infinity":3,"s:16:16:16:Infinity":4,"f:16:40:16:44":1,"s:16:48:16:59":5,"b:17:2:21:Infinity:undefined:undefined:undefined:undefined":2,"s:17:2:21:Infinity":6,"b:18:4:20:Infinity:undefined:undefined:undefined:undefined":3,"s:18:4:20:Infinity":7,"s:19:6:19:Infinity":8,"s:25:20:25:Infinity":9,"s:26:16:26:Infinity":10,"s:29:2:37:Infinity":11,"s:29:15:29:16":12,"s:30:18:30:Infinity":13,"b:32:4:36:Infinity:undefined:undefined:undefined:undefined":4,"s:32:4:36:Infinity":14,"s:33:6:33:Infinity":15,"f:33:26:33:27":2,"s:33:31:33:61":16,"s:34:6:34:Infinity":17,"s:35:6:35:Infinity":18,"b:39:2:43:Infinity:undefined:undefined:undefined:undefined":5,"s:39:2:43:Infinity":19,"s:40:4:40:Infinity":20,"s:41:4:41:Infinity":21,"f:41:38:41:39":3,"s:41:43:41:73":22,"s:42:4:42:Infinity":23,"s:45:15:45:Infinity":24,"s:48:2:64:Infinity":25,"s:48:15:48:30":26,"s:49:17:49:Infinity":27,"b:50:4:50:Infinity:undefined:undefined:undefined:undefined":6,"s:50:4:50:Infinity":28,"s:50:15:50:Infinity":29,"s:52:19:52:Infinity":30,"s:53:16:53:Infinity":31,"s:55:4:61:Infinity":32,"s:55:17:55:18":33,"s:56:21:56:Infinity":34,"s:57:20:57:Infinity":35,"b:57:20:57:59:57:63:57:Infinity":7,"s:60:6:60:Infinity":36,"s:63:4:63:Infinity":37,"s:66:2:66:Infinity":38,"f:75:16:75:34":4,"b:76:2:78:Infinity:undefined:undefined:undefined:undefined":8,"s:76:2:78:Infinity":39,"b:76:6:76:10:76:14:76:37":9,"s:77:4:77:Infinity":40,"s:80:18:80:Infinity":41,"b:83:2:85:Infinity:undefined:undefined:undefined:undefined":10,"s:83:2:85:Infinity":42,"s:84:4:84:Infinity":43,"s:89:21:91:23":44,"s:93:14:93:Infinity":45,"s:95:2:95:Infinity":46,"b:95:22:95:29:95:32:95:Infinity":11}}}
,"/Users/jose/jenarvaezg/cuentas-publicas/scripts/lib/regression.mjs": {"path":"/Users/jose/jenarvaezg/cuentas-publicas/scripts/lib/regression.mjs","statementMap":{"0":{"start":{"line":7,"column":2},"end":{"line":9,"column":null}},"1":{"start":{"line":8,"column":4},"end":{"line":8,"column":null}},"2":{"start":{"line":8,"column":52},"end":{"line":8,"column":53}},"3":{"start":{"line":11,"column":2},"end":{"line":17,"column":null}},"4":{"start":{"line":12,"column":4},"end":{"line":16,"column":null}},"5":{"start":{"line":15,"column":21},"end":{"line":15,"column":null}},"6":{"start":{"line":19,"column":12},"end":{"line":19,"column":null}},"7":{"start":{"line":20,"column":13},"end":{"line":20,"column":null}},"8":{"start":{"line":21,"column":13},"end":{"line":21,"column":null}},"9":{"start":{"line":22,"column":14},"end":{"line":22,"column":null}},"10":{"start":{"line":23,"column":14},"end":{"line":23,"column":null}},"11":{"start":{"line":25,"column":2},"end":{"line":30,"column":null}},"12":{"start":{"line":26,"column":4},"end":{"line":26,"column":null}},"13":{"start":{"line":27,"column":4},"end":{"line":27,"column":null}},"14":{"start":{"line":28,"column":4},"end":{"line":28,"column":null}},"15":{"start":{"line":29,"column":4},"end":{"line":29,"column":null}},"16":{"start":{"line":33,"column":20},"end":{"line":33,"column":null}},"17":{"start":{"line":34,"column":22},"end":{"line":34,"column":null}},"18":{"start":{"line":36,"column":16},"end":{"line":36,"column":null}},"19":{"start":{"line":37,"column":20},"end":{"line":37,"column":null}},"20":{"start":{"line":39,"column":2},"end":{"line":43,"column":null}},"21":{"start":{"line":42,"column":20},"end":{"line":42,"column":null}}},"fnMap":{"0":{"name":"linearRegression","decl":{"start":{"line":6,"column":16},"end":{"line":6,"column":32}},"loc":{"start":{"line":6,"column":41},"end":{"line":44,"column":null}},"line":6},"1":{"name":"(anonymous_1)","decl":{"start":{"line":8,"column":46},"end":{"line":8,"column":47}},"loc":{"start":{"line":8,"column":52},"end":{"line":8,"column":53}},"line":8},"2":{"name":"(anonymous_2)","decl":{"start":{"line":15,"column":15},"end":{"line":15,"column":16}},"loc":{"start":{"line":15,"column":21},"end":{"line":15,"column":null}},"line":15},"3":{"name":"(anonymous_3)","decl":{"start":{"line":42,"column":13},"end":{"line":42,"column":14}},"loc":{"start":{"line":42,"column":20},"end":{"line":42,"column":null}},"line":42}},"branchMap":{"0":{"loc":{"start":{"line":7,"column":2},"end":{"line":9,"column":null}},"type":"if","locations":[{"start":{"line":7,"column":2},"end":{"line":9,"column":null}},{"start":{},"end":{}}],"line":7},"1":{"loc":{"start":{"line":7,"column":6},"end":{"line":7,"column":36}},"type":"binary-expr","locations":[{"start":{"line":7,"column":6},"end":{"line":7,"column":13}},{"start":{"line":7,"column":17},"end":{"line":7,"column":36}}],"line":7},"2":{"loc":{"start":{"line":11,"column":2},"end":{"line":17,"column":null}},"type":"if","locations":[{"start":{"line":11,"column":2},"end":{"line":17,"column":null}},{"start":{},"end":{}}],"line":11},"3":{"loc":{"start":{"line":36,"column":16},"end":{"line":36,"column":null}},"type":"cond-expr","locations":[{"start":{"line":36,"column":36},"end":{"line":36,"column":59}},{"start":{"line":36,"column":62},"end":{"line":36,"column":null}}],"line":36}},"s":{"0":13,"1":2,"2":1,"3":11,"4":1,"5":1,"6":10,"7":10,"8":10,"9":10,"10":10,"11":10,"12":48,"13":48,"14":48,"15":48,"16":10,"17":10,"18":10,"19":13,"20":13,"21":3},"f":{"0":13,"1":1,"2":1,"3":3},"b":{"0":[2,11],"1":[13,12],"2":[1,10],"3":[9,1]},"meta":{"lastBranch":4,"lastFunction":4,"lastStatement":22,"seen":{"f:6:16:6:32":0,"b:7:2:9:Infinity:undefined:undefined:undefined:undefined":0,"s:7:2:9:Infinity":0,"b:7:6:7:13:7:17:7:36":1,"s:8:4:8:Infinity":1,"f:8:46:8:47":1,"s:8:52:8:53":2,"b:11:2:17:Infinity:undefined:undefined:undefined:undefined":2,"s:11:2:17:Infinity":3,"s:12:4:16:Infinity":4,"f:15:15:15:16":2,"s:15:21:15:Infinity":5,"s:19:12:19:Infinity":6,"s:20:13:20:Infinity":7,"s:21:13:21:Infinity":8,"s:22:14:22:Infinity":9,"s:23:14:23:Infinity":10,"s:25:2:30:Infinity":11,"s:26:4:26:Infinity":12,"s:27:4:27:Infinity":13,"s:28:4:28:Infinity":14,"s:29:4:29:Infinity":15,"s:33:20:33:Infinity":16,"s:34:22:34:Infinity":17,"s:36:16:36:Infinity":18,"b:36:36:36:59:36:62:36:Infinity":3,"s:37:20:37:Infinity":19,"s:39:2:43:Infinity":20,"f:42:13:42:14":3,"s:42:20:42:Infinity":21}}}
,"/Users/jose/jenarvaezg/cuentas-publicas/scripts/sources/bde.mjs": {"path":"/Users/jose/jenarvaezg/cuentas-publicas/scripts/sources/bde.mjs","statementMap":{"0":{"start":{"line":4,"column":21},"end":{"line":4,"column":null}},"1":{"start":{"line":5,"column":21},"end":{"line":5,"column":null}},"2":{"start":{"line":12,"column":2},"end":{"line":12,"column":null}},"3":{"start":{"line":14,"column":2},"end":{"line":38,"column":null}},"4":{"start":{"line":16,"column":45},"end":{"line":20,"column":null}},"5":{"start":{"line":23,"column":24},"end":{"line":23,"column":null}},"6":{"start":{"line":24,"column":26},"end":{"line":24,"column":null}},"7":{"start":{"line":25,"column":22},"end":{"line":25,"column":null}},"8":{"start":{"line":28,"column":19},"end":{"line":28,"column":null}},"9":{"start":{"line":30,"column":4},"end":{"line":30,"column":null}},"10":{"start":{"line":31,"column":4},"end":{"line":31,"column":null}},"11":{"start":{"line":32,"column":4},"end":{"line":32,"column":null}},"12":{"start":{"line":34,"column":4},"end":{"line":34,"column":null}},"13":{"start":{"line":36,"column":4},"end":{"line":36,"column":null}},"14":{"start":{"line":37,"column":4},"end":{"line":37,"column":null}},"15":{"start":{"line":46,"column":2},"end":{"line":46,"column":null}},"16":{"start":{"line":47,"column":14},"end":{"line":47,"column":null}},"17":{"start":{"line":49,"column":19},"end":{"line":49,"column":null}},"18":{"start":{"line":51,"column":18},"end":{"line":51,"column":null}},"19":{"start":{"line":52,"column":20},"end":{"line":52,"column":null}},"20":{"start":{"line":53,"column":19},"end":{"line":53,"column":null}},"21":{"start":{"line":55,"column":2},"end":{"line":55,"column":null}},"22":{"start":{"line":58,"column":19},"end":{"line":58,"column":null}},"23":{"start":{"line":60,"column":2},"end":{"line":60,"column":null}},"24":{"start":{"line":63,"column":2},"end":{"line":91,"column":null}},"25":{"start":{"line":64,"column":22},"end":{"line":64,"column":null}},"26":{"start":{"line":65,"column":21},"end":{"line":65,"column":null}},"27":{"start":{"line":66,"column":4},"end":{"line":66,"column":null}},"28":{"start":{"line":69,"column":4},"end":{"line":69,"column":null}},"29":{"start":{"line":70,"column":18},"end":{"line":70,"column":null}},"30":{"start":{"line":71,"column":4},"end":{"line":73,"column":null}},"31":{"start":{"line":72,"column":6},"end":{"line":72,"column":null}},"32":{"start":{"line":76,"column":4},"end":{"line":90,"column":null}},"33":{"start":{"line":77,"column":6},"end":{"line":77,"column":null}},"34":{"start":{"line":78,"column":6},"end":{"line":80,"column":null}},"35":{"start":{"line":79,"column":8},"end":{"line":79,"column":null}},"36":{"start":{"line":81,"column":6},"end":{"line":83,"column":null}},"37":{"start":{"line":82,"column":8},"end":{"line":82,"column":null}},"38":{"start":{"line":84,"column":6},"end":{"line":86,"column":null}},"39":{"start":{"line":85,"column":8},"end":{"line":85,"column":null}},"40":{"start":{"line":87,"column":6},"end":{"line":89,"column":null}},"41":{"start":{"line":88,"column":8},"end":{"line":88,"column":null}},"42":{"start":{"line":93,"column":2},"end":{"line":93,"column":null}},"43":{"start":{"line":100,"column":2},"end":{"line":100,"column":null}},"44":{"start":{"line":101,"column":14},"end":{"line":101,"column":null}},"45":{"start":{"line":103,"column":19},"end":{"line":103,"column":null}},"46":{"start":{"line":105,"column":18},"end":{"line":105,"column":null}},"47":{"start":{"line":108,"column":19},"end":{"line":108,"column":null}},"48":{"start":{"line":110,"column":2},"end":{"line":110,"column":null}},"49":{"start":{"line":112,"column":2},"end":{"line":112,"column":null}},"50":{"start":{"line":119,"column":2},"end":{"line":119,"column":null}},"51":{"start":{"line":120,"column":14},"end":{"line":120,"column":null}},"52":{"start":{"line":122,"column":19},"end":{"line":122,"column":null}},"53":{"start":{"line":124,"column":15},"end":{"line":124,"column":null}},"54":{"start":{"line":125,"column":2},"end":{"line":125,"column":null}},"55":{"start":{"line":128,"column":2},"end":{"line":128,"column":null}},"56":{"start":{"line":139,"column":17},"end":{"line":143,"column":null}},"57":{"start":{"line":145,"column":2},"end":{"line":145,"column":null}},"58":{"start":{"line":145,"column":16},"end":{"line":145,"column":null}},"59":{"start":{"line":147,"column":16},"end":{"line":147,"column":null}},"60":{"start":{"line":147,"column":51},"end":{"line":147,"column":62}},"61":{"start":{"line":148,"column":2},"end":{"line":148,"column":null}},"62":{"start":{"line":148,"column":24},"end":{"line":148,"column":null}},"63":{"start":{"line":151,"column":22},"end":{"line":151,"column":null}},"64":{"start":{"line":152,"column":23},"end":{"line":152,"column":null}},"65":{"start":{"line":153,"column":16},"end":{"line":153,"column":null}},"66":{"start":{"line":156,"column":21},"end":{"line":156,"column":null}},"67":{"start":{"line":157,"column":18},"end":{"line":157,"column":null}},"68":{"start":{"line":158,"column":16},"end":{"line":158,"column":null}},"69":{"start":{"line":159,"column":16},"end":{"line":159,"column":null}},"70":{"start":{"line":160,"column":14},"end":{"line":160,"column":null}},"71":{"start":{"line":161,"column":15},"end":{"line":161,"column":null}},"72":{"start":{"line":163,"column":2},"end":{"line":163,"column":null}},"73":{"start":{"line":164,"column":2},"end":{"line":192,"column":null}},"74":{"start":{"line":164,"column":15},"end":{"line":164,"column":16}},"75":{"start":{"line":165,"column":17},"end":{"line":165,"column":null}},"76":{"start":{"line":166,"column":18},"end":{"line":166,"column":null}},"77":{"start":{"line":168,"column":4},"end":{"line":186,"column":null}},"78":{"start":{"line":169,"column":6},"end":{"line":169,"column":null}},"79":{"start":{"line":170,"column":6},"end":{"line":170,"column":null}},"80":{"start":{"line":171,"column":11},"end":{"line":186,"column":null}},"81":{"start":{"line":172,"column":6},"end":{"line":172,"column":null}},"82":{"start":{"line":173,"column":6},"end":{"line":173,"column":null}},"83":{"start":{"line":174,"column":11},"end":{"line":186,"column":null}},"84":{"start":{"line":175,"column":6},"end":{"line":175,"column":null}},"85":{"start":{"line":176,"column":6},"end":{"line":176,"column":null}},"86":{"start":{"line":177,"column":11},"end":{"line":186,"column":null}},"87":{"start":{"line":178,"column":6},"end":{"line":178,"column":null}},"88":{"start":{"line":179,"column":6},"end":{"line":179,"column":null}},"89":{"start":{"line":180,"column":11},"end":{"line":186,"column":null}},"90":{"start":{"line":181,"column":6},"end":{"line":181,"column":null}},"91":{"start":{"line":182,"column":6},"end":{"line":182,"column":null}},"92":{"start":{"line":183,"column":11},"end":{"line":186,"column":null}},"93":{"start":{"line":184,"column":6},"end":{"line":184,"column":null}},"94":{"start":{"line":185,"column":6},"end":{"line":185,"column":null}},"95":{"start":{"line":189,"column":4},"end":{"line":191,"column":null}},"96":{"start":{"line":190,"column":6},"end":{"line":190,"column":null}},"97":{"start":{"line":194,"column":2},"end":{"line":194,"column":null}},"98":{"start":{"line":197,"column":2},"end":{"line":247,"column":null}},"99":{"start":{"line":197,"column":15},"end":{"line":197,"column":16}},"100":{"start":{"line":198,"column":16},"end":{"line":198,"column":null}},"101":{"start":{"line":199,"column":4},"end":{"line":199,"column":null}},"102":{"start":{"line":199,"column":24},"end":{"line":199,"column":null}},"103":{"start":{"line":201,"column":20},"end":{"line":201,"column":null}},"104":{"start":{"line":202,"column":20},"end":{"line":202,"column":null}},"105":{"start":{"line":203,"column":4},"end":{"line":203,"column":null}},"106":{"start":{"line":203,"column":18},"end":{"line":203,"column":null}},"107":{"start":{"line":205,"column":20},"end":{"line":205,"column":null}},"108":{"start":{"line":208,"column":4},"end":{"line":216,"column":null}},"109":{"start":{"line":209,"column":20},"end":{"line":209,"column":null}},"110":{"start":{"line":210,"column":6},"end":{"line":215,"column":null}},"111":{"start":{"line":211,"column":8},"end":{"line":214,"column":null}},"112":{"start":{"line":219,"column":4},"end":{"line":222,"column":null}},"113":{"start":{"line":220,"column":20},"end":{"line":220,"column":null}},"114":{"start":{"line":221,"column":6},"end":{"line":221,"column":null}},"115":{"start":{"line":221,"column":21},"end":{"line":221,"column":null}},"116":{"start":{"line":223,"column":4},"end":{"line":226,"column":null}},"117":{"start":{"line":224,"column":20},"end":{"line":224,"column":null}},"118":{"start":{"line":225,"column":6},"end":{"line":225,"column":null}},"119":{"start":{"line":225,"column":21},"end":{"line":225,"column":null}},"120":{"start":{"line":227,"column":4},"end":{"line":230,"column":null}},"121":{"start":{"line":228,"column":20},"end":{"line":228,"column":null}},"122":{"start":{"line":229,"column":6},"end":{"line":229,"column":null}},"123":{"start":{"line":229,"column":21},"end":{"line":229,"column":null}},"124":{"start":{"line":231,"column":4},"end":{"line":234,"column":null}},"125":{"start":{"line":232,"column":20},"end":{"line":232,"column":null}},"126":{"start":{"line":233,"column":6},"end":{"line":233,"column":null}},"127":{"start":{"line":233,"column":21},"end":{"line":233,"column":null}},"128":{"start":{"line":237,"column":4},"end":{"line":246,"column":null}},"129":{"start":{"line":238,"column":24},"end":{"line":238,"column":null}},"130":{"start":{"line":239,"column":23},"end":{"line":239,"column":null}},"131":{"start":{"line":240,"column":6},"end":{"line":245,"column":null}},"132":{"start":{"line":241,"column":8},"end":{"line":244,"column":null}},"133":{"start":{"line":249,"column":2},"end":{"line":249,"column":null}},"134":{"start":{"line":256,"column":2},"end":{"line":256,"column":null}},"135":{"start":{"line":256,"column":13},"end":{"line":256,"column":null}},"136":{"start":{"line":258,"column":2},"end":{"line":258,"column":null}},"137":{"start":{"line":258,"column":37},"end":{"line":258,"column":70}},"138":{"start":{"line":265,"column":17},"end":{"line":268,"column":null}},"139":{"start":{"line":270,"column":16},"end":{"line":270,"column":null}},"140":{"start":{"line":271,"column":2},"end":{"line":271,"column":null}},"141":{"start":{"line":271,"column":26},"end":{"line":271,"column":null}},"142":{"start":{"line":273,"column":20},"end":{"line":273,"column":null}},"143":{"start":{"line":274,"column":15},"end":{"line":274,"column":null}},"144":{"start":{"line":276,"column":2},"end":{"line":276,"column":null}},"145":{"start":{"line":276,"column":56},"end":{"line":276,"column":null}},"146":{"start":{"line":278,"column":2},"end":{"line":278,"column":null}},"147":{"start":{"line":285,"column":2},"end":{"line":285,"column":null}},"148":{"start":{"line":285,"column":39},"end":{"line":285,"column":null}},"149":{"start":{"line":287,"column":18},"end":{"line":287,"column":null}},"150":{"start":{"line":288,"column":14},"end":{"line":288,"column":null}},"151":{"start":{"line":290,"column":2},"end":{"line":290,"column":null}},"152":{"start":{"line":298,"column":2},"end":{"line":333,"column":null}},"153":{"start":{"line":299,"column":4},"end":{"line":299,"column":null}},"154":{"start":{"line":300,"column":4},"end":{"line":300,"column":null}},"155":{"start":{"line":303,"column":4},"end":{"line":326,"column":null}},"156":{"start":{"line":304,"column":6},"end":{"line":304,"column":null}},"157":{"start":{"line":306,"column":6},"end":{"line":323,"column":null}},"158":{"start":{"line":306,"column":19},"end":{"line":306,"column":20}},"159":{"start":{"line":307,"column":23},"end":{"line":307,"column":null}},"160":{"start":{"line":308,"column":8},"end":{"line":308,"column":null}},"161":{"start":{"line":310,"column":8},"end":{"line":322,"column":null}},"162":{"start":{"line":311,"column":10},"end":{"line":311,"column":null}},"163":{"start":{"line":314,"column":25},"end":{"line":314,"column":null}},"164":{"start":{"line":315,"column":10},"end":{"line":321,"column":null}},"165":{"start":{"line":316,"column":26},"end":{"line":316,"column":50}},"166":{"start":{"line":317,"column":25},"end":{"line":317,"column":null}},"167":{"start":{"line":318,"column":12},"end":{"line":318,"column":null}},"168":{"start":{"line":320,"column":12},"end":{"line":320,"column":null}},"169":{"start":{"line":324,"column":11},"end":{"line":326,"column":null}},"170":{"start":{"line":325,"column":6},"end":{"line":325,"column":null}},"171":{"start":{"line":328,"column":4},"end":{"line":328,"column":null}},"172":{"start":{"line":329,"column":4},"end":{"line":329,"column":null}},"173":{"start":{"line":331,"column":4},"end":{"line":331,"column":null}},"174":{"start":{"line":332,"column":4},"end":{"line":332,"column":null}},"175":{"start":{"line":340,"column":14},"end":{"line":340,"column":null}},"176":{"start":{"line":343,"column":22},"end":{"line":343,"column":null}},"177":{"start":{"line":345,"column":2},"end":{"line":347,"column":null}},"178":{"start":{"line":346,"column":4},"end":{"line":346,"column":null}},"179":{"start":{"line":348,"column":2},"end":{"line":350,"column":null}},"180":{"start":{"line":349,"column":4},"end":{"line":349,"column":null}},"181":{"start":{"line":353,"column":2},"end":{"line":353,"column":null}},"182":{"start":{"line":353,"column":31},"end":{"line":353,"column":59}},"183":{"start":{"line":354,"column":24},"end":{"line":354,"column":null}},"184":{"start":{"line":355,"column":2},"end":{"line":357,"column":null}},"185":{"start":{"line":356,"column":4},"end":{"line":356,"column":null}},"186":{"start":{"line":359,"column":21},"end":{"line":361,"column":null}},"187":{"start":{"line":360,"column":33},"end":{"line":360,"column":52}},"188":{"start":{"line":361,"column":17},"end":{"line":361,"column":32}},"189":{"start":{"line":364,"column":18},"end":{"line":364,"column":null}},"190":{"start":{"line":365,"column":24},"end":{"line":365,"column":null}},"191":{"start":{"line":366,"column":2},"end":{"line":372,"column":null}},"192":{"start":{"line":367,"column":4},"end":{"line":367,"column":null}},"193":{"start":{"line":368,"column":4},"end":{"line":368,"column":null}},"194":{"start":{"line":369,"column":9},"end":{"line":372,"column":null}},"195":{"start":{"line":370,"column":4},"end":{"line":370,"column":null}},"196":{"start":{"line":371,"column":4},"end":{"line":371,"column":null}},"197":{"start":{"line":375,"column":26},"end":{"line":375,"column":null}},"198":{"start":{"line":378,"column":27},"end":{"line":378,"column":null}},"199":{"start":{"line":379,"column":2},"end":{"line":383,"column":null}},"200":{"start":{"line":380,"column":19},"end":{"line":380,"column":null}},"201":{"start":{"line":381,"column":20},"end":{"line":381,"column":null}},"202":{"start":{"line":382,"column":4},"end":{"line":382,"column":null}},"203":{"start":{"line":386,"column":18},"end":{"line":386,"column":null}},"204":{"start":{"line":387,"column":18},"end":{"line":387,"column":null}},"205":{"start":{"line":388,"column":2},"end":{"line":390,"column":null}},"206":{"start":{"line":389,"column":4},"end":{"line":389,"column":null}},"207":{"start":{"line":393,"column":37},"end":{"line":393,"column":null}},"208":{"start":{"line":394,"column":26},"end":{"line":394,"column":null}},"209":{"start":{"line":397,"column":27},"end":{"line":400,"column":null}},"210":{"start":{"line":397,"column":59},"end":{"line":400,"column":3}},"211":{"start":{"line":402,"column":20},"end":{"line":402,"column":null}},"212":{"start":{"line":403,"column":28},"end":{"line":405,"column":null}},"213":{"start":{"line":407,"column":24},"end":{"line":407,"column":47}},"214":{"start":{"line":410,"column":2},"end":{"line":420,"column":null}},"215":{"start":{"line":411,"column":4},"end":{"line":411,"column":null}},"216":{"start":{"line":412,"column":4},"end":{"line":412,"column":null}},"217":{"start":{"line":413,"column":4},"end":{"line":413,"column":null}},"218":{"start":{"line":414,"column":4},"end":{"line":414,"column":null}},"219":{"start":{"line":416,"column":4},"end":{"line":419,"column":null}},"220":{"start":{"line":417,"column":27},"end":{"line":417,"column":null}},"221":{"start":{"line":418,"column":6},"end":{"line":418,"column":null}},"222":{"start":{"line":423,"column":23},"end":{"line":423,"column":null}},"223":{"start":{"line":424,"column":28},"end":{"line":456,"column":null}},"224":{"start":{"line":458,"column":2},"end":{"line":475,"column":null}},"225":{"start":{"line":482,"column":2},"end":{"line":482,"column":null}},"226":{"start":{"line":485,"column":20},"end":{"line":485,"column":37}},"227":{"start":{"line":487,"column":2},"end":{"line":542,"column":null}},"228":{"start":{"line":508,"column":24},"end":{"line":508,"column":66}},"229":{"start":{"line":510,"column":28},"end":{"line":510,"column":52}},"230":{"start":{"line":551,"column":26},"end":{"line":551,"column":null}},"231":{"start":{"line":553,"column":17},"end":{"line":571,"column":null}},"232":{"start":{"line":577,"column":15},"end":{"line":577,"column":null}},"233":{"start":{"line":578,"column":18},"end":{"line":578,"column":null}},"234":{"start":{"line":579,"column":2},"end":{"line":579,"column":null}},"235":{"start":{"line":592,"column":16},"end":{"line":592,"column":null}},"236":{"start":{"line":592,"column":51},"end":{"line":592,"column":69}},"237":{"start":{"line":594,"column":2},"end":{"line":596,"column":null}},"238":{"start":{"line":595,"column":4},"end":{"line":595,"column":null}},"239":{"start":{"line":599,"column":20},"end":{"line":599,"column":null}},"240":{"start":{"line":602,"column":22},"end":{"line":602,"column":null}},"241":{"start":{"line":603,"column":2},"end":{"line":610,"column":null}},"242":{"start":{"line":603,"column":17},"end":{"line":603,"column":18}},"243":{"start":{"line":604,"column":18},"end":{"line":604,"column":null}},"244":{"start":{"line":605,"column":18},"end":{"line":605,"column":null}},"245":{"start":{"line":606,"column":4},"end":{"line":609,"column":null}},"246":{"start":{"line":607,"column":21},"end":{"line":607,"column":null}},"247":{"start":{"line":608,"column":6},"end":{"line":608,"column":null}},"248":{"start":{"line":613,"column":23},"end":{"line":613,"column":32}},"249":{"start":{"line":614,"column":19},"end":{"line":614,"column":null}},"250":{"start":{"line":616,"column":2},"end":{"line":638,"column":null}},"251":{"start":{"line":616,"column":17},"end":{"line":616,"column":18}},"252":{"start":{"line":617,"column":17},"end":{"line":617,"column":null}},"253":{"start":{"line":618,"column":4},"end":{"line":618,"column":null}},"254":{"start":{"line":618,"column":37},"end":{"line":618,"column":null}},"255":{"start":{"line":620,"column":17},"end":{"line":620,"column":null}},"256":{"start":{"line":621,"column":4},"end":{"line":621,"column":null}},"257":{"start":{"line":621,"column":15},"end":{"line":621,"column":null}},"258":{"start":{"line":623,"column":21},"end":{"line":623,"column":null}},"259":{"start":{"line":624,"column":4},"end":{"line":633,"column":null}},"260":{"start":{"line":625,"column":18},"end":{"line":625,"column":null}},"261":{"start":{"line":626,"column":6},"end":{"line":626,"column":null}},"262":{"start":{"line":626,"column":53},"end":{"line":626,"column":null}},"263":{"start":{"line":628,"column":18},"end":{"line":628,"column":null}},"264":{"start":{"line":629,"column":6},"end":{"line":632,"column":null}},"265":{"start":{"line":630,"column":8},"end":{"line":630,"column":null}},"266":{"start":{"line":631,"column":8},"end":{"line":631,"column":null}},"267":{"start":{"line":635,"column":4},"end":{"line":637,"column":null}},"268":{"start":{"line":636,"column":6},"end":{"line":636,"column":null}},"269":{"start":{"line":640,"column":2},"end":{"line":640,"column":null}},"270":{"start":{"line":647,"column":2},"end":{"line":647,"column":null}},"271":{"start":{"line":649,"column":2},"end":{"line":686,"column":null}},"272":{"start":{"line":694,"column":2},"end":{"line":694,"column":null}},"273":{"start":{"line":696,"column":2},"end":{"line":766,"column":null}},"274":{"start":{"line":697,"column":20},"end":{"line":697,"column":null}},"275":{"start":{"line":698,"column":20},"end":{"line":698,"column":null}},"276":{"start":{"line":700,"column":4},"end":{"line":700,"column":null}},"277":{"start":{"line":701,"column":4},"end":{"line":701,"column":null}},"278":{"start":{"line":703,"column":31},"end":{"line":706,"column":null}},"279":{"start":{"line":708,"column":4},"end":{"line":710,"column":null}},"280":{"start":{"line":709,"column":6},"end":{"line":709,"column":null}},"281":{"start":{"line":711,"column":4},"end":{"line":713,"column":null}},"282":{"start":{"line":712,"column":6},"end":{"line":712,"column":null}},"283":{"start":{"line":715,"column":21},"end":{"line":715,"column":null}},"284":{"start":{"line":716,"column":21},"end":{"line":716,"column":null}},"285":{"start":{"line":718,"column":23},"end":{"line":718,"column":null}},"286":{"start":{"line":719,"column":23},"end":{"line":719,"column":null}},"287":{"start":{"line":722,"column":23},"end":{"line":722,"column":null}},"288":{"start":{"line":723,"column":26},"end":{"line":723,"column":null}},"289":{"start":{"line":724,"column":20},"end":{"line":724,"column":null}},"290":{"start":{"line":727,"column":17},"end":{"line":732,"column":null}},"291":{"start":{"line":728,"column":21},"end":{"line":728,"column":null}},"292":{"start":{"line":729,"column":24},"end":{"line":729,"column":null}},"293":{"start":{"line":730,"column":27},"end":{"line":730,"column":70}},"294":{"start":{"line":731,"column":6},"end":{"line":731,"column":null}},"295":{"start":{"line":735,"column":30},"end":{"line":737,"column":null}},"296":{"start":{"line":737,"column":32},"end":{"line":737,"column":52}},"297":{"start":{"line":738,"column":27},"end":{"line":738,"column":null}},"298":{"start":{"line":740,"column":4},"end":{"line":740,"column":null}},"299":{"start":{"line":741,"column":4},"end":{"line":741,"column":null}},"300":{"start":{"line":743,"column":4},"end":{"line":762,"column":null}},"301":{"start":{"line":764,"column":4},"end":{"line":764,"column":null}},"302":{"start":{"line":765,"column":4},"end":{"line":765,"column":null}}},"fnMap":{"0":{"name":"downloadDebtData","decl":{"start":{"line":11,"column":22},"end":{"line":11,"column":38}},"loc":{"start":{"line":11,"column":41},"end":{"line":39,"column":null}},"line":11},"1":{"name":"fetchBE11B","decl":{"start":{"line":45,"column":15},"end":{"line":45,"column":25}},"loc":{"start":{"line":45,"column":28},"end":{"line":94,"column":null}},"line":45},"2":{"name":"(anonymous_2)","decl":{"start":{"line":71,"column":18},"end":{"line":71,"column":23}},"loc":{"start":{"line":71,"column":27},"end":{"line":73,"column":5}},"line":71},"3":{"name":"fetchBE1101","decl":{"start":{"line":99,"column":15},"end":{"line":99,"column":26}},"loc":{"start":{"line":99,"column":29},"end":{"line":113,"column":null}},"line":99},"4":{"name":"fetchBDEApi","decl":{"start":{"line":118,"column":15},"end":{"line":118,"column":26}},"loc":{"start":{"line":118,"column":29},"end":{"line":129,"column":null}},"line":118},"5":{"name":"parseBdETransposedCSV","decl":{"start":{"line":138,"column":16},"end":{"line":138,"column":37}},"loc":{"start":{"line":138,"column":53},"end":{"line":250,"column":null}},"line":138},"6":{"name":"(anonymous_6)","decl":{"start":{"line":147,"column":43},"end":{"line":147,"column":47}},"loc":{"start":{"line":147,"column":51},"end":{"line":147,"column":62}},"line":147},"7":{"name":"parseCSVLine","decl":{"start":{"line":255,"column":16},"end":{"line":255,"column":28}},"loc":{"start":{"line":255,"column":35},"end":{"line":259,"column":null}},"line":255},"8":{"name":"(anonymous_8)","decl":{"start":{"line":258,"column":29},"end":{"line":258,"column":33}},"loc":{"start":{"line":258,"column":37},"end":{"line":258,"column":70}},"line":258},"9":{"name":"parseBdEDate","decl":{"start":{"line":264,"column":16},"end":{"line":264,"column":28}},"loc":{"start":{"line":264,"column":38},"end":{"line":279,"column":null}},"line":264},"10":{"name":"parseSpanishNumberFromString","decl":{"start":{"line":284,"column":16},"end":{"line":284,"column":44}},"loc":{"start":{"line":284,"column":50},"end":{"line":291,"column":null}},"line":284},"11":{"name":"extractLatestFromApi","decl":{"start":{"line":297,"column":16},"end":{"line":297,"column":36}},"loc":{"start":{"line":297,"column":46},"end":{"line":334,"column":null}},"line":297},"12":{"name":"buildDebtResult","decl":{"start":{"line":339,"column":16},"end":{"line":339,"column":31}},"loc":{"start":{"line":339,"column":69},"end":{"line":476,"column":null}},"line":339},"13":{"name":"(anonymous_13)","decl":{"start":{"line":353,"column":21},"end":{"line":353,"column":22}},"loc":{"start":{"line":353,"column":31},"end":{"line":353,"column":59}},"line":353},"14":{"name":"(anonymous_14)","decl":{"start":{"line":360,"column":9},"end":{"line":360,"column":10}},"loc":{"start":{"line":360,"column":33},"end":{"line":360,"column":52}},"line":360},"15":{"name":"(anonymous_15)","decl":{"start":{"line":361,"column":12},"end":{"line":361,"column":13}},"loc":{"start":{"line":361,"column":17},"end":{"line":361,"column":32}},"line":361},"16":{"name":"(anonymous_16)","decl":{"start":{"line":397,"column":53},"end":{"line":397,"column":54}},"loc":{"start":{"line":397,"column":59},"end":{"line":400,"column":3}},"line":397},"17":{"name":"buildFallbackDebtData","decl":{"start":{"line":481,"column":9},"end":{"line":481,"column":30}},"loc":{"start":{"line":481,"column":33},"end":{"line":543,"column":null}},"line":481},"18":{"name":"(anonymous_18)","decl":{"start":{"line":508,"column":10},"end":{"line":508,"column":19}},"loc":{"start":{"line":508,"column":22},"end":{"line":508,"column":68}},"line":508},"19":{"name":"(anonymous_19)","decl":{"start":{"line":510,"column":10},"end":{"line":510,"column":23}},"loc":{"start":{"line":510,"column":26},"end":{"line":510,"column":null}},"line":510},"20":{"name":"dateToQuarter","decl":{"start":{"line":576,"column":9},"end":{"line":576,"column":22}},"loc":{"start":{"line":576,"column":29},"end":{"line":580,"column":null}},"line":576},"21":{"name":"parseCcaaTransposedCSV","decl":{"start":{"line":591,"column":9},"end":{"line":591,"column":31}},"loc":{"start":{"line":591,"column":41},"end":{"line":641,"column":null}},"line":591},"22":{"name":"(anonymous_22)","decl":{"start":{"line":592,"column":43},"end":{"line":592,"column":47}},"loc":{"start":{"line":592,"column":51},"end":{"line":592,"column":69}},"line":592},"23":{"name":"buildFallbackCcaaDebtData","decl":{"start":{"line":646,"column":9},"end":{"line":646,"column":34}},"loc":{"start":{"line":646,"column":37},"end":{"line":687,"column":null}},"line":646},"24":{"name":"downloadCcaaDebtData","decl":{"start":{"line":693,"column":22},"end":{"line":693,"column":42}},"loc":{"start":{"line":693,"column":45},"end":{"line":767,"column":null}},"line":693},"25":{"name":"(anonymous_25)","decl":{"start":{"line":727,"column":46},"end":{"line":727,"column":47}},"loc":{"start":{"line":727,"column":79},"end":{"line":732,"column":5}},"line":727},"26":{"name":"(anonymous_26)","decl":{"start":{"line":737,"column":20},"end":{"line":737,"column":21}},"loc":{"start":{"line":737,"column":32},"end":{"line":737,"column":52}},"line":737}},"branchMap":{"0":{"loc":{"start":{"line":23,"column":24},"end":{"line":23,"column":null}},"type":"cond-expr","locations":[{"start":{"line":23,"column":59},"end":{"line":23,"column":74}},{"start":{"line":23,"column":77},"end":{"line":23,"column":null}}],"line":23},"1":{"loc":{"start":{"line":24,"column":26},"end":{"line":24,"column":null}},"type":"cond-expr","locations":[{"start":{"line":24,"column":62},"end":{"line":24,"column":78}},{"start":{"line":24,"column":81},"end":{"line":24,"column":null}}],"line":24},"2":{"loc":{"start":{"line":25,"column":22},"end":{"line":25,"column":null}},"type":"cond-expr","locations":[{"start":{"line":25,"column":55},"end":{"line":25,"column":68}},{"start":{"line":25,"column":71},"end":{"line":25,"column":null}}],"line":25},"3":{"loc":{"start":{"line":30,"column":39},"end":{"line":30,"column":97}},"type":"binary-expr","locations":[{"start":{"line":30,"column":39},"end":{"line":30,"column":88}},{"start":{"line":30,"column":92},"end":{"line":30,"column":97}}],"line":30},"4":{"loc":{"start":{"line":31,"column":33},"end":{"line":31,"column":78}},"type":"binary-expr","locations":[{"start":{"line":31,"column":33},"end":{"line":31,"column":69}},{"start":{"line":31,"column":73},"end":{"line":31,"column":78}}],"line":31},"5":{"loc":{"start":{"line":63,"column":2},"end":{"line":91,"column":null}},"type":"if","locations":[{"start":{"line":63,"column":2},"end":{"line":91,"column":null}},{"start":{},"end":{}}],"line":63},"6":{"loc":{"start":{"line":76,"column":4},"end":{"line":90,"column":null}},"type":"if","locations":[{"start":{"line":76,"column":4},"end":{"line":90,"column":null}},{"start":{},"end":{}}],"line":76},"7":{"loc":{"start":{"line":78,"column":6},"end":{"line":80,"column":null}},"type":"if","locations":[{"start":{"line":78,"column":6},"end":{"line":80,"column":null}},{"start":{},"end":{}}],"line":78},"8":{"loc":{"start":{"line":81,"column":6},"end":{"line":83,"column":null}},"type":"if","locations":[{"start":{"line":81,"column":6},"end":{"line":83,"column":null}},{"start":{},"end":{}}],"line":81},"9":{"loc":{"start":{"line":84,"column":6},"end":{"line":86,"column":null}},"type":"if","locations":[{"start":{"line":84,"column":6},"end":{"line":86,"column":null}},{"start":{},"end":{}}],"line":84},"10":{"loc":{"start":{"line":87,"column":6},"end":{"line":89,"column":null}},"type":"if","locations":[{"start":{"line":87,"column":6},"end":{"line":89,"column":null}},{"start":{},"end":{}}],"line":87},"11":{"loc":{"start":{"line":145,"column":2},"end":{"line":145,"column":null}},"type":"if","locations":[{"start":{"line":145,"column":2},"end":{"line":145,"column":null}},{"start":{},"end":{}}],"line":145},"12":{"loc":{"start":{"line":148,"column":2},"end":{"line":148,"column":null}},"type":"if","locations":[{"start":{"line":148,"column":2},"end":{"line":148,"column":null}},{"start":{},"end":{}}],"line":148},"13":{"loc":{"start":{"line":168,"column":4},"end":{"line":186,"column":null}},"type":"if","locations":[{"start":{"line":168,"column":4},"end":{"line":186,"column":null}},{"start":{"line":171,"column":11},"end":{"line":186,"column":null}}],"line":168},"14":{"loc":{"start":{"line":168,"column":8},"end":{"line":168,"column":108}},"type":"binary-expr","locations":[{"start":{"line":168,"column":8},"end":{"line":168,"column":29}},{"start":{"line":168,"column":33},"end":{"line":168,"column":59}},{"start":{"line":168,"column":63},"end":{"line":168,"column":85}},{"start":{"line":168,"column":89},"end":{"line":168,"column":108}}],"line":168},"15":{"loc":{"start":{"line":171,"column":11},"end":{"line":186,"column":null}},"type":"if","locations":[{"start":{"line":171,"column":11},"end":{"line":186,"column":null}},{"start":{"line":174,"column":11},"end":{"line":186,"column":null}}],"line":171},"16":{"loc":{"start":{"line":171,"column":15},"end":{"line":171,"column":94}},"type":"binary-expr","locations":[{"start":{"line":171,"column":15},"end":{"line":171,"column":38}},{"start":{"line":171,"column":42},"end":{"line":171,"column":68}},{"start":{"line":171,"column":72},"end":{"line":171,"column":94}}],"line":171},"17":{"loc":{"start":{"line":174,"column":11},"end":{"line":186,"column":null}},"type":"if","locations":[{"start":{"line":174,"column":11},"end":{"line":186,"column":null}},{"start":{"line":177,"column":11},"end":{"line":186,"column":null}}],"line":174},"18":{"loc":{"start":{"line":174,"column":15},"end":{"line":174,"column":66}},"type":"binary-expr","locations":[{"start":{"line":174,"column":15},"end":{"line":174,"column":36}},{"start":{"line":174,"column":40},"end":{"line":174,"column":66}}],"line":174},"19":{"loc":{"start":{"line":177,"column":11},"end":{"line":186,"column":null}},"type":"if","locations":[{"start":{"line":177,"column":11},"end":{"line":186,"column":null}},{"start":{"line":180,"column":11},"end":{"line":186,"column":null}}],"line":177},"20":{"loc":{"start":{"line":177,"column":15},"end":{"line":177,"column":66}},"type":"binary-expr","locations":[{"start":{"line":177,"column":15},"end":{"line":177,"column":36}},{"start":{"line":177,"column":40},"end":{"line":177,"column":66}}],"line":177},"21":{"loc":{"start":{"line":180,"column":11},"end":{"line":186,"column":null}},"type":"if","locations":[{"start":{"line":180,"column":11},"end":{"line":186,"column":null}},{"start":{"line":183,"column":11},"end":{"line":186,"column":null}}],"line":180},"22":{"loc":{"start":{"line":180,"column":15},"end":{"line":180,"column":74}},"type":"binary-expr","locations":[{"start":{"line":180,"column":15},"end":{"line":180,"column":48}},{"start":{"line":180,"column":52},"end":{"line":180,"column":74}}],"line":180},"23":{"loc":{"start":{"line":183,"column":11},"end":{"line":186,"column":null}},"type":"if","locations":[{"start":{"line":183,"column":11},"end":{"line":186,"column":null}},{"start":{},"end":{}}],"line":183},"24":{"loc":{"start":{"line":183,"column":15},"end":{"line":183,"column":52}},"type":"binary-expr","locations":[{"start":{"line":183,"column":15},"end":{"line":183,"column":35}},{"start":{"line":183,"column":39},"end":{"line":183,"column":52}}],"line":183},"25":{"loc":{"start":{"line":189,"column":4},"end":{"line":191,"column":null}},"type":"if","locations":[{"start":{"line":189,"column":4},"end":{"line":191,"column":null}},{"start":{},"end":{}}],"line":189},"26":{"loc":{"start":{"line":189,"column":8},"end":{"line":189,"column":26}},"type":"binary-expr","locations":[{"start":{"line":189,"column":8},"end":{"line":189,"column":15}},{"start":{"line":189,"column":19},"end":{"line":189,"column":26}}],"line":189},"27":{"loc":{"start":{"line":190,"column":55},"end":{"line":190,"column":84}},"type":"cond-expr","locations":[{"start":{"line":190,"column":65},"end":{"line":190,"column":79}},{"start":{"line":190,"column":82},"end":{"line":190,"column":84}}],"line":190},"28":{"loc":{"start":{"line":199,"column":4},"end":{"line":199,"column":null}},"type":"if","locations":[{"start":{"line":199,"column":4},"end":{"line":199,"column":null}},{"start":{},"end":{}}],"line":199},"29":{"loc":{"start":{"line":203,"column":4},"end":{"line":203,"column":null}},"type":"if","locations":[{"start":{"line":203,"column":4},"end":{"line":203,"column":null}},{"start":{},"end":{}}],"line":203},"30":{"loc":{"start":{"line":208,"column":4},"end":{"line":216,"column":null}},"type":"if","locations":[{"start":{"line":208,"column":4},"end":{"line":216,"column":null}},{"start":{},"end":{}}],"line":208},"31":{"loc":{"start":{"line":210,"column":6},"end":{"line":215,"column":null}},"type":"if","locations":[{"start":{"line":210,"column":6},"end":{"line":215,"column":null}},{"start":{},"end":{}}],"line":210},"32":{"loc":{"start":{"line":219,"column":4},"end":{"line":222,"column":null}},"type":"if","locations":[{"start":{"line":219,"column":4},"end":{"line":222,"column":null}},{"start":{},"end":{}}],"line":219},"33":{"loc":{"start":{"line":221,"column":6},"end":{"line":221,"column":null}},"type":"if","locations":[{"start":{"line":221,"column":6},"end":{"line":221,"column":null}},{"start":{},"end":{}}],"line":221},"34":{"loc":{"start":{"line":223,"column":4},"end":{"line":226,"column":null}},"type":"if","locations":[{"start":{"line":223,"column":4},"end":{"line":226,"column":null}},{"start":{},"end":{}}],"line":223},"35":{"loc":{"start":{"line":225,"column":6},"end":{"line":225,"column":null}},"type":"if","locations":[{"start":{"line":225,"column":6},"end":{"line":225,"column":null}},{"start":{},"end":{}}],"line":225},"36":{"loc":{"start":{"line":227,"column":4},"end":{"line":230,"column":null}},"type":"if","locations":[{"start":{"line":227,"column":4},"end":{"line":230,"column":null}},{"start":{},"end":{}}],"line":227},"37":{"loc":{"start":{"line":229,"column":6},"end":{"line":229,"column":null}},"type":"if","locations":[{"start":{"line":229,"column":6},"end":{"line":229,"column":null}},{"start":{},"end":{}}],"line":229},"38":{"loc":{"start":{"line":231,"column":4},"end":{"line":234,"column":null}},"type":"if","locations":[{"start":{"line":231,"column":4},"end":{"line":234,"column":null}},{"start":{},"end":{}}],"line":231},"39":{"loc":{"start":{"line":233,"column":6},"end":{"line":233,"column":null}},"type":"if","locations":[{"start":{"line":233,"column":6},"end":{"line":233,"column":null}},{"start":{},"end":{}}],"line":233},"40":{"loc":{"start":{"line":237,"column":4},"end":{"line":246,"column":null}},"type":"if","locations":[{"start":{"line":237,"column":4},"end":{"line":246,"column":null}},{"start":{},"end":{}}],"line":237},"41":{"loc":{"start":{"line":237,"column":8},"end":{"line":237,"column":44}},"type":"binary-expr","locations":[{"start":{"line":237,"column":8},"end":{"line":237,"column":27}},{"start":{"line":237,"column":31},"end":{"line":237,"column":44}}],"line":237},"42":{"loc":{"start":{"line":240,"column":6},"end":{"line":245,"column":null}},"type":"if","locations":[{"start":{"line":240,"column":6},"end":{"line":245,"column":null}},{"start":{},"end":{}}],"line":240},"43":{"loc":{"start":{"line":240,"column":10},"end":{"line":240,"column":39}},"type":"binary-expr","locations":[{"start":{"line":240,"column":10},"end":{"line":240,"column":23}},{"start":{"line":240,"column":27},"end":{"line":240,"column":39}}],"line":240},"44":{"loc":{"start":{"line":256,"column":2},"end":{"line":256,"column":null}},"type":"if","locations":[{"start":{"line":256,"column":2},"end":{"line":256,"column":null}},{"start":{},"end":{}}],"line":256},"45":{"loc":{"start":{"line":271,"column":2},"end":{"line":271,"column":null}},"type":"if","locations":[{"start":{"line":271,"column":2},"end":{"line":271,"column":null}},{"start":{},"end":{}}],"line":271},"46":{"loc":{"start":{"line":276,"column":2},"end":{"line":276,"column":null}},"type":"if","locations":[{"start":{"line":276,"column":2},"end":{"line":276,"column":null}},{"start":{},"end":{}}],"line":276},"47":{"loc":{"start":{"line":276,"column":6},"end":{"line":276,"column":54}},"type":"binary-expr","locations":[{"start":{"line":276,"column":6},"end":{"line":276,"column":39}},{"start":{"line":276,"column":43},"end":{"line":276,"column":54}}],"line":276},"48":{"loc":{"start":{"line":285,"column":2},"end":{"line":285,"column":null}},"type":"if","locations":[{"start":{"line":285,"column":2},"end":{"line":285,"column":null}},{"start":{},"end":{}}],"line":285},"49":{"loc":{"start":{"line":285,"column":6},"end":{"line":285,"column":37}},"type":"binary-expr","locations":[{"start":{"line":285,"column":6},"end":{"line":285,"column":10}},{"start":{"line":285,"column":14},"end":{"line":285,"column":37}}],"line":285},"50":{"loc":{"start":{"line":290,"column":9},"end":{"line":290,"column":null}},"type":"cond-expr","locations":[{"start":{"line":290,"column":22},"end":{"line":290,"column":23}},{"start":{"line":290,"column":26},"end":{"line":290,"column":null}}],"line":290},"51":{"loc":{"start":{"line":303,"column":4},"end":{"line":326,"column":null}},"type":"if","locations":[{"start":{"line":303,"column":4},"end":{"line":326,"column":null}},{"start":{"line":324,"column":11},"end":{"line":326,"column":null}}],"line":303},"52":{"loc":{"start":{"line":303,"column":8},"end":{"line":303,"column":41}},"type":"binary-expr","locations":[{"start":{"line":303,"column":8},"end":{"line":303,"column":15}},{"start":{"line":303,"column":19},"end":{"line":303,"column":41}}],"line":303},"53":{"loc":{"start":{"line":308,"column":41},"end":{"line":308,"column":70}},"type":"binary-expr","locations":[{"start":{"line":308,"column":41},"end":{"line":308,"column":54}},{"start":{"line":308,"column":58},"end":{"line":308,"column":70}}],"line":308},"54":{"loc":{"start":{"line":310,"column":8},"end":{"line":322,"column":null}},"type":"if","locations":[{"start":{"line":310,"column":8},"end":{"line":322,"column":null}},{"start":{},"end":{}}],"line":310},"55":{"loc":{"start":{"line":310,"column":12},"end":{"line":310,"column":55}},"type":"binary-expr","locations":[{"start":{"line":310,"column":12},"end":{"line":310,"column":24}},{"start":{"line":310,"column":28},"end":{"line":310,"column":55}}],"line":310},"56":{"loc":{"start":{"line":315,"column":10},"end":{"line":321,"column":null}},"type":"if","locations":[{"start":{"line":315,"column":10},"end":{"line":321,"column":null}},{"start":{},"end":{}}],"line":315},"57":{"loc":{"start":{"line":315,"column":14},"end":{"line":315,"column":36}},"type":"binary-expr","locations":[{"start":{"line":315,"column":14},"end":{"line":315,"column":20}},{"start":{"line":315,"column":24},"end":{"line":315,"column":36}}],"line":315},"58":{"loc":{"start":{"line":317,"column":25},"end":{"line":317,"column":null}},"type":"binary-expr","locations":[{"start":{"line":317,"column":25},"end":{"line":317,"column":37}},{"start":{"line":317,"column":41},"end":{"line":317,"column":null}}],"line":317},"59":{"loc":{"start":{"line":324,"column":11},"end":{"line":326,"column":null}},"type":"if","locations":[{"start":{"line":324,"column":11},"end":{"line":326,"column":null}},{"start":{},"end":{}}],"line":324},"60":{"loc":{"start":{"line":324,"column":15},"end":{"line":324,"column":53}},"type":"binary-expr","locations":[{"start":{"line":324,"column":15},"end":{"line":324,"column":22}},{"start":{"line":324,"column":26},"end":{"line":324,"column":53}}],"line":324},"61":{"loc":{"start":{"line":345,"column":2},"end":{"line":347,"column":null}},"type":"if","locations":[{"start":{"line":345,"column":2},"end":{"line":347,"column":null}},{"start":{},"end":{}}],"line":345},"62":{"loc":{"start":{"line":348,"column":2},"end":{"line":350,"column":null}},"type":"if","locations":[{"start":{"line":348,"column":2},"end":{"line":350,"column":null}},{"start":{},"end":{}}],"line":348},"63":{"loc":{"start":{"line":366,"column":2},"end":{"line":372,"column":null}},"type":"if","locations":[{"start":{"line":366,"column":2},"end":{"line":372,"column":null}},{"start":{"line":369,"column":9},"end":{"line":372,"column":null}}],"line":366},"64":{"loc":{"start":{"line":369,"column":9},"end":{"line":372,"column":null}},"type":"if","locations":[{"start":{"line":369,"column":9},"end":{"line":372,"column":null}},{"start":{},"end":{}}],"line":369},"65":{"loc":{"start":{"line":375,"column":26},"end":{"line":375,"column":null}},"type":"binary-expr","locations":[{"start":{"line":375,"column":26},"end":{"line":375,"column":54}},{"start":{"line":375,"column":58},"end":{"line":375,"column":88}},{"start":{"line":375,"column":92},"end":{"line":375,"column":null}}],"line":375},"66":{"loc":{"start":{"line":379,"column":2},"end":{"line":383,"column":null}},"type":"if","locations":[{"start":{"line":379,"column":2},"end":{"line":383,"column":null}},{"start":{},"end":{}}],"line":379},"67":{"loc":{"start":{"line":387,"column":18},"end":{"line":387,"column":null}},"type":"binary-expr","locations":[{"start":{"line":387,"column":18},"end":{"line":387,"column":42}},{"start":{"line":387,"column":46},"end":{"line":387,"column":null}}],"line":387},"68":{"loc":{"start":{"line":388,"column":2},"end":{"line":390,"column":null}},"type":"if","locations":[{"start":{"line":388,"column":2},"end":{"line":390,"column":null}},{"start":{},"end":{}}],"line":388},"69":{"loc":{"start":{"line":403,"column":28},"end":{"line":405,"column":null}},"type":"cond-expr","locations":[{"start":{"line":404,"column":6},"end":{"line":404,"column":null}},{"start":{"line":405,"column":6},"end":{"line":405,"column":null}}],"line":403},"70":{"loc":{"start":{"line":410,"column":2},"end":{"line":420,"column":null}},"type":"if","locations":[{"start":{"line":410,"column":2},"end":{"line":420,"column":null}},{"start":{},"end":{}}],"line":410},"71":{"loc":{"start":{"line":413,"column":38},"end":{"line":413,"column":72}},"type":"binary-expr","locations":[{"start":{"line":413,"column":38},"end":{"line":413,"column":63}},{"start":{"line":413,"column":67},"end":{"line":413,"column":72}}],"line":413},"72":{"loc":{"start":{"line":416,"column":4},"end":{"line":419,"column":null}},"type":"if","locations":[{"start":{"line":416,"column":4},"end":{"line":419,"column":null}},{"start":{},"end":{}}],"line":416},"73":{"loc":{"start":{"line":417,"column":27},"end":{"line":417,"column":null}},"type":"cond-expr","locations":[{"start":{"line":417,"column":52},"end":{"line":417,"column":142}},{"start":{"line":417,"column":145},"end":{"line":417,"column":null}}],"line":417},"74":{"loc":{"start":{"line":423,"column":23},"end":{"line":423,"column":null}},"type":"cond-expr","locations":[{"start":{"line":423,"column":47},"end":{"line":423,"column":85}},{"start":{"line":423,"column":88},"end":{"line":423,"column":null}}],"line":423},"75":{"loc":{"start":{"line":426,"column":14},"end":{"line":426,"column":78}},"type":"cond-expr","locations":[{"start":{"line":426,"column":42},"end":{"line":426,"column":58}},{"start":{"line":426,"column":61},"end":{"line":426,"column":78}}],"line":426},"76":{"loc":{"start":{"line":428,"column":11},"end":{"line":430,"column":83}},"type":"cond-expr","locations":[{"start":{"line":429,"column":10},"end":{"line":429,"column":null}},{"start":{"line":430,"column":10},"end":{"line":430,"column":83}}],"line":428},"77":{"loc":{"start":{"line":594,"column":2},"end":{"line":596,"column":null}},"type":"if","locations":[{"start":{"line":594,"column":2},"end":{"line":596,"column":null}},{"start":{},"end":{}}],"line":594},"78":{"loc":{"start":{"line":606,"column":4},"end":{"line":609,"column":null}},"type":"if","locations":[{"start":{"line":606,"column":4},"end":{"line":609,"column":null}},{"start":{},"end":{}}],"line":606},"79":{"loc":{"start":{"line":618,"column":4},"end":{"line":618,"column":null}},"type":"if","locations":[{"start":{"line":618,"column":4},"end":{"line":618,"column":null}},{"start":{},"end":{}}],"line":618},"80":{"loc":{"start":{"line":618,"column":8},"end":{"line":618,"column":35}},"type":"binary-expr","locations":[{"start":{"line":618,"column":8},"end":{"line":618,"column":16}},{"start":{"line":618,"column":20},"end":{"line":618,"column":35}}],"line":618},"81":{"loc":{"start":{"line":621,"column":4},"end":{"line":621,"column":null}},"type":"if","locations":[{"start":{"line":621,"column":4},"end":{"line":621,"column":null}},{"start":{},"end":{}}],"line":621},"82":{"loc":{"start":{"line":626,"column":6},"end":{"line":626,"column":null}},"type":"if","locations":[{"start":{"line":626,"column":6},"end":{"line":626,"column":null}},{"start":{},"end":{}}],"line":626},"83":{"loc":{"start":{"line":626,"column":10},"end":{"line":626,"column":51}},"type":"binary-expr","locations":[{"start":{"line":626,"column":10},"end":{"line":626,"column":14}},{"start":{"line":626,"column":18},"end":{"line":626,"column":29}},{"start":{"line":626,"column":33},"end":{"line":626,"column":51}}],"line":626},"84":{"loc":{"start":{"line":629,"column":6},"end":{"line":632,"column":null}},"type":"if","locations":[{"start":{"line":629,"column":6},"end":{"line":632,"column":null}},{"start":{},"end":{}}],"line":629},"85":{"loc":{"start":{"line":629,"column":10},"end":{"line":629,"column":34}},"type":"binary-expr","locations":[{"start":{"line":629,"column":10},"end":{"line":629,"column":21}},{"start":{"line":629,"column":25},"end":{"line":629,"column":34}}],"line":629},"86":{"loc":{"start":{"line":635,"column":4},"end":{"line":637,"column":null}},"type":"if","locations":[{"start":{"line":635,"column":4},"end":{"line":637,"column":null}},{"start":{},"end":{}}],"line":635},"87":{"loc":{"start":{"line":708,"column":4},"end":{"line":710,"column":null}},"type":"if","locations":[{"start":{"line":708,"column":4},"end":{"line":710,"column":null}},{"start":{},"end":{}}],"line":708},"88":{"loc":{"start":{"line":711,"column":4},"end":{"line":713,"column":null}},"type":"if","locations":[{"start":{"line":711,"column":4},"end":{"line":713,"column":null}},{"start":{},"end":{}}],"line":711},"89":{"loc":{"start":{"line":722,"column":23},"end":{"line":722,"column":null}},"type":"binary-expr","locations":[{"start":{"line":722,"column":23},"end":{"line":722,"column":44}},{"start":{"line":722,"column":48},"end":{"line":722,"column":69}},{"start":{"line":722,"column":73},"end":{"line":722,"column":null}}],"line":722},"90":{"loc":{"start":{"line":729,"column":24},"end":{"line":729,"column":null}},"type":"binary-expr","locations":[{"start":{"line":729,"column":24},"end":{"line":729,"column":53}},{"start":{"line":729,"column":57},"end":{"line":729,"column":null}}],"line":729},"91":{"loc":{"start":{"line":730,"column":28},"end":{"line":730,"column":62}},"type":"binary-expr","locations":[{"start":{"line":730,"column":28},"end":{"line":730,"column":57}},{"start":{"line":730,"column":61},"end":{"line":730,"column":62}}],"line":730},"92":{"loc":{"start":{"line":735,"column":30},"end":{"line":737,"column":null}},"type":"cond-expr","locations":[{"start":{"line":736,"column":8},"end":{"line":736,"column":null}},{"start":{"line":737,"column":8},"end":{"line":737,"column":null}}],"line":735},"93":{"loc":{"start":{"line":738,"column":27},"end":{"line":738,"column":null}},"type":"binary-expr","locations":[{"start":{"line":738,"column":27},"end":{"line":738,"column":67}},{"start":{"line":738,"column":71},"end":{"line":738,"column":null}}],"line":738}},"s":{"0":1,"1":1,"2":1,"3":1,"4":1,"5":1,"6":1,"7":1,"8":1,"9":1,"10":1,"11":1,"12":1,"13":0,"14":0,"15":1,"16":1,"17":1,"18":1,"19":1,"20":1,"21":1,"22":1,"23":1,"24":1,"25":1,"26":1,"27":1,"28":1,"29":1,"30":1,"31":2,"32":1,"33":1,"34":1,"35":1,"36":1,"37":1,"38":1,"39":1,"40":1,"41":1,"42":1,"43":1,"44":1,"45":1,"46":1,"47":1,"48":1,"49":1,"50":1,"51":1,"52":1,"53":1,"54":1,"55":1,"56":3,"57":3,"58":0,"59":3,"60":24,"61":3,"62":0,"63":3,"64":3,"65":3,"66":3,"67":3,"68":3,"69":3,"70":3,"71":3,"72":3,"73":3,"74":3,"75":18,"76":18,"77":18,"78":3,"79":3,"80":15,"81":3,"82":3,"83":12,"84":3,"85":3,"86":9,"87":3,"88":3,"89":6,"90":3,"91":3,"92":3,"93":3,"94":3,"95":18,"96":18,"97":3,"98":3,"99":3,"100":6,"101":6,"102":0,"103":6,"104":6,"105":6,"106":0,"107":6,"108":6,"109":6,"110":6,"111":6,"112":6,"113":6,"114":6,"115":6,"116":6,"117":6,"118":6,"119":6,"120":6,"121":6,"122":6,"123":6,"124":6,"125":6,"126":6,"127":6,"128":6,"129":6,"130":6,"131":6,"132":6,"133":3,"134":22,"135":0,"136":22,"137":119,"138":11,"139":11,"140":11,"141":0,"142":11,"143":11,"144":11,"145":0,"146":11,"147":43,"148":0,"149":43,"150":43,"151":43,"152":2,"153":2,"154":2,"155":2,"156":2,"157":2,"158":2,"159":2,"160":2,"161":2,"162":2,"163":2,"164":2,"165":2,"166":2,"167":2,"168":2,"169":0,"170":0,"171":0,"172":0,"173":0,"174":0,"175":1,"176":1,"177":1,"178":1,"179":1,"180":1,"181":1,"182":4,"183":1,"184":1,"185":4,"186":1,"187":2,"188":2,"189":1,"190":1,"191":1,"192":1,"193":1,"194":0,"195":0,"196":0,"197":1,"198":1,"199":1,"200":0,"201":0,"202":0,"203":1,"204":1,"205":1,"206":1,"207":1,"208":1,"209":1,"210":2,"211":1,"212":1,"213":1,"214":1,"215":1,"216":1,"217":1,"218":1,"219":1,"220":0,"221":0,"222":1,"223":1,"224":1,"225":0,"226":0,"227":0,"228":0,"229":0,"230":1,"231":1,"232":1,"233":1,"234":1,"235":2,"236":16,"237":2,"238":0,"239":2,"240":2,"241":2,"242":2,"243":2,"244":2,"245":2,"246":2,"247":2,"248":2,"249":2,"250":2,"251":2,"252":4,"253":4,"254":0,"255":4,"256":4,"257":0,"258":4,"259":4,"260":4,"261":4,"262":0,"263":4,"264":4,"265":4,"266":4,"267":4,"268":4,"269":2,"270":0,"271":0,"272":1,"273":1,"274":1,"275":1,"276":1,"277":1,"278":1,"279":1,"280":0,"281":1,"282":0,"283":1,"284":1,"285":1,"286":1,"287":1,"288":1,"289":1,"290":1,"291":17,"292":17,"293":17,"294":17,"295":1,"296":0,"297":1,"298":1,"299":1,"300":1,"301":0,"302":0},"f":{"0":1,"1":1,"2":2,"3":1,"4":1,"5":3,"6":24,"7":22,"8":119,"9":11,"10":43,"11":2,"12":1,"13":4,"14":2,"15":2,"16":2,"17":0,"18":0,"19":0,"20":1,"21":2,"22":16,"23":0,"24":1,"25":17,"26":0},"b":{"0":[1,0],"1":[1,0],"2":[1,0],"3":[1,0],"4":[1,0],"5":[1,0],"6":[1,0],"7":[1,0],"8":[1,0],"9":[1,0],"10":[1,0],"11":[0,3],"12":[0,3],"13":[3,15],"14":[18,3,3,3],"15":[3,12],"16":[15,3,3],"17":[3,9],"18":[12,3],"19":[3,6],"20":[9,3],"21":[3,3],"22":[6,3],"23":[3,0],"24":[3,3],"25":[18,0],"26":[18,0],"27":[18,0],"28":[0,6],"29":[0,6],"30":[6,0],"31":[6,0],"32":[6,0],"33":[6,0],"34":[6,0],"35":[6,0],"36":[6,0],"37":[6,0],"38":[6,0],"39":[6,0],"40":[6,0],"41":[6,6],"42":[6,0],"43":[6,6],"44":[0,22],"45":[0,11],"46":[0,11],"47":[11,11],"48":[0,43],"49":[43,43],"50":[0,43],"51":[2,0],"52":[2,2],"53":[2,2],"54":[2,0],"55":[2,2],"56":[2,0],"57":[2,2],"58":[2,1],"59":[0,0],"60":[0,0],"61":[1,0],"62":[1,0],"63":[1,0],"64":[0,0],"65":[1,0,0],"66":[0,1],"67":[1,0],"68":[1,0],"69":[1,0],"70":[1,0],"71":[1,1],"72":[0,1],"73":[0,0],"74":[1,0],"75":[1,0],"76":[1,0],"77":[0,2],"78":[2,0],"79":[0,4],"80":[4,4],"81":[0,4],"82":[0,4],"83":[4,4,4],"84":[4,0],"85":[4,4],"86":[4,0],"87":[0,1],"88":[0,1],"89":[1,0,0],"90":[17,17],"91":[17,17],"92":[1,0],"93":[1,0]},"meta":{"lastBranch":94,"lastFunction":27,"lastStatement":303,"seen":{"s:4:21:4:Infinity":0,"s:5:21:5:Infinity":1,"f:11:22:11:38":0,"s:12:2:12:Infinity":2,"s:14:2:38:Infinity":3,"s:16:45:20:Infinity":4,"s:23:24:23:Infinity":5,"b:23:59:23:74:23:77:23:Infinity":0,"s:24:26:24:Infinity":6,"b:24:62:24:78:24:81:24:Infinity":1,"s:25:22:25:Infinity":7,"b:25:55:25:68:25:71:25:Infinity":2,"s:28:19:28:Infinity":8,"s:30:4:30:Infinity":9,"b:30:39:30:88:30:92:30:97":3,"s:31:4:31:Infinity":10,"b:31:33:31:69:31:73:31:78":4,"s:32:4:32:Infinity":11,"s:34:4:34:Infinity":12,"s:36:4:36:Infinity":13,"s:37:4:37:Infinity":14,"f:45:15:45:25":1,"s:46:2:46:Infinity":15,"s:47:14:47:Infinity":16,"s:49:19:49:Infinity":17,"s:51:18:51:Infinity":18,"s:52:20:52:Infinity":19,"s:53:19:53:Infinity":20,"s:55:2:55:Infinity":21,"s:58:19:58:Infinity":22,"s:60:2:60:Infinity":23,"b:63:2:91:Infinity:undefined:undefined:undefined:undefined":5,"s:63:2:91:Infinity":24,"s:64:22:64:Infinity":25,"s:65:21:65:Infinity":26,"s:66:4:66:Infinity":27,"s:69:4:69:Infinity":28,"s:70:18:70:Infinity":29,"s:71:4:73:Infinity":30,"f:71:18:71:23":2,"s:72:6:72:Infinity":31,"b:76:4:90:Infinity:undefined:undefined:undefined:undefined":6,"s:76:4:90:Infinity":32,"s:77:6:77:Infinity":33,"b:78:6:80:Infinity:undefined:undefined:undefined:undefined":7,"s:78:6:80:Infinity":34,"s:79:8:79:Infinity":35,"b:81:6:83:Infinity:undefined:undefined:undefined:undefined":8,"s:81:6:83:Infinity":36,"s:82:8:82:Infinity":37,"b:84:6:86:Infinity:undefined:undefined:undefined:undefined":9,"s:84:6:86:Infinity":38,"s:85:8:85:Infinity":39,"b:87:6:89:Infinity:undefined:undefined:undefined:undefined":10,"s:87:6:89:Infinity":40,"s:88:8:88:Infinity":41,"s:93:2:93:Infinity":42,"f:99:15:99:26":3,"s:100:2:100:Infinity":43,"s:101:14:101:Infinity":44,"s:103:19:103:Infinity":45,"s:105:18:105:Infinity":46,"s:108:19:108:Infinity":47,"s:110:2:110:Infinity":48,"s:112:2:112:Infinity":49,"f:118:15:118:26":4,"s:119:2:119:Infinity":50,"s:120:14:120:Infinity":51,"s:122:19:122:Infinity":52,"s:124:15:124:Infinity":53,"s:125:2:125:Infinity":54,"s:128:2:128:Infinity":55,"f:138:16:138:37":5,"s:139:17:143:Infinity":56,"b:145:2:145:Infinity:undefined:undefined:undefined:undefined":11,"s:145:2:145:Infinity":57,"s:145:16:145:Infinity":58,"s:147:16:147:Infinity":59,"f:147:43:147:47":6,"s:147:51:147:62":60,"b:148:2:148:Infinity:undefined:undefined:undefined:undefined":12,"s:148:2:148:Infinity":61,"s:148:24:148:Infinity":62,"s:151:22:151:Infinity":63,"s:152:23:152:Infinity":64,"s:153:16:153:Infinity":65,"s:156:21:156:Infinity":66,"s:157:18:157:Infinity":67,"s:158:16:158:Infinity":68,"s:159:16:159:Infinity":69,"s:160:14:160:Infinity":70,"s:161:15:161:Infinity":71,"s:163:2:163:Infinity":72,"s:164:2:192:Infinity":73,"s:164:15:164:16":74,"s:165:17:165:Infinity":75,"s:166:18:166:Infinity":76,"b:168:4:186:Infinity:171:11:186:Infinity":13,"s:168:4:186:Infinity":77,"b:168:8:168:29:168:33:168:59:168:63:168:85:168:89:168:108":14,"s:169:6:169:Infinity":78,"s:170:6:170:Infinity":79,"b:171:11:186:Infinity:174:11:186:Infinity":15,"s:171:11:186:Infinity":80,"b:171:15:171:38:171:42:171:68:171:72:171:94":16,"s:172:6:172:Infinity":81,"s:173:6:173:Infinity":82,"b:174:11:186:Infinity:177:11:186:Infinity":17,"s:174:11:186:Infinity":83,"b:174:15:174:36:174:40:174:66":18,"s:175:6:175:Infinity":84,"s:176:6:176:Infinity":85,"b:177:11:186:Infinity:180:11:186:Infinity":19,"s:177:11:186:Infinity":86,"b:177:15:177:36:177:40:177:66":20,"s:178:6:178:Infinity":87,"s:179:6:179:Infinity":88,"b:180:11:186:Infinity:183:11:186:Infinity":21,"s:180:11:186:Infinity":89,"b:180:15:180:48:180:52:180:74":22,"s:181:6:181:Infinity":90,"s:182:6:182:Infinity":91,"b:183:11:186:Infinity:undefined:undefined:undefined:undefined":23,"s:183:11:186:Infinity":92,"b:183:15:183:35:183:39:183:52":24,"s:184:6:184:Infinity":93,"s:185:6:185:Infinity":94,"b:189:4:191:Infinity:undefined:undefined:undefined:undefined":25,"s:189:4:191:Infinity":95,"b:189:8:189:15:189:19:189:26":26,"s:190:6:190:Infinity":96,"b:190:65:190:79:190:82:190:84":27,"s:194:2:194:Infinity":97,"s:197:2:247:Infinity":98,"s:197:15:197:16":99,"s:198:16:198:Infinity":100,"b:199:4:199:Infinity:undefined:undefined:undefined:undefined":28,"s:199:4:199:Infinity":101,"s:199:24:199:Infinity":102,"s:201:20:201:Infinity":103,"s:202:20:202:Infinity":104,"b:203:4:203:Infinity:undefined:undefined:undefined:undefined":29,"s:203:4:203:Infinity":105,"s:203:18:203:Infinity":106,"s:205:20:205:Infinity":107,"b:208:4:216:Infinity:undefined:undefined:undefined:undefined":30,"s:208:4:216:Infinity":108,"s:209:20:209:Infinity":109,"b:210:6:215:Infinity:undefined:undefined:undefined:undefined":31,"s:210:6:215:Infinity":110,"s:211:8:214:Infinity":111,"b:219:4:222:Infinity:undefined:undefined:undefined:undefined":32,"s:219:4:222:Infinity":112,"s:220:20:220:Infinity":113,"b:221:6:221:Infinity:undefined:undefined:undefined:undefined":33,"s:221:6:221:Infinity":114,"s:221:21:221:Infinity":115,"b:223:4:226:Infinity:undefined:undefined:undefined:undefined":34,"s:223:4:226:Infinity":116,"s:224:20:224:Infinity":117,"b:225:6:225:Infinity:undefined:undefined:undefined:undefined":35,"s:225:6:225:Infinity":118,"s:225:21:225:Infinity":119,"b:227:4:230:Infinity:undefined:undefined:undefined:undefined":36,"s:227:4:230:Infinity":120,"s:228:20:228:Infinity":121,"b:229:6:229:Infinity:undefined:undefined:undefined:undefined":37,"s:229:6:229:Infinity":122,"s:229:21:229:Infinity":123,"b:231:4:234:Infinity:undefined:undefined:undefined:undefined":38,"s:231:4:234:Infinity":124,"s:232:20:232:Infinity":125,"b:233:6:233:Infinity:undefined:undefined:undefined:undefined":39,"s:233:6:233:Infinity":126,"s:233:21:233:Infinity":127,"b:237:4:246:Infinity:undefined:undefined:undefined:undefined":40,"s:237:4:246:Infinity":128,"b:237:8:237:27:237:31:237:44":41,"s:238:24:238:Infinity":129,"s:239:23:239:Infinity":130,"b:240:6:245:Infinity:undefined:undefined:undefined:undefined":42,"s:240:6:245:Infinity":131,"b:240:10:240:23:240:27:240:39":43,"s:241:8:244:Infinity":132,"s:249:2:249:Infinity":133,"f:255:16:255:28":7,"b:256:2:256:Infinity:undefined:undefined:undefined:undefined":44,"s:256:2:256:Infinity":134,"s:256:13:256:Infinity":135,"s:258:2:258:Infinity":136,"f:258:29:258:33":8,"s:258:37:258:70":137,"f:264:16:264:28":9,"s:265:17:268:Infinity":138,"s:270:16:270:Infinity":139,"b:271:2:271:Infinity:undefined:undefined:undefined:undefined":45,"s:271:2:271:Infinity":140,"s:271:26:271:Infinity":141,"s:273:20:273:Infinity":142,"s:274:15:274:Infinity":143,"b:276:2:276:Infinity:undefined:undefined:undefined:undefined":46,"s:276:2:276:Infinity":144,"b:276:6:276:39:276:43:276:54":47,"s:276:56:276:Infinity":145,"s:278:2:278:Infinity":146,"f:284:16:284:44":10,"b:285:2:285:Infinity:undefined:undefined:undefined:undefined":48,"s:285:2:285:Infinity":147,"b:285:6:285:10:285:14:285:37":49,"s:285:39:285:Infinity":148,"s:287:18:287:Infinity":149,"s:288:14:288:Infinity":150,"s:290:2:290:Infinity":151,"b:290:22:290:23:290:26:290:Infinity":50,"f:297:16:297:36":11,"s:298:2:333:Infinity":152,"s:299:4:299:Infinity":153,"s:300:4:300:Infinity":154,"b:303:4:326:Infinity:324:11:326:Infinity":51,"s:303:4:326:Infinity":155,"b:303:8:303:15:303:19:303:41":52,"s:304:6:304:Infinity":156,"s:306:6:323:Infinity":157,"s:306:19:306:20":158,"s:307:23:307:Infinity":159,"s:308:8:308:Infinity":160,"b:308:41:308:54:308:58:308:70":53,"b:310:8:322:Infinity:undefined:undefined:undefined:undefined":54,"s:310:8:322:Infinity":161,"b:310:12:310:24:310:28:310:55":55,"s:311:10:311:Infinity":162,"s:314:25:314:Infinity":163,"b:315:10:321:Infinity:undefined:undefined:undefined:undefined":56,"s:315:10:321:Infinity":164,"b:315:14:315:20:315:24:315:36":57,"s:316:26:316:50":165,"s:317:25:317:Infinity":166,"b:317:25:317:37:317:41:317:Infinity":58,"s:318:12:318:Infinity":167,"s:320:12:320:Infinity":168,"b:324:11:326:Infinity:undefined:undefined:undefined:undefined":59,"s:324:11:326:Infinity":169,"b:324:15:324:22:324:26:324:53":60,"s:325:6:325:Infinity":170,"s:328:4:328:Infinity":171,"s:329:4:329:Infinity":172,"s:331:4:331:Infinity":173,"s:332:4:332:Infinity":174,"f:339:16:339:31":12,"s:340:14:340:Infinity":175,"s:343:22:343:Infinity":176,"b:345:2:347:Infinity:undefined:undefined:undefined:undefined":61,"s:345:2:347:Infinity":177,"s:346:4:346:Infinity":178,"b:348:2:350:Infinity:undefined:undefined:undefined:undefined":62,"s:348:2:350:Infinity":179,"s:349:4:349:Infinity":180,"s:353:2:353:Infinity":181,"f:353:21:353:22":13,"s:353:31:353:59":182,"s:354:24:354:Infinity":183,"s:355:2:357:Infinity":184,"s:356:4:356:Infinity":185,"s:359:21:361:Infinity":186,"f:360:9:360:10":14,"s:360:33:360:52":187,"f:361:12:361:13":15,"s:361:17:361:32":188,"s:364:18:364:Infinity":189,"s:365:24:365:Infinity":190,"b:366:2:372:Infinity:369:9:372:Infinity":63,"s:366:2:372:Infinity":191,"s:367:4:367:Infinity":192,"s:368:4:368:Infinity":193,"b:369:9:372:Infinity:undefined:undefined:undefined:undefined":64,"s:369:9:372:Infinity":194,"s:370:4:370:Infinity":195,"s:371:4:371:Infinity":196,"s:375:26:375:Infinity":197,"b:375:26:375:54:375:58:375:88:375:92:375:Infinity":65,"s:378:27:378:Infinity":198,"b:379:2:383:Infinity:undefined:undefined:undefined:undefined":66,"s:379:2:383:Infinity":199,"s:380:19:380:Infinity":200,"s:381:20:381:Infinity":201,"s:382:4:382:Infinity":202,"s:386:18:386:Infinity":203,"s:387:18:387:Infinity":204,"b:387:18:387:42:387:46:387:Infinity":67,"b:388:2:390:Infinity:undefined:undefined:undefined:undefined":68,"s:388:2:390:Infinity":205,"s:389:4:389:Infinity":206,"s:393:37:393:Infinity":207,"s:394:26:394:Infinity":208,"s:397:27:400:Infinity":209,"f:397:53:397:54":16,"s:397:59:400:3":210,"s:402:20:402:Infinity":211,"s:403:28:405:Infinity":212,"b:404:6:404:Infinity:405:6:405:Infinity":69,"s:407:24:407:47":213,"b:410:2:420:Infinity:undefined:undefined:undefined:undefined":70,"s:410:2:420:Infinity":214,"s:411:4:411:Infinity":215,"s:412:4:412:Infinity":216,"s:413:4:413:Infinity":217,"b:413:38:413:63:413:67:413:72":71,"s:414:4:414:Infinity":218,"b:416:4:419:Infinity:undefined:undefined:undefined:undefined":72,"s:416:4:419:Infinity":219,"s:417:27:417:Infinity":220,"b:417:52:417:142:417:145:417:Infinity":73,"s:418:6:418:Infinity":221,"s:423:23:423:Infinity":222,"b:423:47:423:85:423:88:423:Infinity":74,"s:424:28:456:Infinity":223,"b:426:42:426:58:426:61:426:78":75,"b:429:10:429:Infinity:430:10:430:83":76,"s:458:2:475:Infinity":224,"f:481:9:481:30":17,"s:482:2:482:Infinity":225,"s:485:20:485:37":226,"s:487:2:542:Infinity":227,"f:508:10:508:19":18,"s:508:24:508:66":228,"f:510:10:510:23":19,"s:510:28:510:52":229,"s:551:26:551:Infinity":230,"s:553:17:571:Infinity":231,"f:576:9:576:22":20,"s:577:15:577:Infinity":232,"s:578:18:578:Infinity":233,"s:579:2:579:Infinity":234,"f:591:9:591:31":21,"s:592:16:592:Infinity":235,"f:592:43:592:47":22,"s:592:51:592:69":236,"b:594:2:596:Infinity:undefined:undefined:undefined:undefined":77,"s:594:2:596:Infinity":237,"s:595:4:595:Infinity":238,"s:599:20:599:Infinity":239,"s:602:22:602:Infinity":240,"s:603:2:610:Infinity":241,"s:603:17:603:18":242,"s:604:18:604:Infinity":243,"s:605:18:605:Infinity":244,"b:606:4:609:Infinity:undefined:undefined:undefined:undefined":78,"s:606:4:609:Infinity":245,"s:607:21:607:Infinity":246,"s:608:6:608:Infinity":247,"s:613:23:613:32":248,"s:614:19:614:Infinity":249,"s:616:2:638:Infinity":250,"s:616:17:616:18":251,"s:617:17:617:Infinity":252,"b:618:4:618:Infinity:undefined:undefined:undefined:undefined":79,"s:618:4:618:Infinity":253,"b:618:8:618:16:618:20:618:35":80,"s:618:37:618:Infinity":254,"s:620:17:620:Infinity":255,"b:621:4:621:Infinity:undefined:undefined:undefined:undefined":81,"s:621:4:621:Infinity":256,"s:621:15:621:Infinity":257,"s:623:21:623:Infinity":258,"s:624:4:633:Infinity":259,"s:625:18:625:Infinity":260,"b:626:6:626:Infinity:undefined:undefined:undefined:undefined":82,"s:626:6:626:Infinity":261,"b:626:10:626:14:626:18:626:29:626:33:626:51":83,"s:626:53:626:Infinity":262,"s:628:18:628:Infinity":263,"b:629:6:632:Infinity:undefined:undefined:undefined:undefined":84,"s:629:6:632:Infinity":264,"b:629:10:629:21:629:25:629:34":85,"s:630:8:630:Infinity":265,"s:631:8:631:Infinity":266,"b:635:4:637:Infinity:undefined:undefined:undefined:undefined":86,"s:635:4:637:Infinity":267,"s:636:6:636:Infinity":268,"s:640:2:640:Infinity":269,"f:646:9:646:34":23,"s:647:2:647:Infinity":270,"s:649:2:686:Infinity":271,"f:693:22:693:42":24,"s:694:2:694:Infinity":272,"s:696:2:766:Infinity":273,"s:697:20:697:Infinity":274,"s:698:20:698:Infinity":275,"s:700:4:700:Infinity":276,"s:701:4:701:Infinity":277,"s:703:31:706:Infinity":278,"b:708:4:710:Infinity:undefined:undefined:undefined:undefined":87,"s:708:4:710:Infinity":279,"s:709:6:709:Infinity":280,"b:711:4:713:Infinity:undefined:undefined:undefined:undefined":88,"s:711:4:713:Infinity":281,"s:712:6:712:Infinity":282,"s:715:21:715:Infinity":283,"s:716:21:716:Infinity":284,"s:718:23:718:Infinity":285,"s:719:23:719:Infinity":286,"s:722:23:722:Infinity":287,"b:722:23:722:44:722:48:722:69:722:73:722:Infinity":89,"s:723:26:723:Infinity":288,"s:724:20:724:Infinity":289,"s:727:17:732:Infinity":290,"f:727:46:727:47":25,"s:728:21:728:Infinity":291,"s:729:24:729:Infinity":292,"b:729:24:729:53:729:57:729:Infinity":90,"s:730:
[...]
208,"column":2},"end":{"line":210,"column":null}},"type":"if","locations":[{"start":{"line":208,"column":2},"end":{"line":210,"column":null}},{"start":{},"end":{}}],"line":208},"22":{"loc":{"start":{"line":208,"column":6},"end":{"line":208,"column":79}},"type":"binary-expr","locations":[{"start":{"line":208,"column":6},"end":{"line":208,"column":20}},{"start":{"line":208,"column":24},"end":{"line":208,"column":49}},{"start":{"line":208,"column":53},"end":{"line":208,"column":79}}],"line":208},"23":{"loc":{"start":{"line":211,"column":2},"end":{"line":213,"column":null}},"type":"if","locations":[{"start":{"line":211,"column":2},"end":{"line":213,"column":null}},{"start":{},"end":{}}],"line":211},"24":{"loc":{"start":{"line":211,"column":6},"end":{"line":211,"column":90}},"type":"binary-expr","locations":[{"start":{"line":211,"column":6},"end":{"line":211,"column":21}},{"start":{"line":211,"column":25},"end":{"line":211,"column":55}},{"start":{"line":211,"column":59},"end":{"line":211,"column":90}}],"line":211},"25":{"loc":{"start":{"line":255,"column":27},"end":{"line":255,"column":null}},"type":"binary-expr","locations":[{"start":{"line":255,"column":27},"end":{"line":255,"column":53}},{"start":{"line":255,"column":57},"end":{"line":255,"column":null}}],"line":255},"26":{"loc":{"start":{"line":264,"column":24},"end":{"line":264,"column":null}},"type":"binary-expr","locations":[{"start":{"line":264,"column":24},"end":{"line":264,"column":47}},{"start":{"line":264,"column":51},"end":{"line":264,"column":null}}],"line":264},"27":{"loc":{"start":{"line":274,"column":35},"end":{"line":274,"column":null}},"type":"binary-expr","locations":[{"start":{"line":274,"column":35},"end":{"line":274,"column":69}},{"start":{"line":274,"column":73},"end":{"line":274,"column":null}}],"line":274},"28":{"loc":{"start":{"line":277,"column":2},"end":{"line":281,"column":null}},"type":"if","locations":[{"start":{"line":277,"column":2},"end":{"line":281,"column":null}},{"start":{"line":279,"column":9},"end":{"line":281,"column":null}}],"line":277},"29":{"loc":{"start":{"line":282,"column":103},"end":{"line":282,"column":139}},"type":"cond-expr","locations":[{"start":{"line":282,"column":116},"end":{"line":282,"column":126}},{"start":{"line":282,"column":129},"end":{"line":282,"column":139}}],"line":282},"30":{"loc":{"start":{"line":286,"column":89},"end":{"line":286,"column":125}},"type":"cond-expr","locations":[{"start":{"line":286,"column":102},"end":{"line":286,"column":112}},{"start":{"line":286,"column":115},"end":{"line":286,"column":125}}],"line":286},"31":{"loc":{"start":{"line":287,"column":106},"end":{"line":287,"column":142}},"type":"cond-expr","locations":[{"start":{"line":287,"column":119},"end":{"line":287,"column":129}},{"start":{"line":287,"column":132},"end":{"line":287,"column":142}}],"line":287},"32":{"loc":{"start":{"line":303,"column":28},"end":{"line":305,"column":null}},"type":"cond-expr","locations":[{"start":{"line":304,"column":6},"end":{"line":304,"column":null}},{"start":{"line":305,"column":6},"end":{"line":305,"column":null}}],"line":303},"33":{"loc":{"start":{"line":310,"column":19},"end":{"line":310,"column":null}},"type":"cond-expr","locations":[{"start":{"line":310,"column":32},"end":{"line":310,"column":42}},{"start":{"line":310,"column":45},"end":{"line":310,"column":null}}],"line":310},"34":{"loc":{"start":{"line":311,"column":19},"end":{"line":311,"column":null}},"type":"binary-expr","locations":[{"start":{"line":311,"column":19},"end":{"line":311,"column":33}},{"start":{"line":311,"column":37},"end":{"line":311,"column":null}}],"line":311},"35":{"loc":{"start":{"line":312,"column":19},"end":{"line":314,"column":null}},"type":"cond-expr","locations":[{"start":{"line":313,"column":6},"end":{"line":313,"column":null}},{"start":{"line":314,"column":6},"end":{"line":314,"column":null}}],"line":312},"36":{"loc":{"start":{"line":318,"column":14},"end":{"line":318,"column":121}},"type":"cond-expr","locations":[{"start":{"line":318,"column":27},"end":{"line":318,"column":60}},{"start":{"line":318,"column":63},"end":{"line":318,"column":121}}],"line":318},"37":{"loc":{"start":{"line":322,"column":12},"end":{"line":322,"column":null}},"type":"cond-expr","locations":[{"start":{"line":322,"column":25},"end":{"line":322,"column":61}},{"start":{"line":322,"column":64},"end":{"line":322,"column":null}}],"line":322},"38":{"loc":{"start":{"line":325,"column":14},"end":{"line":325,"column":112}},"type":"cond-expr","locations":[{"start":{"line":325,"column":27},"end":{"line":325,"column":60}},{"start":{"line":325,"column":63},"end":{"line":325,"column":112}}],"line":325},"39":{"loc":{"start":{"line":329,"column":12},"end":{"line":329,"column":null}},"type":"cond-expr","locations":[{"start":{"line":329,"column":25},"end":{"line":329,"column":56}},{"start":{"line":329,"column":59},"end":{"line":329,"column":null}}],"line":329},"40":{"loc":{"start":{"line":342,"column":14},"end":{"line":342,"column":112}},"type":"cond-expr","locations":[{"start":{"line":342,"column":27},"end":{"line":342,"column":60}},{"start":{"line":342,"column":63},"end":{"line":342,"column":112}}],"line":342},"41":{"loc":{"start":{"line":346,"column":12},"end":{"line":346,"column":null}},"type":"cond-expr","locations":[{"start":{"line":346,"column":25},"end":{"line":346,"column":65}},{"start":{"line":346,"column":68},"end":{"line":346,"column":null}}],"line":346},"42":{"loc":{"start":{"line":349,"column":14},"end":{"line":349,"column":112}},"type":"cond-expr","locations":[{"start":{"line":349,"column":27},"end":{"line":349,"column":60}},{"start":{"line":349,"column":63},"end":{"line":349,"column":112}}],"line":349},"43":{"loc":{"start":{"line":353,"column":12},"end":{"line":353,"column":null}},"type":"cond-expr","locations":[{"start":{"line":353,"column":25},"end":{"line":353,"column":71}},{"start":{"line":353,"column":74},"end":{"line":353,"column":null}}],"line":353},"44":{"loc":{"start":{"line":441,"column":2},"end":{"line":456,"column":null}},"type":"if","locations":[{"start":{"line":441,"column":2},"end":{"line":456,"column":null}},{"start":{"line":449,"column":9},"end":{"line":456,"column":null}}],"line":441},"45":{"loc":{"start":{"line":441,"column":6},"end":{"line":441,"column":50}},"type":"binary-expr","locations":[{"start":{"line":441,"column":6},"end":{"line":441,"column":32}},{"start":{"line":441,"column":36},"end":{"line":441,"column":50}}],"line":441}},"s":{"0":1,"1":1,"2":1,"3":1,"4":1,"5":1,"6":1,"7":1,"8":1,"9":1,"10":0,"11":1,"12":1,"13":1,"14":1,"15":0,"16":0,"17":0,"18":1,"19":1,"20":1,"21":1,"22":1,"23":1,"24":1,"25":1,"26":1,"27":1,"28":1,"29":0,"30":0,"31":0,"32":0,"33":0,"34":0,"35":1,"36":1,"37":1,"38":1,"39":1,"40":1,"41":1,"42":1,"43":1,"44":1,"45":1,"46":1,"47":1,"48":1,"49":1,"50":1,"51":1,"52":1,"53":1,"54":1,"55":1,"56":0,"57":1,"58":1,"59":1,"60":1,"61":1,"62":1,"63":6,"64":6,"65":1,"66":1,"67":1,"68":1,"69":1,"70":1,"71":1,"72":1,"73":1,"74":1,"75":1,"76":1,"77":1,"78":0,"79":0,"80":1,"81":1,"82":1,"83":7,"84":7,"85":1,"86":1,"87":1,"88":1,"89":0,"90":1,"91":1,"92":1,"93":1,"94":1,"95":1,"96":1,"97":1,"98":1,"99":1,"100":1,"101":1,"102":1,"103":1,"104":1,"105":0,"106":1,"107":0,"108":1,"109":1,"110":2,"111":2,"112":2,"113":2,"114":2,"115":2,"116":2,"117":2,"118":2,"119":2,"120":2,"121":2,"122":2,"123":2,"124":2,"125":1,"126":1,"127":2,"128":2,"129":2,"130":2,"131":2,"132":2,"133":2,"134":2,"135":2,"136":2,"137":2,"138":2,"139":24,"140":2,"141":2,"142":2,"143":2,"144":2,"145":2,"146":2,"147":2,"148":2,"149":2,"150":2,"151":2,"152":2,"153":2,"154":2,"155":2,"156":2,"157":1,"158":1,"159":1,"160":2},"f":{"0":1,"1":1,"2":0,"3":2,"4":24,"5":2},"b":{"0":[1,0],"1":[0,1],"2":[0,0],"3":[0,1],"4":[1,0],"5":[1,0],"6":[1,0],"7":[1,0,0],"8":[0,1],"9":[6,0],"10":[1,5],"11":[6,1,1],"12":[1,0],"13":[1,0],"14":[1,0],"15":[1,0],"16":[1,0],"17":[1,1,1],"18":[7,5],"19":[1,6],"20":[0,1],"21":[0,1],"22":[1,1,1],"23":[0,1],"24":[1,1,1],"25":[2,1],"26":[2,1],"27":[2,1],"28":[1,1],"29":[1,1],"30":[1,1],"31":[1,1],"32":[2,0],"33":[1,1],"34":[2,1],"35":[1,1],"36":[1,1],"37":[1,1],"38":[1,1],"39":[1,1],"40":[1,1],"41":[1,1],"42":[1,1],"43":[1,1],"44":[1,1],"45":[2,1]},"meta":{"lastBranch":46,"lastFunction":6,"lastStatement":161,"seen":{"s:5:16:5:Infinity":0,"s:6:18:6:Infinity":1,"f:19:22:19:41":0,"s:20:2:20:Infinity":2,"s:21:2:21:Infinity":3,"s:22:2:22:Infinity":4,"s:23:2:23:Infinity":5,"s:24:2:24:Infinity":6,"s:26:17:26:Infinity":7,"s:28:2:32:Infinity":8,"s:29:4:29:Infinity":9,"s:31:4:31:Infinity":10,"b:34:2:42:Infinity:38:9:42:Infinity":0,"s:34:2:42:Infinity":11,"s:35:4:35:Infinity":12,"s:36:4:36:Infinity":13,"s:37:4:37:Infinity":14,"s:39:4:39:Infinity":15,"s:40:4:40:Infinity":16,"s:41:4:41:Infinity":17,"s:44:2:44:Infinity":18,"f:56:22:56:38":1,"s:58:2:58:Infinity":19,"s:59:2:59:Infinity":20,"s:61:23:66:Infinity":21,"s:68:15:68:Infinity":22,"s:69:2:69:Infinity":23,"s:72:2:72:Infinity":24,"s:73:2:73:Infinity":25,"s:75:23:75:Infinity":26,"s:76:16:76:Infinity":27,"b:78:2:87:Infinity:undefined:undefined:undefined:undefined":1,"s:78:2:87:Infinity":28,"s:80:20:80:Infinity":29,"s:81:4:81:Infinity":30,"s:82:4:85:Infinity":31,"f:82:32:82:33":2,"s:83:23:83:Infinity":32,"b:83:23:83:59:83:63:83:Infinity":2,"s:84:6:84:Infinity":33,"s:86:4:86:Infinity":34,"s:90:18:90:Infinity":35,"s:91:19:91:Infinity":36,"b:91:50:91:59:91:62:91:Infinity":3,"s:92:19:92:Infinity":37,"b:92:19:92:59:92:63:92:Infinity":4,"s:94:2:94:Infinity":38,"s:95:2:95:Infinity":39,"s:98:20:98:Infinity":40,"s:99:20:101:Infinity":41,"b:100:6:100:Infinity:101:6:101:Infinity":5,"s:102:21:103:Infinity":42,"s:104:21:106:Infinity":43,"b:105:6:105:Infinity:106:6:106:Infinity":6,"s:108:2:108:Infinity":44,"s:111:2:111:Infinity":45,"s:112:2:112:Infinity":46,"s:114:23:118:Infinity":47,"s:120:17:120:Infinity":48,"s:121:2:121:Infinity":49,"s:124:2:124:Infinity":50,"s:125:2:125:Infinity":51,"s:127:13:127:Infinity":52,"s:128:2:128:Infinity":53,"s:131:20:133:23":54,"b:131:20:131:Infinity:132:7:132:Infinity:133:7:133:23":7,"b:135:2:137:Infinity:undefined:undefined:undefined:undefined":8,"s:135:2:137:Infinity":55,"s:136:4:136:Infinity":56,"s:139:2:139:Infinity":57,"s:141:13:141:Infinity":58,"s:142:15:142:Infinity":59,"s:145:18:145:Infinity":60,"s:146:2:153:Infinity":61,"s:146:15:146:16":62,"s:147:19:147:Infinity":63,"b:147:20:147:27:147:31:147:33":9,"b:148:4:152:Infinity:undefined:undefined:undefined:undefined":10,"s:148:4:152:Infinity":64,"b:148:8:148:36:148:41:148:67:148:71:148:96":11,"s:149:6:149:Infinity":65,"s:150:6:150:Infinity":66,"s:151:6:151:Infinity":67,"b:155:2:172:Infinity:170:9:172:Infinity":12,"s:155:2:172:Infinity":68,"s:156:17:156:Infinity":69,"b:156:24:156:36:156:40:156:42":13,"s:157:17:157:Infinity":70,"b:157:24:157:36:157:40:157:42":14,"s:158:17:158:Infinity":71,"b:158:24:158:36:158:40:158:42":15,"s:160:19:160:Infinity":72,"s:161:19:161:Infinity":73,"s:162:19:162:Infinity":74,"b:164:4:169:Infinity:167:11:169:Infinity":16,"s:164:4:169:Infinity":75,"b:164:8:164:15:164:19:164:26:164:30:164:37":17,"s:165:6:165:Infinity":76,"s:166:6:166:Infinity":77,"s:168:6:168:Infinity":78,"s:171:4:171:Infinity":79,"s:176:17:176:Infinity":80,"s:177:2:184:Infinity":81,"s:177:15:177:16":82,"s:178:22:178:Infinity":83,"b:178:29:178:41:178:45:178:47":18,"b:179:4:183:Infinity:undefined:undefined:undefined:undefined":19,"s:179:4:183:Infinity":84,"s:180:6:180:Infinity":85,"s:181:6:181:Infinity":86,"s:182:6:182:Infinity":87,"b:186:2:188:Infinity:undefined:undefined:undefined:undefined":20,"s:186:2:188:Infinity":88,"s:187:4:187:Infinity":89,"s:191:24:191:35":90,"s:192:25:192:36":91,"s:193:25:193:36":92,"s:194:29:194:40":93,"s:195:28:195:39":94,"s:196:28:196:39":95,"s:198:2:198:Infinity":96,"s:199:2:199:Infinity":97,"s:200:2:200:Infinity":98,"s:201:2:201:Infinity":99,"s:202:2:202:Infinity":100,"s:203:2:203:Infinity":101,"s:204:2:204:Infinity":102,"s:205:2:205:Infinity":103,"b:208:2:210:Infinity:undefined:undefined:undefined:undefined":21,"s:208:2:210:Infinity":104,"b:208:6:208:20:208:24:208:49:208:53:208:79":22,"s:209:4:209:Infinity":105,"b:211:2:213:Infinity:undefined:undefined:undefined:undefined":23,"s:211:2:213:Infinity":106,"b:211:6:211:21:211:25:211:55:211:59:211:90":24,"s:212:4:212:Infinity":107,"s:215:2:226:Infinity":108,"s:233:23:245:Infinity":109,"f:250:16:250:34":3,"s:251:21:251:Infinity":110,"s:252:20:252:Infinity":111,"s:255:27:255:Infinity":112,"b:255:27:255:53:255:57:255:Infinity":25,"s:259:38:259:Infinity":113,"s:261:25:261:Infinity":114,"s:262:24:262:43":115,"s:264:24:264:Infinity":116,"b:264:24:264:47:264:51:264:Infinity":26,"s:265:21:265:Infinity":117,"s:266:21:266:46":118,"s:267:35:267:Infinity":119,"s:269:27:269:Infinity":120,"s:271:30:271:Infinity":121,"s:272:30:272:Infinity":122,"s:274:35:274:Infinity":123,"b:274:35:274:69:274:73:274:Infinity":27,"b:277:2:281:Infinity:279:9:281:Infinity":28,"s:277:2:281:Infinity":124,"s:278:4:278:Infinity":125,"s:280:4:280:Infinity":126,"s:282:2:282:Infinity":127,"b:282:116:282:126:282:129:282:139":29,"s:283:2:283:Infinity":128,"s:284:2:284:Infinity":129,"s:285:2:285:Infinity":130,"s:286:2:286:Infinity":131,"b:286:102:286:112:286:115:286:125":30,"s:287:2:287:Infinity":132,"b:287:119:287:129:287:132:287:142":31,"s:288:2:288:Infinity":133,"s:289:2:289:Infinity":134,"s:290:2:290:Infinity":135,"s:291:2:291:Infinity":136,"s:294:21:294:Infinity":137,"s:297:27:300:Infinity":138,"f:297:42:297:43":4,"s:297:48:300:3":139,"s:302:20:302:Infinity":140,"s:303:28:305:Infinity":141,"b:304:6:304:Infinity:305:6:305:Infinity":32,"s:307:37:307:Infinity":142,"s:310:19:310:Infinity":143,"b:310:32:310:42:310:45:310:Infinity":33,"s:311:19:311:Infinity":144,"b:311:19:311:33:311:37:311:Infinity":34,"s:312:19:314:Infinity":145,"b:313:6:313:Infinity:314:6:314:Infinity":35,"s:316:28:381:Infinity":146,"b:318:27:318:60:318:63:318:121":36,"b:322:25:322:61:322:64:322:Infinity":37,"b:325:27:325:60:325:63:325:112":38,"b:329:25:329:56:329:59:329:Infinity":39,"b:342:27:342:60:342:63:342:112":40,"b:346:25:346:65:346:68:346:Infinity":41,"b:349:27:349:60:349:63:349:112":42,"b:353:25:353:71:353:74:353:Infinity":43,"s:383:17:409:Infinity":147,"s:411:2:411:Infinity":148,"s:412:2:412:Infinity":149,"s:413:2:413:Infinity":150,"s:414:2:414:Infinity":151,"s:415:2:415:Infinity":152,"s:416:2:416:Infinity":153,"s:418:2:418:Infinity":154,"f:425:16:425:35":5,"s:426:21:438:Infinity":155,"b:441:2:456:Infinity:449:9:456:Infinity":44,"s:441:2:456:Infinity":156,"b:441:6:441:32:441:36:441:50":45,"s:443:25:443:Infinity":157,"s:444:4:448:Infinity":158,"s:451:4:455:Infinity":159,"s:458:2:458:Infinity":160}}}
,"/Users/jose/jenarvaezg/cuentas-publicas/src/utils/formatters.ts": {"path":"/Users/jose/jenarvaezg/cuentas-publicas/src/utils/formatters.ts","statementMap":{"0":{"start":{"line":3,"column":2},"end":{"line":6,"column":null}},"1":{"start":{"line":11,"column":2},"end":{"line":16,"column":null}},"2":{"start":{"line":22,"column":19},"end":{"line":22,"column":null}},"3":{"start":{"line":23,"column":15},"end":{"line":23,"column":null}},"4":{"start":{"line":25,"column":2},"end":{"line":37,"column":null}},"5":{"start":{"line":27,"column":4},"end":{"line":27,"column":null}},"6":{"start":{"line":28,"column":2},"end":{"line":37,"column":null}},"7":{"start":{"line":30,"column":4},"end":{"line":30,"column":null}},"8":{"start":{"line":31,"column":2},"end":{"line":37,"column":null}},"9":{"start":{"line":33,"column":4},"end":{"line":33,"column":null}},"10":{"start":{"line":34,"column":2},"end":{"line":37,"column":null}},"11":{"start":{"line":36,"column":4},"end":{"line":36,"column":null}},"12":{"start":{"line":39,"column":2},"end":{"line":39,"column":null}},"13":{"start":{"line":44,"column":2},"end":{"line":48,"column":null}},"14":{"start":{"line":54,"column":23},"end":{"line":54,"column":null}},"15":{"start":{"line":55,"column":2},"end":{"line":58,"column":null}},"16":{"start":{"line":56,"column":30},"end":{"line":56,"column":null}},"17":{"start":{"line":57,"column":4},"end":{"line":57,"column":null}},"18":{"start":{"line":61,"column":2},"end":{"line":70,"column":null}},"19":{"start":{"line":62,"column":20},"end":{"line":62,"column":null}},"20":{"start":{"line":63,"column":4},"end":{"line":67,"column":null}},"21":{"start":{"line":69,"column":4},"end":{"line":69,"column":null}}},"fnMap":{"0":{"name":"formatNumber","decl":{"start":{"line":2,"column":16},"end":{"line":2,"column":29}},"loc":{"start":{"line":2,"column":71},"end":{"line":7,"column":null}},"line":2},"1":{"name":"formatCurrency","decl":{"start":{"line":10,"column":16},"end":{"line":10,"column":31}},"loc":{"start":{"line":10,"column":68},"end":{"line":17,"column":null}},"line":10},"2":{"name":"formatCompact","decl":{"start":{"line":21,"column":16},"end":{"line":21,"column":30}},"loc":{"start":{"line":21,"column":53},"end":{"line":40,"column":null}},"line":21},"3":{"name":"formatPercent","decl":{"start":{"line":43,"column":16},"end":{"line":43,"column":30}},"loc":{"start":{"line":43,"column":53},"end":{"line":49,"column":null}},"line":43},"4":{"name":"formatDate","decl":{"start":{"line":52,"column":16},"end":{"line":52,"column":27}},"loc":{"start":{"line":52,"column":49},"end":{"line":71,"column":null}},"line":52}},"branchMap":{"0":{"loc":{"start":{"line":10,"column":46},"end":{"line":10,"column":68}},"type":"default-arg","locations":[{"start":{"line":10,"column":57},"end":{"line":10,"column":68}}],"line":10},"1":{"loc":{"start":{"line":23,"column":15},"end":{"line":23,"column":null}},"type":"cond-expr","locations":[{"start":{"line":23,"column":27},"end":{"line":23,"column":33}},{"start":{"line":23,"column":33},"end":{"line":23,"column":null}}],"line":23},"2":{"loc":{"start":{"line":25,"column":2},"end":{"line":37,"column":null}},"type":"if","locations":[{"start":{"line":25,"column":2},"end":{"line":37,"column":null}},{"start":{"line":28,"column":2},"end":{"line":37,"column":null}}],"line":25},"3":{"loc":{"start":{"line":28,"column":2},"end":{"line":37,"column":null}},"type":"if","locations":[{"start":{"line":28,"column":2},"end":{"line":37,"column":null}},{"start":{"line":31,"column":2},"end":{"line":37,"column":null}}],"line":28},"4":{"loc":{"start":{"line":31,"column":2},"end":{"line":37,"column":null}},"type":"if","locations":[{"start":{"line":31,"column":2},"end":{"line":37,"column":null}},{"start":{"line":34,"column":2},"end":{"line":37,"column":null}}],"line":31},"5":{"loc":{"start":{"line":34,"column":2},"end":{"line":37,"column":null}},"type":"if","locations":[{"start":{"line":34,"column":2},"end":{"line":37,"column":null}},{"start":{},"end":{}}],"line":34},"6":{"loc":{"start":{"line":55,"column":2},"end":{"line":58,"column":null}},"type":"if","locations":[{"start":{"line":55,"column":2},"end":{"line":58,"column":null}},{"start":{},"end":{}}],"line":55}},"s":{"0":11,"1":7,"2":8,"3":8,"4":8,"5":2,"6":6,"7":2,"8":4,"9":1,"10":3,"11":1,"12":2,"13":4,"14":7,"15":7,"16":4,"17":4,"18":3,"19":3,"20":3,"21":1},"f":{"0":11,"1":7,"2":8,"3":4,"4":7},"b":{"0":[7],"1":[2,6],"2":[2,6],"3":[2,4],"4":[1,3],"5":[1,2],"6":[4,3]},"meta":{"lastBranch":7,"lastFunction":5,"lastStatement":22,"seen":{"f:2:16:2:29":0,"s:3:2:6:Infinity":0,"f:10:16:10:31":1,"b:10:57:10:68":0,"s:11:2:16:Infinity":1,"f:21:16:21:30":2,"s:22:19:22:Infinity":2,"s:23:15:23:Infinity":3,"b:23:27:23:33:23:33:23:Infinity":1,"b:25:2:37:Infinity:28:2:37:Infinity":2,"s:25:2:37:Infinity":4,"s:27:4:27:Infinity":5,"b:28:2:37:Infinity:31:2:37:Infinity":3,"s:28:2:37:Infinity":6,"s:30:4:30:Infinity":7,"b:31:2:37:Infinity:34:2:37:Infinity":4,"s:31:2:37:Infinity":8,"s:33:4:33:Infinity":9,"b:34:2:37:Infinity:undefined:undefined:undefined:undefined":5,"s:34:2:37:Infinity":10,"s:36:4:36:Infinity":11,"s:39:2:39:Infinity":12,"f:43:16:43:30":3,"s:44:2:48:Infinity":13,"f:52:16:52:27":4,"s:54:23:54:Infinity":14,"b:55:2:58:Infinity:undefined:undefined:undefined:undefined":6,"s:55:2:58:Infinity":15,"s:56:30:56:Infinity":16,"s:57:4:57:Infinity":17,"s:61:2:70:Infinity":18,"s:62:20:62:Infinity":19,"s:63:4:67:Infinity":20,"s:69:4:69:Infinity":21}}}
}
